TN:
SF:business-api\controllers\availability.controller.js
FN:18,(anonymous_0)
FN:39,(anonymous_1)
FN:64,(anonymous_2)
FN:90,(anonymous_3)
FNF:4
FNH:4
FNDA:2,(anonymous_0)
FNDA:1,(anonymous_1)
FNDA:2,(anonymous_2)
FNDA:2,(anonymous_3)
DA:8,7
DA:9,7
DA:10,7
DA:11,7
DA:18,7
DA:19,2
DA:21,2
DA:22,1
DA:25,1
DA:27,1
DA:39,7
DA:40,1
DA:41,1
DA:43,1
DA:44,1
DA:46,1
DA:52,1
DA:64,7
DA:65,2
DA:66,2
DA:68,2
DA:70,2
DA:72,2
DA:73,1
DA:80,1
DA:90,7
DA:91,2
DA:93,2
DA:94,1
DA:97,1
DA:99,1
DA:108,7
LF:32
LH:32
BRDA:21,0,0,1
BRDA:21,0,1,1
BRDA:21,1,0,2
BRDA:21,1,1,1
BRDA:43,2,0,1
BRDA:43,2,1,0
BRDA:44,3,0,1
BRDA:44,3,1,0
BRDA:68,4,0,2
BRDA:68,4,1,0
BRDA:72,5,0,1
BRDA:72,5,1,1
BRDA:93,6,0,1
BRDA:93,6,1,1
BRDA:93,7,0,2
BRDA:93,7,1,2
BRDA:93,7,2,2
BRF:17
BRH:14
end_of_record
TN:
SF:business-api\routes\availability.routes.js
FNF:0
FNH:0
DA:8,1
DA:9,1
DA:10,1
DA:11,1
DA:20,1
DA:27,1
DA:34,1
DA:41,1
DA:43,1
LF:9
LH:9
BRF:0
BRH:0
end_of_record
TN:
SF:business-api\services\availability.service.js
FN:20,(anonymous_0)
FN:74,(anonymous_1)
FN:76,(anonymous_2)
FN:86,(anonymous_3)
FN:115,(anonymous_4)
FN:130,(anonymous_5)
FN:153,(anonymous_6)
FN:172,(anonymous_7)
FN:191,(anonymous_8)
FN:233,(anonymous_9)
FN:254,(anonymous_10)
FN:267,(anonymous_11)
FNF:12
FNH:11
FNDA:7,(anonymous_0)
FNDA:1,(anonymous_1)
FNDA:2,(anonymous_2)
FNDA:2,(anonymous_3)
FNDA:2,(anonymous_4)
FNDA:0,(anonymous_5)
FNDA:7,(anonymous_6)
FNDA:4,(anonymous_7)
FNDA:2,(anonymous_8)
FNDA:4,(anonymous_9)
FNDA:3,(anonymous_10)
FNDA:4,(anonymous_11)
DA:8,17
DA:9,17
DA:10,17
DA:11,17
DA:22,7
DA:23,7
DA:24,7
DA:26,7
DA:27,1
DA:31,6
DA:32,6
DA:34,3
DA:35,2
DA:38,1
DA:39,1
DA:49,3
DA:50,3
DA:52,3
DA:53,2
DA:57,1
DA:75,1
DA:76,2
DA:87,2
DA:88,2
DA:90,2
DA:91,14
DA:92,14
DA:93,14
DA:95,14
DA:96,14
DA:97,13
DA:98,2
DA:102,1
DA:106,2
DA:116,2
DA:118,2
DA:119,5
DA:120,5
DA:121,5
DA:123,5
DA:124,5
DA:127,5
DA:128,2
DA:129,2
DA:130,2
DA:131,0
DA:132,0
DA:135,2
DA:136,0
DA:138,3
DA:139,1
DA:142,0
DA:146,1
DA:154,7
DA:161,7
DA:162,1
DA:165,6
DA:173,4
DA:180,4
DA:181,1
DA:184,3
DA:192,2
DA:193,2
DA:194,2
DA:196,2
DA:197,2
DA:200,2
DA:202,2
DA:203,2
DA:205,2
DA:206,6
DA:207,6
DA:208,6
DA:211,6
DA:214,6
DA:215,4
DA:222,6
DA:225,2
DA:235,4
DA:236,4
DA:238,4
DA:249,4
DA:250,1
DA:251,1
DA:254,3
DA:255,3
DA:256,2
DA:257,2
DA:258,2
DA:259,2
DA:268,4
DA:269,4
DA:273,17
LF:93
LH:89
BRDA:26,0,0,1
BRDA:26,0,1,6
BRDA:32,1,0,3
BRDA:32,1,1,3
BRDA:34,2,0,2
BRDA:34,2,1,1
BRDA:34,3,0,3
BRDA:34,3,1,2
BRDA:38,4,0,1
BRDA:38,4,1,0
BRDA:38,5,0,1
BRDA:38,5,1,1
BRDA:52,6,0,2
BRDA:52,6,1,1
BRDA:52,7,0,3
BRDA:52,7,1,2
BRDA:86,8,0,0
BRDA:97,9,0,2
BRDA:97,9,1,11
BRDA:115,10,0,0
BRDA:127,11,0,2
BRDA:127,11,1,3
BRDA:135,12,0,0
BRDA:135,12,1,2
BRDA:138,13,0,1
BRDA:138,13,1,2
BRDA:161,14,0,1
BRDA:161,14,1,6
BRDA:161,15,0,7
BRDA:161,15,1,4
BRDA:180,16,0,1
BRDA:180,16,1,3
BRDA:180,17,0,4
BRDA:180,17,1,2
BRDA:191,18,0,1
BRDA:191,19,0,1
BRDA:194,20,0,2
BRDA:194,20,1,2
BRDA:196,21,0,1
BRDA:196,21,1,1
BRDA:197,22,0,1
BRDA:197,22,1,1
BRDA:211,23,0,6
BRDA:211,23,1,4
BRDA:211,23,2,4
BRDA:211,23,3,2
BRDA:214,24,0,4
BRDA:214,24,1,2
BRDA:214,25,0,6
BRDA:214,25,1,5
BRDA:249,26,0,1
BRDA:249,26,1,3
BRDA:254,27,0,3
BRDA:254,27,1,0
BRDA:255,28,0,1
BRDA:255,28,1,2
BRF:56
BRH:51
end_of_record
