TN:
SF:business-api\controllers\availability.controller.js
FN:18,(anonymous_0)
FN:39,(anonymous_1)
FN:64,(anonymous_2)
FN:90,(anonymous_3)
FNF:4
FNH:4
FNDA:2,(anonymous_0)
FNDA:1,(anonymous_1)
FNDA:2,(anonymous_2)
FNDA:2,(anonymous_3)
DA:8,7
DA:9,7
DA:10,7
DA:11,7
DA:18,7
DA:19,2
DA:21,2
DA:22,1
DA:25,1
DA:27,1
DA:39,7
DA:40,1
DA:41,1
DA:43,1
DA:44,1
DA:46,1
DA:52,1
DA:64,7
DA:65,2
DA:66,2
DA:68,2
DA:70,2
DA:72,2
DA:73,1
DA:80,1
DA:90,7
DA:91,2
DA:93,2
DA:94,1
DA:97,1
DA:99,1
DA:108,7
LF:32
LH:32
BRDA:21,0,0,1
BRDA:21,0,1,1
BRDA:21,1,0,2
BRDA:21,1,1,1
BRDA:43,2,0,1
BRDA:43,2,1,0
BRDA:44,3,0,1
BRDA:44,3,1,0
BRDA:68,4,0,2
BRDA:68,4,1,0
BRDA:72,5,0,1
BRDA:72,5,1,1
BRDA:93,6,0,1
BRDA:93,6,1,1
BRDA:93,7,0,2
BRDA:93,7,1,2
BRDA:93,7,2,2
BRF:17
BRH:14
end_of_record
TN:
SF:business-api\routes\availability.routes.js
FNF:0
FNH:0
DA:8,1
DA:9,1
DA:10,1
DA:11,1
DA:20,1
DA:27,1
DA:34,1
DA:41,1
DA:43,1
LF:9
LH:9
BRF:0
BRH:0
end_of_record
TN:
SF:business-api\services\availability.service.js
FN:20,(anonymous_0)
FN:74,(anonymous_1)
FN:76,(anonymous_2)
FN:86,(anonymous_3)
FN:115,(anonymous_4)
FN:130,(anonymous_5)
FN:153,(anonymous_6)
FN:172,(anonymous_7)
FN:191,(anonymous_8)
FN:233,(anonymous_9)
FN:254,(anonymous_10)
FN:267,(anonymous_11)
FNF:12
FNH:11
FNDA:7,(anonymous_0)
FNDA:1,(anonymous_1)
FNDA:2,(anonymous_2)
FNDA:2,(anonymous_3)
FNDA:2,(anonymous_4)
FNDA:0,(anonymous_5)
FNDA:7,(anonymous_6)
FNDA:4,(anonymous_7)
FNDA:2,(anonymous_8)
FNDA:4,(anonymous_9)
FNDA:3,(anonymous_10)
FNDA:4,(anonymous_11)
DA:8,16
DA:9,16
DA:10,16
DA:11,16
DA:22,7
DA:23,7
DA:24,7
DA:26,7
DA:27,1
DA:31,6
DA:32,6
DA:34,3
DA:35,2
DA:38,1
DA:39,1
DA:49,3
DA:50,3
DA:52,3
DA:53,2
DA:57,1
DA:75,1
DA:76,2
DA:87,2
DA:88,2
DA:90,2
DA:91,14
DA:92,14
DA:93,14
DA:95,14
DA:96,14
DA:97,13
DA:98,2
DA:102,1
DA:106,2
DA:116,2
DA:118,2
DA:119,5
DA:120,5
DA:121,5
DA:123,5
DA:124,5
DA:127,5
DA:128,2
DA:129,2
DA:130,2
DA:131,0
DA:132,0
DA:135,2
DA:136,0
DA:138,3
DA:139,1
DA:142,0
DA:146,1
DA:154,7
DA:161,7
DA:162,1
DA:165,6
DA:173,4
DA:180,4
DA:181,1
DA:184,3
DA:192,2
DA:193,2
DA:194,2
DA:196,2
DA:197,2
DA:200,2
DA:202,2
DA:203,2
DA:205,2
DA:206,6
DA:207,6
DA:208,6
DA:211,6
DA:214,6
DA:215,4
DA:222,6
DA:225,2
DA:235,4
DA:236,4
DA:238,4
DA:249,4
DA:250,1
DA:251,1
DA:254,3
DA:255,3
DA:256,2
DA:257,2
DA:258,2
DA:259,2
DA:268,4
DA:269,4
DA:273,16
LF:93
LH:89
BRDA:26,0,0,1
BRDA:26,0,1,6
BRDA:32,1,0,3
BRDA:32,1,1,3
BRDA:34,2,0,2
BRDA:34,2,1,1
BRDA:34,3,0,3
BRDA:34,3,1,2
BRDA:38,4,0,1
BRDA:38,4,1,0
BRDA:38,5,0,1
BRDA:38,5,1,1
BRDA:52,6,0,2
BRDA:52,6,1,1
BRDA:52,7,0,3
BRDA:52,7,1,2
BRDA:86,8,0,0
BRDA:97,9,0,2
BRDA:97,9,1,11
BRDA:115,10,0,0
BRDA:127,11,0,2
BRDA:127,11,1,3
BRDA:135,12,0,0
BRDA:135,12,1,2
BRDA:138,13,0,1
BRDA:138,13,1,2
BRDA:161,14,0,1
BRDA:161,14,1,6
BRDA:161,15,0,7
BRDA:161,15,1,4
BRDA:180,16,0,1
BRDA:180,16,1,3
BRDA:180,17,0,4
BRDA:180,17,1,2
BRDA:191,18,0,1
BRDA:191,19,0,1
BRDA:194,20,0,2
BRDA:194,20,1,2
BRDA:196,21,0,1
BRDA:196,21,1,1
BRDA:197,22,0,1
BRDA:197,22,1,1
BRDA:211,23,0,6
BRDA:211,23,1,4
BRDA:211,23,2,4
BRDA:211,23,3,2
BRDA:214,24,0,4
BRDA:214,24,1,2
BRDA:214,25,0,6
BRDA:214,25,1,5
BRDA:249,26,0,1
BRDA:249,26,1,3
BRDA:254,27,0,3
BRDA:254,27,1,0
BRDA:255,28,0,1
BRDA:255,28,1,2
BRF:56
BRH:51
end_of_record
TN:
SF:crud-api\controllers\doctor.controller.js
FN:26,(anonymous_0)
FN:55,(anonymous_1)
FN:71,(anonymous_2)
FN:87,(anonymous_3)
FN:99,(anonymous_4)
FN:150,(anonymous_5)
FN:357,(anonymous_6)
FN:391,(anonymous_7)
FN:436,(anonymous_8)
FN:466,(anonymous_9)
FN:483,(anonymous_10)
FN:500,(anonymous_11)
FN:512,(anonymous_12)
FN:529,(anonymous_13)
FNF:14
FNH:14
FNDA:2,(anonymous_0)
FNDA:2,(anonymous_1)
FNDA:1,(anonymous_2)
FNDA:1,(anonymous_3)
FNDA:4,(anonymous_4)
FNDA:7,(anonymous_5)
FNDA:2,(anonymous_6)
FNDA:4,(anonymous_7)
FNDA:2,(anonymous_8)
FNDA:2,(anonymous_9)
FNDA:1,(anonymous_10)
FNDA:1,(anonymous_11)
FNDA:2,(anonymous_12)
FNDA:2,(anonymous_13)
DA:8,33
DA:9,33
DA:10,33
DA:11,33
DA:12,33
DA:13,33
DA:14,33
DA:15,33
DA:16,33
DA:17,33
DA:18,33
DA:19,33
DA:26,33
DA:27,2
DA:28,2
DA:32,2
DA:33,1
DA:39,1
DA:47,2
DA:48,2
DA:55,33
DA:56,2
DA:58,2
DA:60,2
DA:61,1
DA:64,1
DA:71,33
DA:72,1
DA:74,1
DA:76,1
DA:77,0
DA:80,1
DA:87,33
DA:88,1
DA:90,1
DA:92,1
DA:99,33
DA:100,4
DA:103,4
DA:104,1
DA:108,3
DA:109,3
DA:110,1
DA:114,2
DA:115,2
DA:116,1
DA:119,1
DA:128,1
DA:138,1
DA:150,33
DA:161,7
DA:164,7
DA:165,1
DA:169,6
DA:170,1
DA:174,5
DA:180,5
DA:181,1
DA:185,4
DA:188,4
DA:191,4
DA:192,3
DA:193,1
DA:196,2
DA:197,2
DA:198,0
DA:201,2
DA:202,1
DA:217,2
DA:219,0
DA:220,0
DA:223,0
DA:224,0
DA:225,0
DA:228,0
DA:229,0
DA:244,2
DA:245,0
DA:249,2
DA:250,1
DA:253,1
DA:254,1
DA:255,0
DA:259,1
DA:272,1
DA:273,0
DA:277,1
DA:284,1
DA:293,1
DA:294,1
DA:296,1
DA:313,1
DA:315,0
DA:316,0
DA:317,0
DA:319,0
DA:320,0
DA:323,0
DA:327,1
DA:335,1
DA:345,1
DA:357,33
DA:358,2
DA:359,2
DA:361,2
DA:362,2
DA:363,1
DA:366,1
DA:373,1
DA:384,1
DA:391,33
DA:392,4
DA:395,4
DA:396,4
DA:397,1
DA:401,3
DA:402,3
DA:403,1
DA:407,2
DA:408,2
DA:409,2
DA:412,2
DA:420,2
DA:421,1
DA:424,1
DA:436,33
DA:437,2
DA:438,2
DA:440,2
DA:441,2
DA:442,1
DA:446,1
DA:447,1
DA:455,1
DA:459,1
DA:466,33
DA:467,2
DA:469,2
DA:470,2
DA:471,1
DA:474,1
DA:476,1
DA:483,33
DA:484,1
DA:486,1
DA:487,1
DA:488,0
DA:491,1
DA:493,1
DA:500,33
DA:501,1
DA:503,1
DA:505,1
DA:512,33
DA:513,2
DA:515,2
DA:516,2
DA:517,1
DA:520,1
DA:522,1
DA:529,33
DA:530,2
DA:532,2
DA:533,2
DA:534,1
DA:538,1
DA:540,1
DA:544,33
LF:168
LH:149
BRDA:32,0,0,1
BRDA:32,0,1,1
BRDA:60,1,0,1
BRDA:60,1,1,1
BRDA:76,2,0,0
BRDA:76,2,1,1
BRDA:103,3,0,1
BRDA:103,3,1,3
BRDA:103,4,0,4
BRDA:103,4,1,3
BRDA:109,5,0,1
BRDA:109,5,1,2
BRDA:115,6,0,1
BRDA:115,6,1,1
BRDA:159,7,0,1
BRDA:160,8,0,6
BRDA:164,9,0,1
BRDA:164,9,1,6
BRDA:164,10,0,7
BRDA:164,10,1,7
BRDA:164,10,2,6
BRDA:164,10,3,6
BRDA:164,10,4,6
BRDA:169,11,0,1
BRDA:169,11,1,5
BRDA:180,12,0,1
BRDA:180,12,1,4
BRDA:191,13,0,3
BRDA:191,13,1,1
BRDA:191,14,0,4
BRDA:191,14,1,3
BRDA:192,15,0,1
BRDA:192,15,1,2
BRDA:197,16,0,0
BRDA:197,16,1,2
BRDA:201,17,0,1
BRDA:201,17,1,1
BRDA:209,18,0,1
BRDA:209,18,1,0
BRDA:217,19,0,0
BRDA:217,19,1,2
BRDA:217,20,0,2
BRDA:217,20,1,1
BRDA:219,21,0,0
BRDA:219,21,1,0
BRDA:219,22,0,0
BRDA:219,22,1,0
BRDA:224,23,0,0
BRDA:224,23,1,0
BRDA:228,24,0,0
BRDA:228,24,1,0
BRDA:236,25,0,0
BRDA:236,25,1,0
BRDA:244,26,0,0
BRDA:244,26,1,2
BRDA:244,27,0,2
BRDA:244,27,1,1
BRDA:249,28,0,1
BRDA:249,28,1,1
BRDA:249,29,0,2
BRDA:249,29,1,1
BRDA:249,29,2,0
BRDA:250,30,0,1
BRDA:250,30,1,0
BRDA:254,31,0,0
BRDA:254,31,1,1
BRDA:263,32,0,1
BRDA:263,32,1,0
BRDA:264,33,0,1
BRDA:264,33,1,0
BRDA:265,34,0,1
BRDA:265,34,1,0
BRDA:266,35,0,1
BRDA:266,35,1,0
BRDA:272,36,0,0
BRDA:272,36,1,1
BRDA:313,37,0,0
BRDA:313,37,1,1
BRDA:315,38,0,0
BRDA:315,38,1,0
BRDA:316,39,0,0
BRDA:316,39,1,0
BRDA:319,40,0,0
BRDA:319,40,1,0
BRDA:362,41,0,1
BRDA:362,41,1,1
BRDA:396,42,0,1
BRDA:396,42,1,3
BRDA:402,43,0,1
BRDA:402,43,1,2
BRDA:408,44,0,2
BRDA:408,44,1,0
BRDA:408,45,0,2
BRDA:408,45,1,0
BRDA:420,46,0,1
BRDA:420,46,1,1
BRDA:441,47,0,1
BRDA:441,47,1,1
BRDA:446,48,0,1
BRDA:446,48,1,0
BRDA:446,49,0,1
BRDA:446,49,1,0
BRDA:446,49,2,0
BRDA:470,50,0,1
BRDA:470,50,1,1
BRDA:487,51,0,0
BRDA:487,51,1,1
BRDA:516,52,0,1
BRDA:516,52,1,1
BRDA:533,53,0,1
BRDA:533,53,1,1
BRF:111
BRH:75
end_of_record
TN:
SF:crud-api\repositories\doctor.repository.js
FN:11,(anonymous_0)
FN:20,(anonymous_1)
FN:54,(anonymous_2)
FN:98,(anonymous_3)
FN:143,(anonymous_4)
FN:157,(anonymous_5)
FN:206,(anonymous_6)
FN:211,(anonymous_7)
FN:227,(anonymous_8)
FN:236,(anonymous_9)
FN:246,(anonymous_10)
FN:269,(anonymous_11)
FNF:12
FNH:12
FNDA:4,(anonymous_0)
FNDA:2,(anonymous_1)
FNDA:2,(anonymous_2)
FNDA:4,(anonymous_3)
FNDA:2,(anonymous_4)
FNDA:3,(anonymous_5)
FNDA:2,(anonymous_6)
FNDA:2,(anonymous_7)
FNDA:2,(anonymous_8)
FNDA:1,(anonymous_9)
FNDA:10,(anonymous_10)
FNDA:1,(anonymous_11)
DA:8,4
DA:12,4
DA:21,2
DA:42,2
DA:43,1
DA:46,1
DA:55,2
DA:85,2
DA:86,1
DA:89,1
DA:99,4
DA:101,4
DA:126,4
DA:127,2
DA:133,4
DA:134,4
DA:136,4
DA:138,4
DA:139,1
DA:143,3
DA:144,2
DA:145,2
DA:146,2
DA:149,3
DA:158,3
DA:160,3
DA:187,3
DA:188,2
DA:191,3
DA:193,3
DA:194,3
DA:196,3
DA:198,3
DA:199,1
DA:202,2
DA:205,2
DA:206,2
DA:209,2
DA:210,1
DA:211,1
DA:212,2
DA:218,2
DA:228,2
DA:237,1
DA:238,1
DA:247,10
DA:270,1
DA:274,4
LF:48
LH:48
BRDA:42,0,0,1
BRDA:42,0,1,1
BRDA:42,1,0,2
BRDA:42,1,1,1
BRDA:85,2,0,1
BRDA:85,2,1,1
BRDA:85,3,0,2
BRDA:85,3,1,2
BRDA:98,4,0,1
BRDA:99,5,0,2
BRDA:126,6,0,2
BRDA:126,6,1,2
BRDA:133,7,0,1
BRDA:133,7,1,3
BRDA:134,8,0,0
BRDA:134,8,1,4
BRDA:134,9,0,0
BRDA:134,9,1,0
BRDA:138,10,0,1
BRDA:138,10,1,3
BRDA:143,11,0,3
BRDA:143,11,1,0
BRDA:144,12,0,2
BRDA:144,12,1,0
BRDA:145,13,0,2
BRDA:145,13,1,1
BRDA:157,14,0,1
BRDA:158,15,0,1
BRDA:187,16,0,2
BRDA:187,16,1,1
BRDA:193,17,0,1
BRDA:193,17,1,2
BRDA:194,18,0,0
BRDA:194,18,1,3
BRDA:194,19,0,0
BRDA:194,19,1,0
BRDA:198,20,0,1
BRDA:198,20,1,2
BRDA:202,21,0,2
BRDA:202,21,1,0
BRDA:205,22,0,1
BRDA:205,22,1,1
BRDA:209,23,0,1
BRDA:209,23,1,1
BRDA:212,24,0,2
BRDA:212,24,1,1
BRDA:212,24,2,1
BRDA:262,25,0,7
BRDA:262,25,1,3
BRF:49
BRH:40
end_of_record
TN:
SF:crud-api\routes\doctor.routes.js
FNF:0
FNH:0
DA:8,1
DA:9,1
DA:10,1
DA:11,1
DA:19,1
DA:26,1
DA:34,1
DA:41,1
DA:48,1
DA:55,1
DA:62,1
DA:70,1
DA:77,1
DA:84,1
DA:91,1
DA:93,1
LF:16
LH:16
BRF:0
BRH:0
end_of_record
