TN:
SF:crud-api\routes\appointment.routes.js
FNF:0
FNH:0
DA:8,2
DA:9,2
DA:10,2
DA:11,2
DA:14,2
DA:21,2
DA:28,2
DA:35,2
DA:42,2
DA:49,2
DA:56,2
DA:63,2
DA:70,2
DA:77,2
DA:84,2
DA:91,2
DA:98,2
DA:105,2
DA:112,2
DA:114,2
LF:20
LH:20
BRF:0
BRH:0
end_of_record
TN:
SF:external-api\services\reminder.service.js
FN:18,(anonymous_0)
FN:58,(anonymous_1)
FN:118,(anonymous_2)
FN:161,(anonymous_3)
FN:189,(anonymous_4)
FN:205,(anonymous_5)
FN:221,(anonymous_6)
FN:238,(anonymous_7)
FNF:8
FNH:4
FNDA:1,(anonymous_0)
FNDA:2,(anonymous_1)
FNDA:1,(anonymous_2)
FNDA:0,(anonymous_3)
FNDA:0,(anonymous_4)
FNDA:0,(anonymous_5)
FNDA:0,(anonymous_6)
FNDA:1,(anonymous_7)
DA:8,5
DA:9,5
DA:10,5
DA:19,1
DA:20,1
DA:23,1
DA:24,1
DA:26,1
DA:48,1
DA:50,1
DA:59,2
DA:60,2
DA:61,2
DA:62,2
DA:64,2
DA:65,1
DA:66,1
DA:69,1
DA:70,1
DA:71,1
DA:72,1
DA:73,1
DA:75,1
DA:81,1
DA:86,1
DA:99,1
DA:111,1
DA:119,1
DA:125,1
DA:126,2
DA:127,2
DA:128,2
DA:130,2
DA:131,2
DA:133,2
DA:135,2
DA:136,1
DA:137,1
DA:140,0
DA:147,0
DA:154,1
DA:162,0
DA:164,0
DA:180,0
DA:182,0
DA:190,0
DA:196,0
DA:198,0
DA:206,0
DA:213,0
DA:215,0
DA:222,0
DA:227,0
DA:229,0
DA:240,1
DA:241,1
DA:242,1
DA:243,1
DA:245,1
DA:254,1
DA:258,5
LF:61
LH:46
BRDA:18,0,0,0
BRDA:48,1,0,0
BRDA:48,1,1,1
BRDA:50,2,0,1
BRDA:50,2,1,0
BRDA:64,3,0,1
BRDA:64,3,1,1
BRDA:70,4,0,1
BRDA:70,4,1,0
BRDA:70,5,0,1
BRDA:70,5,1,0
BRDA:71,6,0,1
BRDA:71,6,1,0
BRDA:71,7,0,1
BRDA:71,7,1,0
BRDA:71,8,0,1
BRDA:71,8,1,0
BRDA:72,9,0,1
BRDA:72,9,1,0
BRDA:73,10,0,1
BRDA:73,10,1,0
BRDA:73,11,0,1
BRDA:73,11,1,0
BRDA:73,12,0,1
BRDA:73,12,1,0
BRDA:118,13,0,0
BRDA:135,14,0,1
BRDA:135,14,1,1
BRDA:168,15,0,0
BRDA:168,15,1,0
BRDA:180,16,0,0
BRDA:180,16,1,0
BRDA:196,17,0,0
BRDA:196,17,1,0
BRDA:198,18,0,0
BRDA:198,18,1,0
BRDA:213,19,0,0
BRDA:213,19,1,0
BRDA:215,20,0,0
BRDA:215,20,1,0
BRDA:227,21,0,0
BRDA:227,21,1,0
BRDA:229,22,0,0
BRDA:229,22,1,0
BRDA:254,23,0,1
BRDA:254,23,1,1
BRF:46
BRH:17
end_of_record
