TN:
SF:business-api\controllers\scheduling.controller.js
FN:18,(anonymous_0)
FN:36,(anonymous_1)
FN:58,(anonymous_2)
FN:76,(anonymous_3)
FN:88,(anonymous_4)
FN:101,(anonymous_5)
FN:113,(anonymous_6)
FN:125,(anonymous_7)
FN:145,(anonymous_8)
FN:158,(anonymous_9)
FNF:10
FNH:10
FNDA:1,(anonymous_0)
FNDA:2,(anonymous_1)
FNDA:1,(anonymous_2)
FNDA:1,(anonymous_3)
FNDA:1,(anonymous_4)
FNDA:1,(anonymous_5)
FNDA:1,(anonymous_6)
FNDA:1,(anonymous_7)
FNDA:1,(anonymous_8)
FNDA:1,(anonymous_9)
DA:8,6
DA:9,6
DA:10,6
DA:11,6
DA:18,6
DA:19,1
DA:20,1
DA:22,1
DA:29,1
DA:36,6
DA:37,2
DA:38,2
DA:39,2
DA:41,2
DA:42,1
DA:45,1
DA:51,1
DA:58,6
DA:59,1
DA:60,1
DA:61,1
DA:63,1
DA:69,1
DA:76,6
DA:77,1
DA:79,1
DA:81,1
DA:88,6
DA:89,1
DA:90,1
DA:92,1
DA:94,1
DA:101,6
DA:102,1
DA:104,1
DA:106,1
DA:113,6
DA:114,1
DA:116,1
DA:118,1
DA:125,6
DA:126,1
DA:127,1
DA:129,1
DA:130,1
DA:132,1
DA:134,1
DA:145,6
DA:146,1
DA:147,1
DA:149,1
DA:151,1
DA:158,6
DA:159,1
DA:161,1
DA:167,6
LF:56
LH:56
BRDA:41,0,0,1
BRDA:41,0,1,1
BRDA:129,1,0,1
BRDA:129,1,1,1
BRDA:130,2,0,1
BRDA:130,2,1,1
BRF:6
BRH:6
end_of_record
TN:
SF:crud-api\controllers\appointment.controller.js
FN:25,(anonymous_0)
FN:63,(anonymous_1)
FN:78,(anonymous_2)
FN:81,(anonymous_3)
FN:93,(anonymous_4)
FN:113,(anonymous_5)
FN:129,(anonymous_6)
FN:158,(anonymous_7)
FN:170,(anonymous_8)
FN:188,(anonymous_9)
FN:214,(anonymous_10)
FN:254,(anonymous_11)
FN:276,(anonymous_12)
FN:327,(anonymous_13)
FN:394,(anonymous_14)
FN:453,(anonymous_15)
FN:489,(anonymous_16)
FN:526,(anonymous_17)
FN:553,(anonymous_18)
FN:564,(anonymous_19)
FN:593,(anonymous_20)
FN:604,(anonymous_21)
FN:641,(anonymous_22)
FN:716,(anonymous_23)
FNF:24
FNH:21
FNDA:1,(anonymous_0)
FNDA:1,(anonymous_1)
FNDA:1,(anonymous_2)
FNDA:2,(anonymous_3)
FNDA:2,(anonymous_4)
FNDA:1,(anonymous_5)
FNDA:1,(anonymous_6)
FNDA:1,(anonymous_7)
FNDA:1,(anonymous_8)
FNDA:1,(anonymous_9)
FNDA:1,(anonymous_10)
FNDA:0,(anonymous_11)
FNDA:1,(anonymous_12)
FNDA:1,(anonymous_13)
FNDA:1,(anonymous_14)
FNDA:1,(anonymous_15)
FNDA:1,(anonymous_16)
FNDA:1,(anonymous_17)
FNDA:0,(anonymous_18)
FNDA:1,(anonymous_19)
FNDA:0,(anonymous_20)
FNDA:2,(anonymous_21)
FNDA:1,(anonymous_22)
FNDA:1,(anonymous_23)
DA:8,11
DA:9,11
DA:10,11
DA:11,11
DA:12,11
DA:13,11
DA:14,11
DA:15,11
DA:16,11
DA:17,11
DA:18,11
DA:25,11
DA:26,1
DA:27,1
DA:29,1
DA:36,1
DA:37,1
DA:44,1
DA:45,1
DA:46,1
DA:49,1
DA:50,1
DA:52,1
DA:53,1
DA:55,1
DA:56,1
DA:63,11
DA:65,1
DA:71,1
DA:74,1
DA:78,1
DA:81,1
DA:82,2
DA:85,1
DA:93,11
DA:94,2
DA:95,2
DA:97,2
DA:102,2
DA:103,0
DA:106,2
DA:113,11
DA:114,1
DA:115,1
DA:117,1
DA:119,1
DA:126,1
DA:129,1
DA:131,1
DA:132,1
DA:133,1
DA:134,1
DA:135,1
DA:139,1
DA:151,1
DA:158,11
DA:159,1
DA:160,1
DA:162,1
DA:170,1
DA:181,1
DA:188,11
DA:189,1
DA:190,1
DA:193,1
DA:194,1
DA:195,0
DA:198,1
DA:207,1
DA:214,11
DA:221,1
DA:224,1
DA:227,1
DA:228,0
DA:232,1
DA:233,1
DA:234,0
DA:238,1
DA:239,1
DA:240,1
DA:243,1
DA:254,1
DA:255,0
DA:259,1
DA:269,1
DA:276,11
DA:277,1
DA:278,1
DA:280,1
DA:281,1
DA:282,0
DA:286,1
DA:287,0
DA:291,1
DA:292,1
DA:293,1
DA:294,0
DA:296,1
DA:297,0
DA:301,1
DA:308,1
DA:319,1
DA:327,11
DA:328,1
DA:329,1
DA:331,1
DA:332,0
DA:335,1
DA:336,1
DA:337,0
DA:341,1
DA:342,0
DA:345,1
DA:348,1
DA:349,1
DA:350,1
DA:352,1
DA:358,1
DA:360,1
DA:361,1
DA:362,1
DA:363,1
DA:366,0
DA:372,1
DA:383,1
DA:394,11
DA:395,1
DA:396,1
DA:398,1
DA:399,1
DA:400,0
DA:403,1
DA:404,0
DA:407,1
DA:409,1
DA:410,1
DA:411,1
DA:412,0
DA:414,1
DA:417,1
DA:418,1
DA:419,1
DA:420,0
DA:422,1
DA:425,1
DA:426,1
DA:429,1
DA:430,0
DA:433,1
DA:435,1
DA:446,1
DA:453,11
DA:454,1
DA:456,1
DA:457,1
DA:458,0
DA:461,1
DA:462,0
DA:465,1
DA:466,0
DA:469,1
DA:471,1
DA:482,1
DA:489,11
DA:490,1
DA:492,1
DA:493,1
DA:494,0
DA:497,1
DA:498,0
DA:501,1
DA:502,0
DA:505,1
DA:509,1
DA:519,1
DA:526,11
DA:527,1
DA:528,1
DA:530,1
DA:531,1
DA:532,0
DA:535,1
DA:536,0
DA:539,1
DA:541,1
DA:553,1
DA:554,0
DA:557,1
DA:564,11
DA:565,1
DA:566,1
DA:568,1
DA:569,1
DA:570,0
DA:574,1
DA:575,0
DA:578,1
DA:581,1
DA:593,1
DA:594,0
DA:597,1
DA:604,11
DA:605,2
DA:606,2
DA:607,2
DA:609,2
DA:610,2
DA:611,2
DA:615,2
DA:616,1
DA:620,1
DA:621,1
DA:622,1
DA:623,1
DA:632,2
DA:642,1
DA:644,1
DA:650,1
DA:651,0
DA:652,0
DA:656,1
DA:666,1
DA:674,1
DA:677,1
DA:678,1
DA:682,1
DA:683,1
DA:689,1
DA:694,1
DA:705,1
DA:707,0
DA:717,1
DA:719,1
DA:725,1
DA:726,0
DA:727,0
DA:731,1
DA:740,1
DA:743,1
DA:745,1
DA:746,1
DA:752,1
DA:757,1
DA:767,1
DA:769,0
DA:774,11
LF:246
LH:210
BRDA:36,0,0,1
BRDA:36,0,1,0
BRDA:45,1,0,1
BRDA:45,1,1,0
BRDA:49,2,0,1
BRDA:49,2,1,0
BRDA:50,3,0,1
BRDA:50,3,1,0
BRDA:71,4,0,0
BRDA:71,4,1,1
BRDA:78,5,0,1
BRDA:78,5,1,0
BRDA:102,6,0,0
BRDA:102,6,1,2
BRDA:122,7,0,1
BRDA:122,7,1,1
BRDA:123,8,0,1
BRDA:123,8,1,1
BRDA:132,9,0,1
BRDA:132,9,1,0
BRDA:134,10,0,1
BRDA:134,10,1,0
BRDA:141,11,0,1
BRDA:141,11,1,0
BRDA:142,12,0,1
BRDA:142,12,1,0
BRDA:143,13,0,1
BRDA:143,13,1,0
BRDA:144,14,0,1
BRDA:144,14,1,0
BRDA:145,15,0,1
BRDA:145,15,1,0
BRDA:146,16,0,1
BRDA:146,16,1,0
BRDA:165,17,0,1
BRDA:165,17,1,1
BRDA:166,18,0,1
BRDA:166,18,1,1
BRDA:173,19,0,1
BRDA:173,19,1,0
BRDA:174,20,0,1
BRDA:174,20,1,0
BRDA:175,21,0,1
BRDA:175,21,1,0
BRDA:176,22,0,1
BRDA:176,22,1,0
BRDA:177,23,0,1
BRDA:177,23,1,0
BRDA:178,24,0,1
BRDA:178,24,1,0
BRDA:178,24,2,0
BRDA:194,25,0,0
BRDA:194,25,1,1
BRDA:200,26,0,0
BRDA:200,26,1,1
BRDA:203,27,0,1
BRDA:203,27,1,1
BRDA:204,28,0,1
BRDA:204,28,1,1
BRDA:219,29,0,0
BRDA:224,30,0,1
BRDA:224,30,1,1
BRDA:227,31,0,0
BRDA:227,31,1,1
BRDA:227,32,0,1
BRDA:227,32,1,1
BRDA:233,33,0,0
BRDA:233,33,1,1
BRDA:233,34,0,1
BRDA:233,34,1,1
BRDA:249,35,0,1
BRDA:249,35,1,0
BRDA:281,36,0,0
BRDA:281,36,1,1
BRDA:286,37,0,0
BRDA:286,37,1,1
BRDA:291,38,0,1
BRDA:291,38,1,0
BRDA:293,39,0,0
BRDA:293,39,1,1
BRDA:296,40,0,0
BRDA:296,40,1,1
BRDA:331,41,0,0
BRDA:331,41,1,1
BRDA:336,42,0,0
BRDA:336,42,1,1
BRDA:341,43,0,0
BRDA:341,43,1,1
BRDA:349,44,0,1
BRDA:349,44,1,0
BRDA:358,45,0,1
BRDA:358,45,1,0
BRDA:385,46,0,1
BRDA:385,46,1,0
BRDA:387,47,0,1
BRDA:387,47,1,0
BRDA:399,48,0,0
BRDA:399,48,1,1
BRDA:403,49,0,0
BRDA:403,49,1,1
BRDA:409,50,0,1
BRDA:409,50,1,0
BRDA:411,51,0,0
BRDA:411,51,1,1
BRDA:417,52,0,1
BRDA:417,52,1,0
BRDA:419,53,0,0
BRDA:419,53,1,1
BRDA:425,54,0,1
BRDA:425,54,1,0
BRDA:429,55,0,0
BRDA:429,55,1,1
BRDA:457,56,0,0
BRDA:457,56,1,1
BRDA:461,57,0,0
BRDA:461,57,1,1
BRDA:465,58,0,0
BRDA:465,58,1,1
BRDA:493,59,0,0
BRDA:493,59,1,1
BRDA:497,60,0,0
BRDA:497,60,1,1
BRDA:501,61,0,0
BRDA:501,61,1,1
BRDA:531,62,0,0
BRDA:531,62,1,1
BRDA:535,63,0,0
BRDA:535,63,1,1
BRDA:547,64,0,1
BRDA:547,64,1,0
BRDA:548,65,0,1
BRDA:548,65,1,0
BRDA:553,66,0,1
BRDA:553,66,1,0
BRDA:569,67,0,0
BRDA:569,67,1,1
BRDA:574,68,0,0
BRDA:574,68,1,1
BRDA:587,69,0,1
BRDA:587,69,1,0
BRDA:588,70,0,1
BRDA:588,70,1,0
BRDA:593,71,0,1
BRDA:593,71,1,0
BRDA:607,72,0,0
BRDA:607,73,0,0
BRDA:615,74,0,1
BRDA:615,74,1,1
BRDA:620,75,0,1
BRDA:620,75,1,0
BRDA:622,76,0,1
BRDA:622,76,1,0
BRDA:632,77,0,2
BRDA:632,77,1,0
BRDA:650,78,0,0
BRDA:650,78,1,1
BRDA:674,79,0,1
BRDA:674,79,1,0
BRDA:677,80,0,1
BRDA:677,80,1,0
BRDA:678,81,0,1
BRDA:678,81,1,0
BRDA:679,82,0,1
BRDA:679,82,1,0
BRDA:679,83,0,1
BRDA:679,83,1,0
BRDA:725,84,0,0
BRDA:725,84,1,1
BRDA:740,85,0,1
BRDA:740,85,1,0
BRDA:743,86,0,1
BRDA:743,86,1,0
BRF:172
BRH:94
end_of_record
TN:
SF:crud-api\routes\appointment.routes.js
FNF:0
FNH:0
DA:8,2
DA:9,2
DA:10,2
DA:11,2
DA:14,2
DA:21,2
DA:28,2
DA:35,2
DA:42,2
DA:49,2
DA:56,2
DA:63,2
DA:70,2
DA:77,2
DA:84,2
DA:91,2
DA:98,2
DA:105,2
DA:112,2
DA:114,2
LF:20
LH:20
BRF:0
BRH:0
end_of_record
