{"C:\\Users\\Admin\\Downloads\\Pruebas-Software\\Repositorio\\Agendamiento-de-Citas-M-dicas---Grupo-D\\03-Code\\MedicalAppointment\\backend\\business-api\\controllers\\scheduling.controller.js": {"path":"C:\\Users\\Admin\\Downloads\\Pruebas-Software\\Repositorio\\Agendamiento-de-Citas-M-dicas---Grupo-D\\03-Code\\MedicalAppointment\\backend\\business-api\\controllers\\scheduling.controller.js","statementMap":{"0":{"start":{"line":8,"column":26},"end":{"line":8,"column":67}},"1":{"start":{"line":9,"column":24},"end":{"line":9,"column":75}},"2":{"start":{"line":10,"column":25},"end":{"line":10,"column":83}},"3":{"start":{"line":11,"column":28},"end":{"line":11,"column":58}},"4":{"start":{"line":18,"column":20},"end":{"line":30,"column":4}},"5":{"start":{"line":19,"column":51},"end":{"line":19,"column":59}},"6":{"start":{"line":20,"column":28},"end":{"line":20,"column":39}},"7":{"start":{"line":22,"column":19},"end":{"line":27,"column":6}},"8":{"start":{"line":29,"column":4},"end":{"line":29,"column":78}},"9":{"start":{"line":36,"column":26},"end":{"line":52,"column":4}},"10":{"start":{"line":37,"column":30},"end":{"line":37,"column":40}},"11":{"start":{"line":38,"column":32},"end":{"line":38,"column":40}},"12":{"start":{"line":39,"column":19},"end":{"line":39,"column":30}},"13":{"start":{"line":41,"column":4},"end":{"line":43,"column":5}},"14":{"start":{"line":42,"column":6},"end":{"line":42,"column":87}},"15":{"start":{"line":45,"column":19},"end":{"line":49,"column":5}},"16":{"start":{"line":51,"column":4},"end":{"line":51,"column":87}},"17":{"start":{"line":58,"column":22},"end":{"line":70,"column":4}},"18":{"start":{"line":59,"column":30},"end":{"line":59,"column":40}},"19":{"start":{"line":60,"column":23},"end":{"line":60,"column":31}},"20":{"start":{"line":61,"column":19},"end":{"line":61,"column":30}},"21":{"start":{"line":63,"column":19},"end":{"line":67,"column":5}},"22":{"start":{"line":69,"column":4},"end":{"line":69,"column":69}},"23":{"start":{"line":76,"column":23},"end":{"line":82,"column":4}},"24":{"start":{"line":77,"column":30},"end":{"line":77,"column":40}},"25":{"start":{"line":79,"column":19},"end":{"line":79,"column":76}},"26":{"start":{"line":81,"column":4},"end":{"line":81,"column":69}},"27":{"start":{"line":88,"column":22},"end":{"line":95,"column":4}},"28":{"start":{"line":89,"column":30},"end":{"line":89,"column":40}},"29":{"start":{"line":90,"column":23},"end":{"line":90,"column":31}},"30":{"start":{"line":92,"column":19},"end":{"line":92,"column":83}},"31":{"start":{"line":94,"column":4},"end":{"line":94,"column":69}},"32":{"start":{"line":101,"column":25},"end":{"line":107,"column":4}},"33":{"start":{"line":102,"column":30},"end":{"line":102,"column":40}},"34":{"start":{"line":104,"column":19},"end":{"line":104,"column":78}},"35":{"start":{"line":106,"column":4},"end":{"line":106,"column":69}},"36":{"start":{"line":113,"column":15},"end":{"line":119,"column":4}},"37":{"start":{"line":114,"column":30},"end":{"line":114,"column":40}},"38":{"start":{"line":116,"column":19},"end":{"line":116,"column":68}},"39":{"start":{"line":118,"column":4},"end":{"line":118,"column":69}},"40":{"start":{"line":125,"column":24},"end":{"line":139,"column":4}},"41":{"start":{"line":126,"column":25},"end":{"line":126,"column":35}},"42":{"start":{"line":127,"column":35},"end":{"line":127,"column":44}},"43":{"start":{"line":129,"column":18},"end":{"line":129,"column":106}},"44":{"start":{"line":130,"column":16},"end":{"line":130,"column":65}},"45":{"start":{"line":132,"column":23},"end":{"line":132,"column":88}},"46":{"start":{"line":134,"column":4},"end":{"line":138,"column":7}},"47":{"start":{"line":145,"column":29},"end":{"line":152,"column":4}},"48":{"start":{"line":146,"column":30},"end":{"line":146,"column":40}},"49":{"start":{"line":147,"column":22},"end":{"line":147,"column":31}},"50":{"start":{"line":149,"column":19},"end":{"line":149,"column":89}},"51":{"start":{"line":151,"column":4},"end":{"line":151,"column":69}},"52":{"start":{"line":158,"column":28},"end":{"line":164,"column":4}},"53":{"start":{"line":159,"column":18},"end":{"line":159,"column":72}},"54":{"start":{"line":161,"column":4},"end":{"line":163,"column":61}},"55":{"start":{"line":167,"column":0},"end":{"line":167,"column":44}}},"fnMap":{"0":{"name":"(anonymous_0)","decl":{"start":{"line":18,"column":33},"end":{"line":18,"column":34}},"loc":{"start":{"line":18,"column":53},"end":{"line":30,"column":3}},"line":18},"1":{"name":"(anonymous_1)","decl":{"start":{"line":36,"column":39},"end":{"line":36,"column":40}},"loc":{"start":{"line":36,"column":59},"end":{"line":52,"column":3}},"line":36},"2":{"name":"(anonymous_2)","decl":{"start":{"line":58,"column":35},"end":{"line":58,"column":36}},"loc":{"start":{"line":58,"column":55},"end":{"line":70,"column":3}},"line":58},"3":{"name":"(anonymous_3)","decl":{"start":{"line":76,"column":36},"end":{"line":76,"column":37}},"loc":{"start":{"line":76,"column":56},"end":{"line":82,"column":3}},"line":76},"4":{"name":"(anonymous_4)","decl":{"start":{"line":88,"column":35},"end":{"line":88,"column":36}},"loc":{"start":{"line":88,"column":55},"end":{"line":95,"column":3}},"line":88},"5":{"name":"(anonymous_5)","decl":{"start":{"line":101,"column":38},"end":{"line":101,"column":39}},"loc":{"start":{"line":101,"column":58},"end":{"line":107,"column":3}},"line":101},"6":{"name":"(anonymous_6)","decl":{"start":{"line":113,"column":28},"end":{"line":113,"column":29}},"loc":{"start":{"line":113,"column":48},"end":{"line":119,"column":3}},"line":113},"7":{"name":"(anonymous_7)","decl":{"start":{"line":125,"column":37},"end":{"line":125,"column":38}},"loc":{"start":{"line":125,"column":57},"end":{"line":139,"column":3}},"line":125},"8":{"name":"(anonymous_8)","decl":{"start":{"line":145,"column":42},"end":{"line":145,"column":43}},"loc":{"start":{"line":145,"column":62},"end":{"line":152,"column":3}},"line":145},"9":{"name":"(anonymous_9)","decl":{"start":{"line":158,"column":41},"end":{"line":158,"column":42}},"loc":{"start":{"line":158,"column":61},"end":{"line":164,"column":3}},"line":158}},"branchMap":{"0":{"loc":{"start":{"line":41,"column":4},"end":{"line":43,"column":5}},"type":"if","locations":[{"start":{"line":41,"column":4},"end":{"line":43,"column":5}},{"start":{},"end":{}}],"line":41},"1":{"loc":{"start":{"line":129,"column":18},"end":{"line":129,"column":106}},"type":"binary-expr","locations":[{"start":{"line":129,"column":18},"end":{"line":129,"column":27}},{"start":{"line":129,"column":31},"end":{"line":129,"column":106}}],"line":129},"2":{"loc":{"start":{"line":130,"column":16},"end":{"line":130,"column":65}},"type":"binary-expr","locations":[{"start":{"line":130,"column":16},"end":{"line":130,"column":23}},{"start":{"line":130,"column":27},"end":{"line":130,"column":65}}],"line":130}},"s":{"0":6,"1":6,"2":6,"3":6,"4":6,"5":1,"6":1,"7":1,"8":1,"9":6,"10":2,"11":2,"12":2,"13":2,"14":1,"15":1,"16":1,"17":6,"18":1,"19":1,"20":1,"21":1,"22":1,"23":6,"24":1,"25":1,"26":1,"27":6,"28":1,"29":1,"30":1,"31":1,"32":6,"33":1,"34":1,"35":1,"36":6,"37":1,"38":1,"39":1,"40":6,"41":1,"42":1,"43":1,"44":1,"45":1,"46":1,"47":6,"48":1,"49":1,"50":1,"51":1,"52":6,"53":1,"54":1,"55":6},"f":{"0":1,"1":2,"2":1,"3":1,"4":1,"5":1,"6":1,"7":1,"8":1,"9":1},"b":{"0":[1,1],"1":[1,1],"2":[1,1]},"_coverageSchema":"1a1c01bbd47fc00a2c39e90264f33305004495a9","hash":"5bfe5f284e4817672af51acb197b47cfbb13e536"}
,"C:\\Users\\Admin\\Downloads\\Pruebas-Software\\Repositorio\\Agendamiento-de-Citas-M-dicas---Grupo-D\\03-Code\\MedicalAppointment\\backend\\business-api\\services\\billingCalculation.service.js": {"path":"C:\\Users\\Admin\\Downloads\\Pruebas-Software\\Repositorio\\Agendamiento-de-Citas-M-dicas---Grupo-D\\03-Code\\MedicalAppointment\\backend\\business-api\\services\\billingCalculation.service.js","statementMap":{"0":{"start":{"line":10,"column":21},"end":{"line":10,"column":67}},"1":{"start":{"line":11,"column":41},"end":{"line":11,"column":71}},"2":{"start":{"line":12,"column":45},"end":{"line":12,"column":92}},"3":{"start":{"line":18,"column":30},"end":{"line":18,"column":35}},"4":{"start":{"line":23,"column":32},"end":{"line":28,"column":3}},"5":{"start":{"line":41,"column":41},"end":{"line":56,"column":15}},"6":{"start":{"line":58,"column":4},"end":{"line":60,"column":5}},"7":{"start":{"line":59,"column":6},"end":{"line":59,"column":53}},"8":{"start":{"line":63,"column":34},"end":{"line":67,"column":15}},"9":{"start":{"line":70,"column":30},"end":{"line":70,"column":34}},"10":{"start":{"line":71,"column":4},"end":{"line":79,"column":5}},"11":{"start":{"line":72,"column":33},"end":{"line":77,"column":17}},"12":{"start":{"line":78,"column":6},"end":{"line":78,"column":41}},"13":{"start":{"line":81,"column":25},"end":{"line":81,"column":46}},"14":{"start":{"line":84,"column":26},"end":{"line":84,"column":28}},"15":{"start":{"line":85,"column":4},"end":{"line":89,"column":5}},"16":{"start":{"line":86,"column":20},"end":{"line":86,"column":57}},"17":{"start":{"line":87,"column":18},"end":{"line":87,"column":53}},"18":{"start":{"line":88,"column":6},"end":{"line":88,"column":64}},"19":{"start":{"line":92,"column":23},"end":{"line":92,"column":61}},"20":{"start":{"line":93,"column":31},"end":{"line":93,"column":75}},"21":{"start":{"line":96,"column":30},"end":{"line":98,"column":9}},"22":{"start":{"line":101,"column":21},"end":{"line":101,"column":52}},"23":{"start":{"line":102,"column":36},"end":{"line":102,"column":72}},"24":{"start":{"line":103,"column":24},"end":{"line":103,"column":58}},"25":{"start":{"line":105,"column":4},"end":{"line":121,"column":6}},"26":{"start":{"line":130,"column":24},"end":{"line":130,"column":66}},"27":{"start":{"line":133,"column":34},"end":{"line":140,"column":15}},"28":{"start":{"line":143,"column":26},"end":{"line":143,"column":55}},"29":{"start":{"line":146,"column":19},"end":{"line":146,"column":52}},"30":{"start":{"line":149,"column":38},"end":{"line":153,"column":15}},"31":{"start":{"line":155,"column":4},"end":{"line":157,"column":5}},"32":{"start":{"line":156,"column":6},"end":{"line":156,"column":70}},"33":{"start":{"line":161,"column":37},"end":{"line":180,"column":15}},"34":{"start":{"line":182,"column":4},"end":{"line":182,"column":27}},"35":{"start":{"line":182,"column":15},"end":{"line":182,"column":27}},"36":{"start":{"line":184,"column":4},"end":{"line":184,"column":19}},"37":{"start":{"line":194,"column":54},"end":{"line":194,"column":65}},"38":{"start":{"line":197,"column":49},"end":{"line":201,"column":15}},"39":{"start":{"line":203,"column":4},"end":{"line":205,"column":5}},"40":{"start":{"line":204,"column":6},"end":{"line":204,"column":52}},"41":{"start":{"line":207,"column":4},"end":{"line":209,"column":5}},"42":{"start":{"line":208,"column":6},"end":{"line":208,"column":60}},"43":{"start":{"line":211,"column":37},"end":{"line":221,"column":15}},"44":{"start":{"line":223,"column":4},"end":{"line":223,"column":27}},"45":{"start":{"line":223,"column":15},"end":{"line":223,"column":27}},"46":{"start":{"line":225,"column":4},"end":{"line":225,"column":19}},"47":{"start":{"line":235,"column":46},"end":{"line":235,"column":55}},"48":{"start":{"line":237,"column":49},"end":{"line":241,"column":15}},"49":{"start":{"line":243,"column":4},"end":{"line":245,"column":5}},"50":{"start":{"line":244,"column":6},"end":{"line":244,"column":52}},"51":{"start":{"line":247,"column":34},"end":{"line":247,"column":85}},"52":{"start":{"line":251,"column":22},"end":{"line":251,"column":75}},"53":{"start":{"line":253,"column":37},"end":{"line":262,"column":15}},"54":{"start":{"line":264,"column":4},"end":{"line":264,"column":27}},"55":{"start":{"line":264,"column":15},"end":{"line":264,"column":27}},"56":{"start":{"line":266,"column":4},"end":{"line":271,"column":6}},"57":{"start":{"line":280,"column":45},"end":{"line":280,"column":52}},"58":{"start":{"line":282,"column":16},"end":{"line":288,"column":8}},"59":{"start":{"line":290,"column":4},"end":{"line":292,"column":5}},"60":{"start":{"line":291,"column":6},"end":{"line":291,"column":49}},"61":{"start":{"line":293,"column":4},"end":{"line":295,"column":5}},"62":{"start":{"line":294,"column":6},"end":{"line":294,"column":47}},"63":{"start":{"line":297,"column":28},"end":{"line":297,"column":39}},"64":{"start":{"line":299,"column":4},"end":{"line":299,"column":27}},"65":{"start":{"line":299,"column":15},"end":{"line":299,"column":27}},"66":{"start":{"line":301,"column":18},"end":{"line":308,"column":5}},"67":{"start":{"line":310,"column":4},"end":{"line":331,"column":7}},"68":{"start":{"line":311,"column":25},"end":{"line":311,"column":49}},"69":{"start":{"line":312,"column":6},"end":{"line":312,"column":70}},"70":{"start":{"line":314,"column":6},"end":{"line":316,"column":7}},"71":{"start":{"line":315,"column":8},"end":{"line":315,"column":61}},"72":{"start":{"line":317,"column":6},"end":{"line":317,"column":41}},"73":{"start":{"line":318,"column":6},"end":{"line":318,"column":85}},"74":{"start":{"line":320,"column":6},"end":{"line":330,"column":7}},"75":{"start":{"line":322,"column":10},"end":{"line":322,"column":72}},"76":{"start":{"line":323,"column":10},"end":{"line":323,"column":16}},"77":{"start":{"line":325,"column":10},"end":{"line":325,"column":75}},"78":{"start":{"line":326,"column":10},"end":{"line":326,"column":16}},"79":{"start":{"line":328,"column":10},"end":{"line":328,"column":75}},"80":{"start":{"line":329,"column":10},"end":{"line":329,"column":16}},"81":{"start":{"line":333,"column":4},"end":{"line":335,"column":10}},"82":{"start":{"line":337,"column":4},"end":{"line":337,"column":17}},"83":{"start":{"line":346,"column":28},"end":{"line":362,"column":48}},"84":{"start":{"line":364,"column":4},"end":{"line":364,"column":27}},"85":{"start":{"line":364,"column":15},"end":{"line":364,"column":27}},"86":{"start":{"line":368,"column":4},"end":{"line":377,"column":8}},"87":{"start":{"line":368,"column":37},"end":{"line":377,"column":5}},"88":{"start":{"line":389,"column":4},"end":{"line":391,"column":5}},"89":{"start":{"line":390,"column":6},"end":{"line":390,"column":81}},"90":{"start":{"line":394,"column":4},"end":{"line":394,"column":56}},"91":{"start":{"line":401,"column":4},"end":{"line":403,"column":5}},"92":{"start":{"line":402,"column":6},"end":{"line":402,"column":25}},"93":{"start":{"line":404,"column":4},"end":{"line":404,"column":21}},"94":{"start":{"line":411,"column":4},"end":{"line":411,"column":30}},"95":{"start":{"line":411,"column":21},"end":{"line":411,"column":30}},"96":{"start":{"line":413,"column":21},"end":{"line":418,"column":15}},"97":{"start":{"line":420,"column":4},"end":{"line":420,"column":62}},"98":{"start":{"line":424,"column":4},"end":{"line":424,"column":37}},"99":{"start":{"line":424,"column":26},"end":{"line":424,"column":37}},"100":{"start":{"line":426,"column":22},"end":{"line":428,"column":28}},"101":{"start":{"line":428,"column":22},"end":{"line":428,"column":27}},"102":{"start":{"line":431,"column":4},"end":{"line":435,"column":5}},"103":{"start":{"line":432,"column":6},"end":{"line":434,"column":7}},"104":{"start":{"line":433,"column":8},"end":{"line":433,"column":67}},"105":{"start":{"line":438,"column":4},"end":{"line":438,"column":15}},"106":{"start":{"line":442,"column":19},"end":{"line":442,"column":24}},"107":{"start":{"line":443,"column":20},"end":{"line":443,"column":77}},"108":{"start":{"line":446,"column":18},"end":{"line":446,"column":36}},"109":{"start":{"line":447,"column":4},"end":{"line":447,"column":34}},"110":{"start":{"line":448,"column":19},"end":{"line":448,"column":65}},"111":{"start":{"line":450,"column":4},"end":{"line":450,"column":44}},"112":{"start":{"line":458,"column":26},"end":{"line":458,"column":69}},"113":{"start":{"line":459,"column":4},"end":{"line":459,"column":71}},"114":{"start":{"line":463,"column":0},"end":{"line":463,"column":49}}},"fnMap":{"0":{"name":"(anonymous_0)","decl":{"start":{"line":39,"column":2},"end":{"line":39,"column":3}},"loc":{"start":{"line":39,"column":40},"end":{"line":122,"column":3}},"line":39},"1":{"name":"(anonymous_1)","decl":{"start":{"line":129,"column":2},"end":{"line":129,"column":3}},"loc":{"start":{"line":129,"column":45},"end":{"line":185,"column":3}},"line":129},"2":{"name":"(anonymous_2)","decl":{"start":{"line":193,"column":2},"end":{"line":193,"column":3}},"loc":{"start":{"line":193,"column":47},"end":{"line":226,"column":3}},"line":193},"3":{"name":"(anonymous_3)","decl":{"start":{"line":234,"column":2},"end":{"line":234,"column":3}},"loc":{"start":{"line":234,"column":50},"end":{"line":272,"column":3}},"line":234},"4":{"name":"(anonymous_4)","decl":{"start":{"line":279,"column":2},"end":{"line":279,"column":3}},"loc":{"start":{"line":279,"column":43},"end":{"line":338,"column":3}},"line":279},"5":{"name":"(anonymous_5)","decl":{"start":{"line":310,"column":17},"end":{"line":310,"column":18}},"loc":{"start":{"line":310,"column":25},"end":{"line":331,"column":5}},"line":310},"6":{"name":"(anonymous_6)","decl":{"start":{"line":345,"column":2},"end":{"line":345,"column":3}},"loc":{"start":{"line":345,"column":35},"end":{"line":378,"column":3}},"line":345},"7":{"name":"(anonymous_7)","decl":{"start":{"line":368,"column":28},"end":{"line":368,"column":29}},"loc":{"start":{"line":368,"column":37},"end":{"line":377,"column":5}},"line":368},"8":{"name":"(anonymous_8)","decl":{"start":{"line":387,"column":2},"end":{"line":387,"column":3}},"loc":{"start":{"line":387,"column":36},"end":{"line":395,"column":3}},"line":387},"9":{"name":"(anonymous_9)","decl":{"start":{"line":400,"column":2},"end":{"line":400,"column":3}},"loc":{"start":{"line":400,"column":31},"end":{"line":405,"column":3}},"line":400},"10":{"name":"(anonymous_10)","decl":{"start":{"line":410,"column":2},"end":{"line":410,"column":3}},"loc":{"start":{"line":410,"column":42},"end":{"line":421,"column":3}},"line":410},"11":{"name":"(anonymous_11)","decl":{"start":{"line":423,"column":2},"end":{"line":423,"column":3}},"loc":{"start":{"line":423,"column":42},"end":{"line":439,"column":3}},"line":423},"12":{"name":"(anonymous_12)","decl":{"start":{"line":428,"column":12},"end":{"line":428,"column":13}},"loc":{"start":{"line":428,"column":22},"end":{"line":428,"column":27}},"line":428},"13":{"name":"(anonymous_13)","decl":{"start":{"line":441,"column":2},"end":{"line":441,"column":3}},"loc":{"start":{"line":441,"column":27},"end":{"line":451,"column":1}},"line":441},"14":{"name":"(anonymous_14)","decl":{"start":{"line":457,"column":2},"end":{"line":457,"column":3}},"loc":{"start":{"line":457,"column":32},"end":{"line":460,"column":3}},"line":457}},"branchMap":{"0":{"loc":{"start":{"line":58,"column":4},"end":{"line":60,"column":5}},"type":"if","locations":[{"start":{"line":58,"column":4},"end":{"line":60,"column":5}},{"start":{},"end":{}}],"line":58},"1":{"loc":{"start":{"line":58,"column":8},"end":{"line":58,"column":29}},"type":"binary-expr","locations":[{"start":{"line":58,"column":8},"end":{"line":58,"column":13}},{"start":{"line":58,"column":17},"end":{"line":58,"column":29}}],"line":58},"2":{"loc":{"start":{"line":71,"column":4},"end":{"line":79,"column":5}},"type":"if","locations":[{"start":{"line":71,"column":4},"end":{"line":79,"column":5}},{"start":{},"end":{}}],"line":71},"3":{"loc":{"start":{"line":85,"column":4},"end":{"line":89,"column":5}},"type":"if","locations":[{"start":{"line":85,"column":4},"end":{"line":89,"column":5}},{"start":{},"end":{}}],"line":85},"4":{"loc":{"start":{"line":85,"column":8},"end":{"line":85,"column":64}},"type":"binary-expr","locations":[{"start":{"line":85,"column":8},"end":{"line":85,"column":35}},{"start":{"line":85,"column":39},"end":{"line":85,"column":64}}],"line":85},"5":{"loc":{"start":{"line":96,"column":30},"end":{"line":98,"column":9}},"type":"cond-expr","locations":[{"start":{"line":97,"column":8},"end":{"line":97,"column":61}},{"start":{"line":98,"column":8},"end":{"line":98,"column":9}}],"line":96},"6":{"loc":{"start":{"line":120,"column":21},"end":{"line":120,"column":72}},"type":"binary-expr","locations":[{"start":{"line":120,"column":21},"end":{"line":120,"column":59}},{"start":{"line":120,"column":63},"end":{"line":120,"column":72}}],"line":120},"7":{"loc":{"start":{"line":155,"column":4},"end":{"line":157,"column":5}},"type":"if","locations":[{"start":{"line":155,"column":4},"end":{"line":157,"column":5}},{"start":{},"end":{}}],"line":155},"8":{"loc":{"start":{"line":182,"column":4},"end":{"line":182,"column":27}},"type":"if","locations":[{"start":{"line":182,"column":4},"end":{"line":182,"column":27}},{"start":{},"end":{}}],"line":182},"9":{"loc":{"start":{"line":203,"column":4},"end":{"line":205,"column":5}},"type":"if","locations":[{"start":{"line":203,"column":4},"end":{"line":205,"column":5}},{"start":{},"end":{}}],"line":203},"10":{"loc":{"start":{"line":203,"column":8},"end":{"line":203,"column":30}},"type":"binary-expr","locations":[{"start":{"line":203,"column":8},"end":{"line":203,"column":18}},{"start":{"line":203,"column":22},"end":{"line":203,"column":30}}],"line":203},"11":{"loc":{"start":{"line":207,"column":4},"end":{"line":209,"column":5}},"type":"if","locations":[{"start":{"line":207,"column":4},"end":{"line":209,"column":5}},{"start":{},"end":{}}],"line":207},"12":{"loc":{"start":{"line":223,"column":4},"end":{"line":223,"column":27}},"type":"if","locations":[{"start":{"line":223,"column":4},"end":{"line":223,"column":27}},{"start":{},"end":{}}],"line":223},"13":{"loc":{"start":{"line":243,"column":4},"end":{"line":245,"column":5}},"type":"if","locations":[{"start":{"line":243,"column":4},"end":{"line":245,"column":5}},{"start":{},"end":{}}],"line":243},"14":{"loc":{"start":{"line":243,"column":8},"end":{"line":243,"column":30}},"type":"binary-expr","locations":[{"start":{"line":243,"column":8},"end":{"line":243,"column":18}},{"start":{"line":243,"column":22},"end":{"line":243,"column":30}}],"line":243},"15":{"loc":{"start":{"line":251,"column":22},"end":{"line":251,"column":75}},"type":"cond-expr","locations":[{"start":{"line":251,"column":52},"end":{"line":251,"column":58}},{"start":{"line":251,"column":61},"end":{"line":251,"column":75}}],"line":251},"16":{"loc":{"start":{"line":264,"column":4},"end":{"line":264,"column":27}},"type":"if","locations":[{"start":{"line":264,"column":4},"end":{"line":264,"column":27}},{"start":{},"end":{}}],"line":264},"17":{"loc":{"start":{"line":279,"column":29},"end":{"line":279,"column":41}},"type":"default-arg","locations":[{"start":{"line":279,"column":39},"end":{"line":279,"column":41}}],"line":279},"18":{"loc":{"start":{"line":290,"column":4},"end":{"line":292,"column":5}},"type":"if","locations":[{"start":{"line":290,"column":4},"end":{"line":292,"column":5}},{"start":{},"end":{}}],"line":290},"19":{"loc":{"start":{"line":293,"column":4},"end":{"line":295,"column":5}},"type":"if","locations":[{"start":{"line":293,"column":4},"end":{"line":295,"column":5}},{"start":{},"end":{}}],"line":293},"20":{"loc":{"start":{"line":299,"column":4},"end":{"line":299,"column":27}},"type":"if","locations":[{"start":{"line":299,"column":4},"end":{"line":299,"column":27}},{"start":{},"end":{}}],"line":299},"21":{"loc":{"start":{"line":311,"column":25},"end":{"line":311,"column":49}},"type":"binary-expr","locations":[{"start":{"line":311,"column":25},"end":{"line":311,"column":36}},{"start":{"line":311,"column":40},"end":{"line":311,"column":49}}],"line":311},"22":{"loc":{"start":{"line":312,"column":28},"end":{"line":312,"column":69}},"type":"binary-expr","locations":[{"start":{"line":312,"column":28},"end":{"line":312,"column":64}},{"start":{"line":312,"column":68},"end":{"line":312,"column":69}}],"line":312},"23":{"loc":{"start":{"line":314,"column":6},"end":{"line":316,"column":7}},"type":"if","locations":[{"start":{"line":314,"column":6},"end":{"line":316,"column":7}},{"start":{},"end":{}}],"line":314},"24":{"loc":{"start":{"line":318,"column":43},"end":{"line":318,"column":84}},"type":"binary-expr","locations":[{"start":{"line":318,"column":43},"end":{"line":318,"column":79}},{"start":{"line":318,"column":83},"end":{"line":318,"column":84}}],"line":318},"25":{"loc":{"start":{"line":320,"column":6},"end":{"line":330,"column":7}},"type":"switch","locations":[{"start":{"line":321,"column":8},"end":{"line":323,"column":16}},{"start":{"line":324,"column":8},"end":{"line":326,"column":16}},{"start":{"line":327,"column":8},"end":{"line":329,"column":16}}],"line":320},"26":{"loc":{"start":{"line":322,"column":30},"end":{"line":322,"column":71}},"type":"binary-expr","locations":[{"start":{"line":322,"column":30},"end":{"line":322,"column":66}},{"start":{"line":322,"column":70},"end":{"line":322,"column":71}}],"line":322},"27":{"loc":{"start":{"line":325,"column":33},"end":{"line":325,"column":74}},"type":"binary-expr","locations":[{"start":{"line":325,"column":33},"end":{"line":325,"column":69}},{"start":{"line":325,"column":73},"end":{"line":325,"column":74}}],"line":325},"28":{"loc":{"start":{"line":328,"column":33},"end":{"line":328,"column":74}},"type":"binary-expr","locations":[{"start":{"line":328,"column":33},"end":{"line":328,"column":69}},{"start":{"line":328,"column":73},"end":{"line":328,"column":74}}],"line":328},"29":{"loc":{"start":{"line":333,"column":27},"end":{"line":335,"column":9}},"type":"cond-expr","locations":[{"start":{"line":334,"column":8},"end":{"line":334,"column":66}},{"start":{"line":335,"column":8},"end":{"line":335,"column":9}}],"line":333},"30":{"loc":{"start":{"line":364,"column":4},"end":{"line":364,"column":27}},"type":"if","locations":[{"start":{"line":364,"column":4},"end":{"line":364,"column":27}},{"start":{},"end":{}}],"line":364},"31":{"loc":{"start":{"line":368,"column":12},"end":{"line":368,"column":22}},"type":"binary-expr","locations":[{"start":{"line":368,"column":12},"end":{"line":368,"column":16}},{"start":{"line":368,"column":20},"end":{"line":368,"column":22}}],"line":368},"32":{"loc":{"start":{"line":370,"column":14},"end":{"line":370,"column":36}},"type":"binary-expr","locations":[{"start":{"line":370,"column":14},"end":{"line":370,"column":31}},{"start":{"line":370,"column":35},"end":{"line":370,"column":36}}],"line":370},"33":{"loc":{"start":{"line":372,"column":20},"end":{"line":372,"column":104}},"type":"cond-expr","locations":[{"start":{"line":372,"column":34},"end":{"line":372,"column":92}},{"start":{"line":372,"column":95},"end":{"line":372,"column":104}}],"line":372},"34":{"loc":{"start":{"line":374,"column":25},"end":{"line":374,"column":76}},"type":"binary-expr","locations":[{"start":{"line":374,"column":25},"end":{"line":374,"column":70}},{"start":{"line":374,"column":74},"end":{"line":374,"column":76}}],"line":374},"35":{"loc":{"start":{"line":375,"column":24},"end":{"line":375,"column":74}},"type":"binary-expr","locations":[{"start":{"line":375,"column":24},"end":{"line":375,"column":68}},{"start":{"line":375,"column":72},"end":{"line":375,"column":74}}],"line":375},"36":{"loc":{"start":{"line":376,"column":22},"end":{"line":376,"column":73}},"type":"binary-expr","locations":[{"start":{"line":376,"column":22},"end":{"line":376,"column":67}},{"start":{"line":376,"column":71},"end":{"line":376,"column":73}}],"line":376},"37":{"loc":{"start":{"line":389,"column":4},"end":{"line":391,"column":5}},"type":"if","locations":[{"start":{"line":389,"column":4},"end":{"line":391,"column":5}},{"start":{},"end":{}}],"line":389},"38":{"loc":{"start":{"line":401,"column":4},"end":{"line":403,"column":5}},"type":"if","locations":[{"start":{"line":401,"column":4},"end":{"line":403,"column":5}},{"start":{},"end":{}}],"line":401},"39":{"loc":{"start":{"line":411,"column":4},"end":{"line":411,"column":30}},"type":"if","locations":[{"start":{"line":411,"column":4},"end":{"line":411,"column":30}},{"start":{},"end":{}}],"line":411},"40":{"loc":{"start":{"line":420,"column":29},"end":{"line":420,"column":60}},"type":"binary-expr","locations":[{"start":{"line":420,"column":29},"end":{"line":420,"column":54}},{"start":{"line":420,"column":58},"end":{"line":420,"column":60}}],"line":420},"41":{"loc":{"start":{"line":424,"column":4},"end":{"line":424,"column":37}},"type":"if","locations":[{"start":{"line":424,"column":4},"end":{"line":424,"column":37}},{"start":{},"end":{}}],"line":424},"42":{"loc":{"start":{"line":432,"column":6},"end":{"line":434,"column":7}},"type":"if","locations":[{"start":{"line":432,"column":6},"end":{"line":434,"column":7}},{"start":{},"end":{}}],"line":432},"43":{"loc":{"start":{"line":459,"column":11},"end":{"line":459,"column":70}},"type":"cond-expr","locations":[{"start":{"line":459,"column":48},"end":{"line":459,"column":58}},{"start":{"line":459,"column":61},"end":{"line":459,"column":70}}],"line":459}},"s":{"0":2,"1":2,"2":2,"3":2,"4":2,"5":1,"6":1,"7":0,"8":1,"9":1,"10":1,"11":1,"12":1,"13":1,"14":1,"15":1,"16":1,"17":1,"18":1,"19":1,"20":1,"21":1,"22":1,"23":1,"24":1,"25":1,"26":0,"27":0,"28":0,"29":0,"30":0,"31":0,"32":0,"33":0,"34":0,"35":0,"36":0,"37":0,"38":0,"39":0,"40":0,"41":0,"42":0,"43":0,"44":0,"45":0,"46":0,"47":0,"48":0,"49":0,"50":0,"51":0,"52":0,"53":0,"54":0,"55":0,"56":0,"57":0,"58":0,"59":0,"60":0,"61":0,"62":0,"63":0,"64":0,"65":0,"66":0,"67":0,"68":0,"69":0,"70":0,"71":0,"72":0,"73":0,"74":0,"75":0,"76":0,"77":0,"78":0,"79":0,"80":0,"81":0,"82":0,"83":1,"84":1,"85":0,"86":1,"87":1,"88":1,"89":1,"90":0,"91":1,"92":1,"93":0,"94":1,"95":0,"96":1,"97":1,"98":1,"99":0,"100":1,"101":3,"102":1,"103":2,"104":1,"105":0,"106":0,"107":0,"108":0,"109":0,"110":0,"111":0,"112":0,"113":0,"114":2},"f":{"0":1,"1":0,"2":0,"3":0,"4":0,"5":0,"6":1,"7":1,"8":1,"9":1,"10":1,"11":1,"12":3,"13":0,"14":0},"b":{"0":[0,1],"1":[1,1],"2":[1,0],"3":[1,0],"4":[1,1],"5":[1,0],"6":[1,0],"7":[0,0],"8":[0,0],"9":[0,0],"10":[0,0],"11":[0,0],"12":[0,0],"13":[0,0],"14":[0,0],"15":[0,0],"16":[0,0],"17":[0],"18":[0,0],"19":[0,0],"20":[0,0],"21":[0,0],"22":[0,0],"23":[0,0],"24":[0,0],"25":[0,0,0],"26":[0,0],"27":[0,0],"28":[0,0],"29":[0,0],"30":[0,1],"31":[1,0],"32":[1,0],"33":[1,0],"34":[1,0],"35":[1,0],"36":[1,0],"37":[1,0],"38":[1,0],"39":[0,1],"40":[1,0],"41":[0,1],"42":[1,1],"43":[0,0]},"_coverageSchema":"1a1c01bbd47fc00a2c39e90264f33305004495a9","hash":"0eea3288d2e758366b3afc8295a007c69a0b1f23"}
,"C:\\Users\\Admin\\Downloads\\Pruebas-Software\\Repositorio\\Agendamiento-de-Citas-M-dicas---Grupo-D\\03-Code\\MedicalAppointment\\backend\\business-api\\services\\scheduling.service.js": {"path":"C:\\Users\\Admin\\Downloads\\Pruebas-Software\\Repositorio\\Agendamiento-de-Citas-M-dicas---Grupo-D\\03-Code\\MedicalAppointment\\backend\\business-api\\services\\scheduling.service.js","statementMap":{"0":{"start":{"line":8,"column":21},"end":{"line":8,"column":67}},"1":{"start":{"line":9,"column":58},"end":{"line":9,"column":88}},"2":{"start":{"line":10,"column":28},"end":{"line":10,"column":61}},"3":{"start":{"line":11,"column":30},"end":{"line":11,"column":77}},"4":{"start":{"line":12,"column":21},"end":{"line":12,"column":73}},"5":{"start":{"line":21,"column":68},"end":{"line":21,"column":83}},"6":{"start":{"line":24,"column":4},"end":{"line":24,"column":44}},"7":{"start":{"line":27,"column":19},"end":{"line":27,"column":54}},"8":{"start":{"line":28,"column":4},"end":{"line":30,"column":5}},"9":{"start":{"line":29,"column":6},"end":{"line":29,"column":51}},"10":{"start":{"line":33,"column":22},"end":{"line":33,"column":47}},"11":{"start":{"line":34,"column":20},"end":{"line":34,"column":57}},"12":{"start":{"line":35,"column":20},"end":{"line":35,"column":60}},"13":{"start":{"line":38,"column":24},"end":{"line":38,"column":94}},"14":{"start":{"line":39,"column":4},"end":{"line":41,"column":5}},"15":{"start":{"line":40,"column":6},"end":{"line":40,"column":76}},"16":{"start":{"line":44,"column":4},"end":{"line":44,"column":71}},"17":{"start":{"line":47,"column":20},"end":{"line":47,"column":66}},"18":{"start":{"line":50,"column":21},"end":{"line":50,"column":57}},"19":{"start":{"line":53,"column":41},"end":{"line":75,"column":15}},"20":{"start":{"line":77,"column":4},"end":{"line":80,"column":5}},"21":{"start":{"line":78,"column":6},"end":{"line":78,"column":58}},"22":{"start":{"line":79,"column":6},"end":{"line":79,"column":56}},"23":{"start":{"line":83,"column":4},"end":{"line":85,"column":7}},"24":{"start":{"line":84,"column":6},"end":{"line":84,"column":70}},"25":{"start":{"line":87,"column":4},"end":{"line":87,"column":23}},"26":{"start":{"line":98,"column":32},"end":{"line":98,"column":43}},"27":{"start":{"line":101,"column":50},"end":{"line":109,"column":15}},"28":{"start":{"line":111,"column":4},"end":{"line":113,"column":5}},"29":{"start":{"line":112,"column":6},"end":{"line":112,"column":53}},"30":{"start":{"line":116,"column":28},"end":{"line":116,"column":54}},"31":{"start":{"line":117,"column":4},"end":{"line":119,"column":5}},"32":{"start":{"line":118,"column":6},"end":{"line":118,"column":82}},"33":{"start":{"line":122,"column":22},"end":{"line":122,"column":47}},"34":{"start":{"line":123,"column":20},"end":{"line":123,"column":57}},"35":{"start":{"line":124,"column":20},"end":{"line":124,"column":60}},"36":{"start":{"line":127,"column":24},"end":{"line":127,"column":103}},"37":{"start":{"line":128,"column":4},"end":{"line":130,"column":5}},"38":{"start":{"line":129,"column":6},"end":{"line":129,"column":69}},"39":{"start":{"line":133,"column":20},"end":{"line":133,"column":66}},"40":{"start":{"line":137,"column":21},"end":{"line":137,"column":57}},"41":{"start":{"line":140,"column":37},"end":{"line":159,"column":15}},"42":{"start":{"line":161,"column":4},"end":{"line":161,"column":27}},"43":{"start":{"line":161,"column":15},"end":{"line":161,"column":27}},"44":{"start":{"line":164,"column":4},"end":{"line":166,"column":7}},"45":{"start":{"line":165,"column":6},"end":{"line":165,"column":68}},"46":{"start":{"line":168,"column":4},"end":{"line":172,"column":6}},"47":{"start":{"line":183,"column":53},"end":{"line":196,"column":15}},"48":{"start":{"line":198,"column":4},"end":{"line":200,"column":5}},"49":{"start":{"line":199,"column":6},"end":{"line":199,"column":53}},"50":{"start":{"line":203,"column":27},"end":{"line":203,"column":64}},"51":{"start":{"line":204,"column":4},"end":{"line":206,"column":5}},"52":{"start":{"line":205,"column":6},"end":{"line":205,"column":66}},"53":{"start":{"line":209,"column":21},"end":{"line":209,"column":57}},"54":{"start":{"line":213,"column":39},"end":{"line":224,"column":15}},"55":{"start":{"line":226,"column":4},"end":{"line":226,"column":27}},"56":{"start":{"line":226,"column":15},"end":{"line":226,"column":27}},"57":{"start":{"line":229,"column":4},"end":{"line":231,"column":7}},"58":{"start":{"line":230,"column":6},"end":{"line":230,"column":70}},"59":{"start":{"line":233,"column":4},"end":{"line":237,"column":6}},"60":{"start":{"line":246,"column":21},"end":{"line":246,"column":57}},"61":{"start":{"line":248,"column":28},"end":{"line":260,"column":15}},"62":{"start":{"line":262,"column":4},"end":{"line":262,"column":27}},"63":{"start":{"line":262,"column":15},"end":{"line":262,"column":27}},"64":{"start":{"line":263,"column":4},"end":{"line":263,"column":16}},"65":{"start":{"line":272,"column":28},"end":{"line":283,"column":15}},"66":{"start":{"line":285,"column":4},"end":{"line":285,"column":27}},"67":{"start":{"line":285,"column":15},"end":{"line":285,"column":27}},"68":{"start":{"line":286,"column":4},"end":{"line":286,"column":16}},"69":{"start":{"line":295,"column":64},"end":{"line":295,"column":71}},"70":{"start":{"line":297,"column":16},"end":{"line":308,"column":8}},"71":{"start":{"line":310,"column":4},"end":{"line":310,"column":67}},"72":{"start":{"line":310,"column":19},"end":{"line":310,"column":67}},"73":{"start":{"line":311,"column":4},"end":{"line":311,"column":63}},"74":{"start":{"line":311,"column":17},"end":{"line":311,"column":63}},"75":{"start":{"line":312,"column":4},"end":{"line":312,"column":58}},"76":{"start":{"line":312,"column":18},"end":{"line":312,"column":58}},"77":{"start":{"line":313,"column":4},"end":{"line":313,"column":66}},"78":{"start":{"line":313,"column":19},"end":{"line":313,"column":66}},"79":{"start":{"line":314,"column":4},"end":{"line":316,"column":5}},"80":{"start":{"line":318,"column":4},"end":{"line":318,"column":64}},"81":{"start":{"line":320,"column":28},"end":{"line":320,"column":39}},"82":{"start":{"line":322,"column":4},"end":{"line":322,"column":27}},"83":{"start":{"line":322,"column":15},"end":{"line":322,"column":27}},"84":{"start":{"line":325,"column":4},"end":{"line":327,"column":5}},"85":{"start":{"line":326,"column":6},"end":{"line":326,"column":73}},"86":{"start":{"line":326,"column":32},"end":{"line":326,"column":71}},"87":{"start":{"line":329,"column":4},"end":{"line":329,"column":22}},"88":{"start":{"line":335,"column":21},"end":{"line":335,"column":72}},"89":{"start":{"line":336,"column":20},"end":{"line":336,"column":58}},"90":{"start":{"line":336,"column":45},"end":{"line":336,"column":57}},"91":{"start":{"line":338,"column":4},"end":{"line":340,"column":5}},"92":{"start":{"line":339,"column":6},"end":{"line":339,"column":86}},"93":{"start":{"line":344,"column":28},"end":{"line":348,"column":15}},"94":{"start":{"line":350,"column":4},"end":{"line":350,"column":36}},"95":{"start":{"line":350,"column":24},"end":{"line":350,"column":36}},"96":{"start":{"line":351,"column":4},"end":{"line":351,"column":60}},"97":{"start":{"line":351,"column":48},"end":{"line":351,"column":60}},"98":{"start":{"line":353,"column":4},"end":{"line":353,"column":16}},"99":{"start":{"line":357,"column":22},"end":{"line":357,"column":46}},"100":{"start":{"line":358,"column":20},"end":{"line":358,"column":57}},"101":{"start":{"line":359,"column":23},"end":{"line":359,"column":44}},"102":{"start":{"line":360,"column":21},"end":{"line":360,"column":42}},"103":{"start":{"line":362,"column":21},"end":{"line":372,"column":64}},"104":{"start":{"line":375,"column":24},"end":{"line":379,"column":6}},"105":{"start":{"line":376,"column":28},"end":{"line":376,"column":57}},"106":{"start":{"line":377,"column":23},"end":{"line":377,"column":72}},"107":{"start":{"line":378,"column":6},"end":{"line":378,"column":27}},"108":{"start":{"line":381,"column":4},"end":{"line":383,"column":5}},"109":{"start":{"line":382,"column":6},"end":{"line":382,"column":84}},"110":{"start":{"line":387,"column":28},"end":{"line":391,"column":15}},"111":{"start":{"line":393,"column":4},"end":{"line":405,"column":5}},"112":{"start":{"line":395,"column":24},"end":{"line":403,"column":7}},"113":{"start":{"line":404,"column":6},"end":{"line":404,"column":40}},"114":{"start":{"line":407,"column":4},"end":{"line":407,"column":19}},"115":{"start":{"line":416,"column":4},"end":{"line":453,"column":5}},"116":{"start":{"line":417,"column":22},"end":{"line":417,"column":41}},"117":{"start":{"line":418,"column":21},"end":{"line":418,"column":40}},"118":{"start":{"line":419,"column":19},"end":{"line":419,"column":49}},"119":{"start":{"line":421,"column":6},"end":{"line":424,"column":7}},"120":{"start":{"line":422,"column":8},"end":{"line":422,"column":78}},"121":{"start":{"line":423,"column":8},"end":{"line":423,"column":15}},"122":{"start":{"line":426,"column":24},"end":{"line":426,"column":61}},"123":{"start":{"line":427,"column":22},"end":{"line":432,"column":8}},"124":{"start":{"line":433,"column":22},"end":{"line":436,"column":8}},"125":{"start":{"line":438,"column":6},"end":{"line":447,"column":9}},"126":{"start":{"line":449,"column":6},"end":{"line":449,"column":81}},"127":{"start":{"line":451,"column":6},"end":{"line":451,"column":72}},"128":{"start":{"line":463,"column":4},"end":{"line":497,"column":5}},"129":{"start":{"line":464,"column":22},"end":{"line":464,"column":41}},"130":{"start":{"line":465,"column":21},"end":{"line":465,"column":40}},"131":{"start":{"line":467,"column":6},"end":{"line":470,"column":7}},"132":{"start":{"line":468,"column":8},"end":{"line":468,"column":79}},"133":{"start":{"line":469,"column":8},"end":{"line":469,"column":15}},"134":{"start":{"line":472,"column":24},"end":{"line":472,"column":61}},"135":{"start":{"line":473,"column":22},"end":{"line":478,"column":8}},"136":{"start":{"line":479,"column":22},"end":{"line":482,"column":8}},"137":{"start":{"line":484,"column":6},"end":{"line":492,"column":9}},"138":{"start":{"line":494,"column":6},"end":{"line":494,"column":81}},"139":{"start":{"line":496,"column":6},"end":{"line":496,"column":72}},"140":{"start":{"line":508,"column":4},"end":{"line":547,"column":5}},"141":{"start":{"line":509,"column":22},"end":{"line":509,"column":41}},"142":{"start":{"line":510,"column":21},"end":{"line":510,"column":40}},"143":{"start":{"line":511,"column":19},"end":{"line":511,"column":49}},"144":{"start":{"line":513,"column":6},"end":{"line":516,"column":7}},"145":{"start":{"line":514,"column":8},"end":{"line":514,"column":77}},"146":{"start":{"line":515,"column":8},"end":{"line":515,"column":15}},"147":{"start":{"line":518,"column":22},"end":{"line":518,"column":49}},"148":{"start":{"line":519,"column":22},"end":{"line":519,"column":49}},"149":{"start":{"line":521,"column":25},"end":{"line":526,"column":8}},"150":{"start":{"line":521,"column":35},"end":{"line":526,"column":8}},"151":{"start":{"line":527,"column":25},"end":{"line":530,"column":8}},"152":{"start":{"line":527,"column":35},"end":{"line":530,"column":8}},"153":{"start":{"line":532,"column":6},"end":{"line":542,"column":9}},"154":{"start":{"line":544,"column":6},"end":{"line":544,"column":79}},"155":{"start":{"line":546,"column":6},"end":{"line":546,"column":70}},"156":{"start":{"line":556,"column":16},"end":{"line":556,"column":40}},"157":{"start":{"line":557,"column":27},"end":{"line":557,"column":61}},"158":{"start":{"line":558,"column":30},"end":{"line":558,"column":66}},"159":{"start":{"line":559,"column":30},"end":{"line":559,"column":66}},"160":{"start":{"line":561,"column":28},"end":{"line":569,"column":19}},"161":{"start":{"line":571,"column":4},"end":{"line":574,"column":5}},"162":{"start":{"line":572,"column":6},"end":{"line":572,"column":74}},"163":{"start":{"line":573,"column":6},"end":{"line":573,"column":15}},"164":{"start":{"line":576,"column":4},"end":{"line":576,"column":29}},"165":{"start":{"line":580,"column":0},"end":{"line":580,"column":41}}},"fnMap":{"0":{"name":"(anonymous_0)","decl":{"start":{"line":20,"column":2},"end":{"line":20,"column":3}},"loc":{"start":{"line":20,"column":45},"end":{"line":88,"column":3}},"line":20},"1":{"name":"(anonymous_1)","decl":{"start":{"line":83,"column":51},"end":{"line":83,"column":52}},"loc":{"start":{"line":83,"column":58},"end":{"line":85,"column":5}},"line":83},"2":{"name":"(anonymous_2)","decl":{"start":{"line":97,"column":2},"end":{"line":97,"column":3}},"loc":{"start":{"line":97,"column":66},"end":{"line":173,"column":3}},"line":97},"3":{"name":"(anonymous_3)","decl":{"start":{"line":164,"column":88},"end":{"line":164,"column":89}},"loc":{"start":{"line":164,"column":95},"end":{"line":166,"column":5}},"line":164},"4":{"name":"(anonymous_4)","decl":{"start":{"line":182,"column":2},"end":{"line":182,"column":3}},"loc":{"start":{"line":182,"column":57},"end":{"line":238,"column":3}},"line":182},"5":{"name":"(anonymous_5)","decl":{"start":{"line":229,"column":59},"end":{"line":229,"column":60}},"loc":{"start":{"line":229,"column":66},"end":{"line":231,"column":5}},"line":229},"6":{"name":"(anonymous_6)","decl":{"start":{"line":245,"column":2},"end":{"line":245,"column":3}},"loc":{"start":{"line":245,"column":42},"end":{"line":264,"column":3}},"line":245},"7":{"name":"(anonymous_7)","decl":{"start":{"line":271,"column":2},"end":{"line":271,"column":3}},"loc":{"start":{"line":271,"column":38},"end":{"line":287,"column":3}},"line":271},"8":{"name":"(anonymous_8)","decl":{"start":{"line":294,"column":2},"end":{"line":294,"column":3}},"loc":{"start":{"line":294,"column":49},"end":{"line":330,"column":3}},"line":294},"9":{"name":"(anonymous_9)","decl":{"start":{"line":326,"column":25},"end":{"line":326,"column":26}},"loc":{"start":{"line":326,"column":32},"end":{"line":326,"column":71}},"line":326},"10":{"name":"(anonymous_10)","decl":{"start":{"line":334,"column":2},"end":{"line":334,"column":3}},"loc":{"start":{"line":334,"column":26},"end":{"line":341,"column":3}},"line":334},"11":{"name":"(anonymous_11)","decl":{"start":{"line":336,"column":36},"end":{"line":336,"column":37}},"loc":{"start":{"line":336,"column":45},"end":{"line":336,"column":57}},"line":336},"12":{"name":"(anonymous_12)","decl":{"start":{"line":343,"column":2},"end":{"line":343,"column":3}},"loc":{"start":{"line":343,"column":32},"end":{"line":354,"column":3}},"line":343},"13":{"name":"(anonymous_13)","decl":{"start":{"line":356,"column":2},"end":{"line":356,"column":3}},"loc":{"start":{"line":356,"column":57},"end":{"line":384,"column":3}},"line":356},"14":{"name":"(anonymous_14)","decl":{"start":{"line":375,"column":42},"end":{"line":375,"column":43}},"loc":{"start":{"line":375,"column":49},"end":{"line":379,"column":5}},"line":375},"15":{"name":"(anonymous_15)","decl":{"start":{"line":386,"column":2},"end":{"line":386,"column":3}},"loc":{"start":{"line":386,"column":33},"end":{"line":408,"column":3}},"line":386},"16":{"name":"(anonymous_16)","decl":{"start":{"line":415,"column":2},"end":{"line":415,"column":3}},"loc":{"start":{"line":415,"column":44},"end":{"line":454,"column":3}},"line":415},"17":{"name":"(anonymous_17)","decl":{"start":{"line":462,"column":2},"end":{"line":462,"column":3}},"loc":{"start":{"line":462,"column":52},"end":{"line":498,"column":3}},"line":462},"18":{"name":"(anonymous_18)","decl":{"start":{"line":507,"column":2},"end":{"line":507,"column":3}},"loc":{"start":{"line":507,"column":80},"end":{"line":548,"column":3}},"line":507},"19":{"name":"(anonymous_19)","decl":{"start":{"line":521,"column":25},"end":{"line":521,"column":26}},"loc":{"start":{"line":521,"column":35},"end":{"line":526,"column":8}},"line":521},"20":{"name":"(anonymous_20)","decl":{"start":{"line":527,"column":25},"end":{"line":527,"column":26}},"loc":{"start":{"line":527,"column":35},"end":{"line":530,"column":8}},"line":527},"21":{"name":"(anonymous_21)","decl":{"start":{"line":555,"column":2},"end":{"line":555,"column":3}},"loc":{"start":{"line":555,"column":39},"end":{"line":577,"column":3}},"line":555}},"branchMap":{"0":{"loc":{"start":{"line":28,"column":4},"end":{"line":30,"column":5}},"type":"if","locations":[{"start":{"line":28,"column":4},"end":{"line":30,"column":5}},{"start":{},"end":{}}],"line":28},"1":{"loc":{"start":{"line":39,"column":4},"end":{"line":41,"column":5}},"type":"if","locations":[{"start":{"line":39,"column":4},"end":{"line":41,"column":5}},{"start":{},"end":{}}],"line":39},"2":{"loc":{"start":{"line":77,"column":4},"end":{"line":80,"column":5}},"type":"if","locations":[{"start":{"line":77,"column":4},"end":{"line":80,"column":5}},{"start":{},"end":{}}],"line":77},"3":{"loc":{"start":{"line":111,"column":4},"end":{"line":113,"column":5}},"type":"if","locations":[{"start":{"line":111,"column":4},"end":{"line":113,"column":5}},{"start":{},"end":{}}],"line":111},"4":{"loc":{"start":{"line":111,"column":8},"end":{"line":111,"column":31}},"type":"binary-expr","locations":[{"start":{"line":111,"column":8},"end":{"line":111,"column":18}},{"start":{"line":111,"column":22},"end":{"line":111,"column":31}}],"line":111},"5":{"loc":{"start":{"line":117,"column":4},"end":{"line":119,"column":5}},"type":"if","locations":[{"start":{"line":117,"column":4},"end":{"line":119,"column":5}},{"start":{},"end":{}}],"line":117},"6":{"loc":{"start":{"line":128,"column":4},"end":{"line":130,"column":5}},"type":"if","locations":[{"start":{"line":128,"column":4},"end":{"line":130,"column":5}},{"start":{},"end":{}}],"line":128},"7":{"loc":{"start":{"line":161,"column":4},"end":{"line":161,"column":27}},"type":"if","locations":[{"start":{"line":161,"column":4},"end":{"line":161,"column":27}},{"start":{},"end":{}}],"line":161},"8":{"loc":{"start":{"line":198,"column":4},"end":{"line":200,"column":5}},"type":"if","locations":[{"start":{"line":198,"column":4},"end":{"line":200,"column":5}},{"start":{},"end":{}}],"line":198},"9":{"loc":{"start":{"line":198,"column":8},"end":{"line":198,"column":34}},"type":"binary-expr","locations":[{"start":{"line":198,"column":8},"end":{"line":198,"column":18}},{"start":{"line":198,"column":22},"end":{"line":198,"column":34}}],"line":198},"10":{"loc":{"start":{"line":204,"column":4},"end":{"line":206,"column":5}},"type":"if","locations":[{"start":{"line":204,"column":4},"end":{"line":206,"column":5}},{"start":{},"end":{}}],"line":204},"11":{"loc":{"start":{"line":226,"column":4},"end":{"line":226,"column":27}},"type":"if","locations":[{"start":{"line":226,"column":4},"end":{"line":226,"column":27}},{"start":{},"end":{}}],"line":226},"12":{"loc":{"start":{"line":262,"column":4},"end":{"line":262,"column":27}},"type":"if","locations":[{"start":{"line":262,"column":4},"end":{"line":262,"column":27}},{"start":{},"end":{}}],"line":262},"13":{"loc":{"start":{"line":285,"column":4},"end":{"line":285,"column":27}},"type":"if","locations":[{"start":{"line":285,"column":4},"end":{"line":285,"column":27}},{"start":{},"end":{}}],"line":285},"14":{"loc":{"start":{"line":294,"column":35},"end":{"line":294,"column":47}},"type":"default-arg","locations":[{"start":{"line":294,"column":45},"end":{"line":294,"column":47}}],"line":294},"15":{"loc":{"start":{"line":310,"column":4},"end":{"line":310,"column":67}},"type":"if","locations":[{"start":{"line":310,"column":4},"end":{"line":310,"column":67}},{"start":{},"end":{}}],"line":310},"16":{"loc":{"start":{"line":311,"column":4},"end":{"line":311,"column":63}},"type":"if","locations":[{"start":{"line":311,"column":4},"end":{"line":311,"column":63}},{"start":{},"end":{}}],"line":311},"17":{"loc":{"start":{"line":312,"column":4},"end":{"line":312,"column":58}},"type":"if","locations":[{"start":{"line":312,"column":4},"end":{"line":312,"column":58}},{"start":{},"end":{}}],"line":312},"18":{"loc":{"start":{"line":313,"column":4},"end":{"line":313,"column":66}},"type":"if","locations":[{"start":{"line":313,"column":4},"end":{"line":313,"column":66}},{"start":{},"end":{}}],"line":313},"19":{"loc":{"start":{"line":314,"column":4},"end":{"line":316,"column":5}},"type":"if","locations":[{"start":{"line":314,"column":4},"end":{"line":316,"column":5}},{"start":{},"end":{}}],"line":314},"20":{"loc":{"start":{"line":322,"column":4},"end":{"line":322,"column":27}},"type":"if","locations":[{"start":{"line":322,"column":4},"end":{"line":322,"column":27}},{"start":{},"end":{}}],"line":322},"21":{"loc":{"start":{"line":325,"column":4},"end":{"line":327,"column":5}},"type":"if","locations":[{"start":{"line":325,"column":4},"end":{"line":327,"column":5}},{"start":{},"end":{}}],"line":325},"22":{"loc":{"start":{"line":325,"column":8},"end":{"line":325,"column":22}},"type":"binary-expr","locations":[{"start":{"line":325,"column":8},"end":{"line":325,"column":14}},{"start":{"line":325,"column":18},"end":{"line":325,"column":22}}],"line":325},"23":{"loc":{"start":{"line":329,"column":11},"end":{"line":329,"column":21}},"type":"binary-expr","locations":[{"start":{"line":329,"column":11},"end":{"line":329,"column":15}},{"start":{"line":329,"column":19},"end":{"line":329,"column":21}}],"line":329},"24":{"loc":{"start":{"line":338,"column":4},"end":{"line":340,"column":5}},"type":"if","locations":[{"start":{"line":338,"column":4},"end":{"line":340,"column":5}},{"start":{},"end":{}}],"line":338},"25":{"loc":{"start":{"line":350,"column":4},"end":{"line":350,"column":36}},"type":"if","locations":[{"start":{"line":350,"column":4},"end":{"line":350,"column":36}},{"start":{},"end":{}}],"line":350},"26":{"loc":{"start":{"line":350,"column":8},"end":{"line":350,"column":22}},"type":"binary-expr","locations":[{"start":{"line":350,"column":8},"end":{"line":350,"column":13}},{"start":{"line":350,"column":17},"end":{"line":350,"column":22}}],"line":350},"27":{"loc":{"start":{"line":351,"column":4},"end":{"line":351,"column":60}},"type":"if","locations":[{"start":{"line":351,"column":4},"end":{"line":351,"column":60}},{"start":{},"end":{}}],"line":351},"28":{"loc":{"start":{"line":351,"column":8},"end":{"line":351,"column":46}},"type":"binary-expr","locations":[{"start":{"line":351,"column":8},"end":{"line":351,"column":20}},{"start":{"line":351,"column":24},"end":{"line":351,"column":46}}],"line":351},"29":{"loc":{"start":{"line":375,"column":25},"end":{"line":375,"column":35}},"type":"binary-expr","locations":[{"start":{"line":375,"column":25},"end":{"line":375,"column":29}},{"start":{"line":375,"column":33},"end":{"line":375,"column":35}}],"line":375},"30":{"loc":{"start":{"line":381,"column":4},"end":{"line":383,"column":5}},"type":"if","locations":[{"start":{"line":381,"column":4},"end":{"line":383,"column":5}},{"start":{},"end":{}}],"line":381},"31":{"loc":{"start":{"line":393,"column":4},"end":{"line":405,"column":5}},"type":"if","locations":[{"start":{"line":393,"column":4},"end":{"line":405,"column":5}},{"start":{},"end":{}}],"line":393},"32":{"loc":{"start":{"line":393,"column":8},"end":{"line":393,"column":22}},"type":"binary-expr","locations":[{"start":{"line":393,"column":8},"end":{"line":393,"column":13}},{"start":{"line":393,"column":17},"end":{"line":393,"column":22}}],"line":393},"33":{"loc":{"start":{"line":404,"column":13},"end":{"line":404,"column":39}},"type":"binary-expr","locations":[{"start":{"line":404,"column":13},"end":{"line":404,"column":34}},{"start":{"line":404,"column":38},"end":{"line":404,"column":39}}],"line":404},"34":{"loc":{"start":{"line":421,"column":6},"end":{"line":424,"column":7}},"type":"if","locations":[{"start":{"line":421,"column":6},"end":{"line":424,"column":7}},{"start":{},"end":{}}],"line":421},"35":{"loc":{"start":{"line":441,"column":20},"end":{"line":441,"column":109}},"type":"binary-expr","locations":[{"start":{"line":441,"column":20},"end":{"line":441,"column":97}},{"start":{"line":441,"column":101},"end":{"line":441,"column":109}}],"line":441},"36":{"loc":{"start":{"line":441,"column":23},"end":{"line":441,"column":54}},"type":"binary-expr","locations":[{"start":{"line":441,"column":23},"end":{"line":441,"column":48}},{"start":{"line":441,"column":52},"end":{"line":441,"column":54}}],"line":441},"37":{"loc":{"start":{"line":441,"column":58},"end":{"line":441,"column":88}},"type":"binary-expr","locations":[{"start":{"line":441,"column":58},"end":{"line":441,"column":82}},{"start":{"line":441,"column":86},"end":{"line":441,"column":88}}],"line":441},"38":{"loc":{"start":{"line":442,"column":19},"end":{"line":442,"column":66}},"type":"binary-expr","locations":[{"start":{"line":442,"column":19},"end":{"line":442,"column":44}},{"start":{"line":442,"column":48},"end":{"line":442,"column":66}}],"line":442},"39":{"loc":{"start":{"line":445,"column":14},"end":{"line":445,"column":81}},"type":"cond-expr","locations":[{"start":{"line":445,"column":21},"end":{"line":445,"column":74}},{"start":{"line":445,"column":77},"end":{"line":445,"column":81}}],"line":445},"40":{"loc":{"start":{"line":445,"column":24},"end":{"line":445,"column":39}},"type":"binary-expr","locations":[{"start":{"line":445,"column":24},"end":{"line":445,"column":33}},{"start":{"line":445,"column":37},"end":{"line":445,"column":39}}],"line":445},"41":{"loc":{"start":{"line":445,"column":43},"end":{"line":445,"column":65}},"type":"binary-expr","locations":[{"start":{"line":445,"column":43},"end":{"line":445,"column":59}},{"start":{"line":445,"column":63},"end":{"line":445,"column":65}}],"line":445},"42":{"loc":{"start":{"line":467,"column":6},"end":{"line":470,"column":7}},"type":"if","locations":[{"start":{"line":467,"column":6},"end":{"line":470,"column":7}},{"start":{},"end":{}}],"line":467},"43":{"loc":{"start":{"line":487,"column":20},"end":{"line":487,"column":109}},"type":"binary-expr","locations":[{"start":{"line":487,"column":20},"end":{"line":487,"column":97}},{"start":{"line":487,"column":101},"end":{"line":487,"column":109}}],"line":487},"44":{"loc":{"start":{"line":487,"column":23},"end":{"line":487,"column":54}},"type":"binary-expr","locations":[{"start":{"line":487,"column":23},"end":{"line":487,"column":48}},{"start":{"line":487,"column":52},"end":{"line":487,"column":54}}],"line":487},"45":{"loc":{"start":{"line":487,"column":58},"end":{"line":487,"column":88}},"type":"binary-expr","locations":[{"start":{"line":487,"column":58},"end":{"line":487,"column":82}},{"start":{"line":487,"column":86},"end":{"line":487,"column":88}}],"line":487},"46":{"loc":{"start":{"line":488,"column":19},"end":{"line":488,"column":66}},"type":"binary-expr","locations":[{"start":{"line":488,"column":19},"end":{"line":488,"column":44}},{"start":{"line":488,"column":48},"end":{"line":488,"column":66}}],"line":488},"47":{"loc":{"start":{"line":513,"column":6},"end":{"line":516,"column":7}},"type":"if","locations":[{"start":{"line":513,"column":6},"end":{"line":516,"column":7}},{"start":{},"end":{}}],"line":513},"48":{"loc":{"start":{"line":535,"column":20},"end":{"line":535,"column":109}},"type":"binary-expr","locations":[{"start":{"line":535,"column":20},"end":{"line":535,"column":97}},{"start":{"line":535,"column":101},"end":{"line":535,"column":109}}],"line":535},"49":{"loc":{"start":{"line":535,"column":23},"end":{"line":535,"column":54}},"type":"binary-expr","locations":[{"start":{"line":535,"column":23},"end":{"line":535,"column":48}},{"start":{"line":535,"column":52},"end":{"line":535,"column":54}}],"line":535},"50":{"loc":{"start":{"line":535,"column":58},"end":{"line":535,"column":88}},"type":"binary-expr","locations":[{"start":{"line":535,"column":58},"end":{"line":535,"column":82}},{"start":{"line":535,"column":86},"end":{"line":535,"column":88}}],"line":535},"51":{"loc":{"start":{"line":536,"column":19},"end":{"line":536,"column":66}},"type":"binary-expr","locations":[{"start":{"line":536,"column":19},"end":{"line":536,"column":44}},{"start":{"line":536,"column":48},"end":{"line":536,"column":66}}],"line":536},"52":{"loc":{"start":{"line":541,"column":14},"end":{"line":541,"column":81}},"type":"cond-expr","locations":[{"start":{"line":541,"column":21},"end":{"line":541,"column":74}},{"start":{"line":541,"column":77},"end":{"line":541,"column":81}}],"line":541},"53":{"loc":{"start":{"line":541,"column":24},"end":{"line":541,"column":39}},"type":"binary-expr","locations":[{"start":{"line":541,"column":24},"end":{"line":541,"column":33}},{"start":{"line":541,"column":37},"end":{"line":541,"column":39}}],"line":541},"54":{"loc":{"start":{"line":541,"column":43},"end":{"line":541,"column":65}},"type":"binary-expr","locations":[{"start":{"line":541,"column":43},"end":{"line":541,"column":59}},{"start":{"line":541,"column":63},"end":{"line":541,"column":65}}],"line":541},"55":{"loc":{"start":{"line":571,"column":4},"end":{"line":574,"column":5}},"type":"if","locations":[{"start":{"line":571,"column":4},"end":{"line":574,"column":5}},{"start":{},"end":{}}],"line":571},"56":{"loc":{"start":{"line":576,"column":11},"end":{"line":576,"column":28}},"type":"binary-expr","locations":[{"start":{"line":576,"column":11},"end":{"line":576,"column":23}},{"start":{"line":576,"column":27},"end":{"line":576,"column":28}}],"line":576}},"s":{"0":6,"1":6,"2":6,"3":6,"4":6,"5":3,"6":3,"7":2,"8":2,"9":0,"10":2,"11":2,"12":2,"13":2,"14":2,"15":1,"16":1,"17":1,"18":1,"19":1,"20":1,"21":0,"22":0,"23":1,"24":0,"25":1,"26":0,"27":0,"28":0,"29":0,"30":0,"31":0,"32":0,"33":0,"34":0,"35":0,"36":0,"37":0,"38":0,"39":0,"40":0,"41":0,"42":0,"43":0,"44":0,"45":0,"46":0,"47":0,"48":0,"49":0,"50":0,"51":0,"52":0,"53":0,"54":0,"55":0,"56":0,"57":0,"58":0,"59":0,"60":0,"61":0,"62":0,"63":0,"64":0,"65":0,"66":0,"67":0,"68":0,"69":1,"70":1,"71":1,"72":0,"73":1,"74":0,"75":1,"76":0,"77":1,"78":0,"79":1,"80":1,"81":1,"82":1,"83":0,"84":1,"85":1,"86":2,"87":0,"88":3,"89":3,"90":9,"91":3,"92":1,"93":0,"94":0,"95":0,"96":0,"97":0,"98":0,"99":0,"100":0,"101":0,"102":0,"103":0,"104":0,"105":0,"106":0,"107":0,"108":0,"109":0,"110":1,"111":1,"112":1,"113":1,"114":0,"115":0,"116":0,"117":0,"118":0,"119":0,"120":0,"121":0,"122":0,"123":0,"124":0,"125":0,"126":0,"127":0,"128":0,"129":0,"130":0,"131":0,"132":0,"133":0,"134":0,"135":0,"136":0,"137":0,"138":0,"139":0,"140":0,"141":0,"142":0,"143":0,"144":0,"145":0,"146":0,"147":0,"148":0,"149":0,"150":0,"151":0,"152":0,"153":0,"154":0,"155":0,"156":1,"157":1,"158":1,"159":1,"160":1,"161":1,"162":0,"163":0,"164":1,"165":6},"f":{"0":3,"1":0,"2":0,"3":0,"4":0,"5":0,"6":0,"7":0,"8":1,"9":2,"10":3,"11":9,"12":0,"13":0,"14":0,"15":1,"16":0,"17":0,"18":0,"19":0,"20":0,"21":1},"b":{"0":[0,2],"1":[1,1],"2":[0,1],"3":[0,0],"4":[0,0],"5":[0,0],"6":[0,0],"7":[0,0],"8":[0,0],"9":[0,0],"10":[0,0],"11":[0,0],"12":[0,0],"13":[0,0],"14":[0],"15":[0,1],"16":[0,1],"17":[0,1],"18":[0,1],"19":[1,0],"20":[0,1],"21":[1,0],"22":[1,1],"23":[0,0],"24":[1,2],"25":[0,0],"26":[0,0],"27":[0,0],"28":[0,0],"29":[0,0],"30":[0,0],"31":[1,0],"32":[1,0],"33":[1,0],"34":[0,0],"35":[0,0],"36":[0,0],"37":[0,0],"38":[0,0],"39":[0,0],"40":[0,0],"41":[0,0],"42":[0,0],"43":[0,0],"44":[0,0],"45":[0,0],"46":[0,0],"47":[0,0],"48":[0,0],"49":[0,0],"50":[0,0],"51":[0,0],"52":[0,0],"53":[0,0],"54":[0,0],"55":[0,1],"56":[1,0]},"_coverageSchema":"1a1c01bbd47fc00a2c39e90264f33305004495a9","hash":"eeff7e2f341654c0385f98fd367e266d44c0c65d"}
,"C:\\Users\\Admin\\Downloads\\Pruebas-Software\\Repositorio\\Agendamiento-de-Citas-M-dicas---Grupo-D\\03-Code\\MedicalAppointment\\backend\\business-api\\services\\validation.service.js": {"path":"C:\\Users\\Admin\\Downloads\\Pruebas-Software\\Repositorio\\Agendamiento-de-Citas-M-dicas---Grupo-D\\03-Code\\MedicalAppointment\\backend\\business-api\\services\\validation.service.js","statementMap":{"0":{"start":{"line":10,"column":21},"end":{"line":10,"column":67}},"1":{"start":{"line":11,"column":43},"end":{"line":11,"column":73}},"2":{"start":{"line":12,"column":26},"end":{"line":12,"column":69}},"3":{"start":{"line":13,"column":30},"end":{"line":13,"column":77}},"4":{"start":{"line":22,"column":19},"end":{"line":22,"column":21}},"5":{"start":{"line":23,"column":21},"end":{"line":23,"column":23}},"6":{"start":{"line":25,"column":60},"end":{"line":25,"column":75}},"7":{"start":{"line":28,"column":32},"end":{"line":28,"column":57}},"8":{"start":{"line":29,"column":16},"end":{"line":29,"column":26}},"9":{"start":{"line":32,"column":4},"end":{"line":37,"column":5}},"10":{"start":{"line":33,"column":6},"end":{"line":36,"column":9}},"11":{"start":{"line":40,"column":26},"end":{"line":40,"column":36}},"12":{"start":{"line":41,"column":4},"end":{"line":41,"column":57}},"13":{"start":{"line":43,"column":4},"end":{"line":48,"column":5}},"14":{"start":{"line":44,"column":6},"end":{"line":47,"column":9}},"15":{"start":{"line":51,"column":28},"end":{"line":51,"column":58}},"16":{"start":{"line":52,"column":31},"end":{"line":52,"column":86}},"17":{"start":{"line":53,"column":26},"end":{"line":53,"column":32}},"18":{"start":{"line":54,"column":24},"end":{"line":54,"column":31}},"19":{"start":{"line":56,"column":4},"end":{"line":61,"column":5}},"20":{"start":{"line":57,"column":6},"end":{"line":60,"column":9}},"21":{"start":{"line":64,"column":25},"end":{"line":64,"column":72}},"22":{"start":{"line":65,"column":4},"end":{"line":70,"column":5}},"23":{"start":{"line":66,"column":6},"end":{"line":69,"column":9}},"24":{"start":{"line":73,"column":24},"end":{"line":73,"column":64}},"25":{"start":{"line":74,"column":4},"end":{"line":79,"column":5}},"26":{"start":{"line":75,"column":6},"end":{"line":78,"column":9}},"27":{"start":{"line":82,"column":26},"end":{"line":84,"column":5}},"28":{"start":{"line":86,"column":4},"end":{"line":91,"column":5}},"29":{"start":{"line":87,"column":6},"end":{"line":90,"column":9}},"30":{"start":{"line":93,"column":4},"end":{"line":98,"column":5}},"31":{"start":{"line":94,"column":6},"end":{"line":97,"column":9}},"32":{"start":{"line":101,"column":22},"end":{"line":101,"column":50}},"33":{"start":{"line":102,"column":4},"end":{"line":107,"column":5}},"34":{"start":{"line":103,"column":6},"end":{"line":106,"column":9}},"35":{"start":{"line":110,"column":23},"end":{"line":110,"column":69}},"36":{"start":{"line":111,"column":4},"end":{"line":116,"column":5}},"37":{"start":{"line":112,"column":6},"end":{"line":115,"column":9}},"38":{"start":{"line":118,"column":4},"end":{"line":123,"column":6}},"39":{"start":{"line":132,"column":45},"end":{"line":139,"column":15}},"40":{"start":{"line":141,"column":4},"end":{"line":143,"column":5}},"41":{"start":{"line":142,"column":6},"end":{"line":142,"column":57}},"42":{"start":{"line":145,"column":26},"end":{"line":145,"column":28}},"43":{"start":{"line":146,"column":25},"end":{"line":146,"column":49}},"44":{"start":{"line":149,"column":23},"end":{"line":149,"column":68}},"45":{"start":{"line":150,"column":4},"end":{"line":156,"column":7}},"46":{"start":{"line":151,"column":6},"end":{"line":155,"column":7}},"47":{"start":{"line":152,"column":8},"end":{"line":152,"column":30}},"48":{"start":{"line":154,"column":8},"end":{"line":154,"column":72}},"49":{"start":{"line":159,"column":20},"end":{"line":159,"column":33}},"50":{"start":{"line":160,"column":4},"end":{"line":176,"column":5}},"51":{"start":{"line":161,"column":28},"end":{"line":161,"column":131}},"52":{"start":{"line":163,"column":6},"end":{"line":173,"column":9}},"53":{"start":{"line":164,"column":8},"end":{"line":172,"column":9}},"54":{"start":{"line":165,"column":10},"end":{"line":165,"column":32}},"55":{"start":{"line":167,"column":10},"end":{"line":171,"column":13}},"56":{"start":{"line":175,"column":6},"end":{"line":175,"column":91}},"57":{"start":{"line":178,"column":23},"end":{"line":178,"column":83}},"58":{"start":{"line":180,"column":4},"end":{"line":185,"column":6}},"59":{"start":{"line":181,"column":44},"end":{"line":181,"column":54}},"60":{"start":{"line":194,"column":19},"end":{"line":194,"column":21}},"61":{"start":{"line":195,"column":50},"end":{"line":195,"column":62}},"62":{"start":{"line":198,"column":4},"end":{"line":213,"column":5}},"63":{"start":{"line":199,"column":6},"end":{"line":204,"column":7}},"64":{"start":{"line":200,"column":8},"end":{"line":203,"column":11}},"65":{"start":{"line":205,"column":11},"end":{"line":213,"column":5}},"66":{"start":{"line":206,"column":24},"end":{"line":206,"column":102}},"67":{"start":{"line":207,"column":6},"end":{"line":212,"column":7}},"68":{"start":{"line":208,"column":8},"end":{"line":211,"column":11}},"69":{"start":{"line":216,"column":25},"end":{"line":216,"column":50}},"70":{"start":{"line":217,"column":23},"end":{"line":217,"column":46}},"71":{"start":{"line":219,"column":4},"end":{"line":229,"column":5}},"72":{"start":{"line":220,"column":6},"end":{"line":223,"column":9}},"73":{"start":{"line":224,"column":11},"end":{"line":229,"column":5}},"74":{"start":{"line":225,"column":6},"end":{"line":228,"column":9}},"75":{"start":{"line":232,"column":4},"end":{"line":237,"column":5}},"76":{"start":{"line":233,"column":6},"end":{"line":236,"column":9}},"77":{"start":{"line":240,"column":4},"end":{"line":245,"column":5}},"78":{"start":{"line":241,"column":6},"end":{"line":244,"column":9}},"79":{"start":{"line":247,"column":4},"end":{"line":250,"column":6}},"80":{"start":{"line":259,"column":19},"end":{"line":259,"column":21}},"81":{"start":{"line":260,"column":21},"end":{"line":260,"column":23}},"82":{"start":{"line":263,"column":4},"end":{"line":271,"column":5}},"83":{"start":{"line":264,"column":30},"end":{"line":264,"column":80}},"84":{"start":{"line":265,"column":6},"end":{"line":270,"column":7}},"85":{"start":{"line":266,"column":8},"end":{"line":269,"column":11}},"86":{"start":{"line":274,"column":4},"end":{"line":281,"column":5}},"87":{"start":{"line":275,"column":6},"end":{"line":280,"column":7}},"88":{"start":{"line":276,"column":8},"end":{"line":279,"column":11}},"89":{"start":{"line":284,"column":27},"end":{"line":284,"column":85}},"90":{"start":{"line":285,"column":4},"end":{"line":292,"column":7}},"91":{"start":{"line":286,"column":6},"end":{"line":291,"column":7}},"92":{"start":{"line":287,"column":8},"end":{"line":290,"column":11}},"93":{"start":{"line":294,"column":4},"end":{"line":298,"column":6}},"94":{"start":{"line":307,"column":19},"end":{"line":307,"column":21}},"95":{"start":{"line":308,"column":71},"end":{"line":308,"column":87}},"96":{"start":{"line":311,"column":4},"end":{"line":331,"column":5}},"97":{"start":{"line":312,"column":6},"end":{"line":315,"column":9}},"98":{"start":{"line":317,"column":6},"end":{"line":330,"column":9}},"99":{"start":{"line":318,"column":8},"end":{"line":323,"column":9}},"100":{"start":{"line":319,"column":10},"end":{"line":322,"column":13}},"101":{"start":{"line":324,"column":8},"end":{"line":329,"column":9}},"102":{"start":{"line":325,"column":10},"end":{"line":328,"column":13}},"103":{"start":{"line":334,"column":4},"end":{"line":339,"column":5}},"104":{"start":{"line":335,"column":6},"end":{"line":338,"column":9}},"105":{"start":{"line":342,"column":4},"end":{"line":347,"column":5}},"106":{"start":{"line":343,"column":6},"end":{"line":346,"column":9}},"107":{"start":{"line":349,"column":4},"end":{"line":354,"column":5}},"108":{"start":{"line":350,"column":6},"end":{"line":353,"column":9}},"109":{"start":{"line":356,"column":4},"end":{"line":359,"column":6}},"110":{"start":{"line":365,"column":28},"end":{"line":369,"column":15}},"111":{"start":{"line":371,"column":4},"end":{"line":371,"column":50}},"112":{"start":{"line":376,"column":28},"end":{"line":380,"column":15}},"113":{"start":{"line":382,"column":4},"end":{"line":384,"column":6}},"114":{"start":{"line":388,"column":22},"end":{"line":388,"column":46}},"115":{"start":{"line":389,"column":20},"end":{"line":389,"column":57}},"116":{"start":{"line":392,"column":22},"end":{"line":392,"column":41}},"117":{"start":{"line":393,"column":20},"end":{"line":393,"column":66}},"118":{"start":{"line":396,"column":34},"end":{"line":408,"column":64}},"119":{"start":{"line":411,"column":33},"end":{"line":423,"column":64}},"120":{"start":{"line":426,"column":25},"end":{"line":432,"column":5}},"121":{"start":{"line":427,"column":6},"end":{"line":431,"column":9}},"122":{"start":{"line":428,"column":30},"end":{"line":428,"column":59}},"123":{"start":{"line":429,"column":25},"end":{"line":429,"column":74}},"124":{"start":{"line":430,"column":8},"end":{"line":430,"column":29}},"125":{"start":{"line":434,"column":4},"end":{"line":437,"column":6}},"126":{"start":{"line":441,"column":28},"end":{"line":441,"column":30}},"127":{"start":{"line":443,"column":4},"end":{"line":445,"column":5}},"128":{"start":{"line":443,"column":32},"end":{"line":443,"column":68}},"129":{"start":{"line":444,"column":6},"end":{"line":444,"column":83}},"130":{"start":{"line":447,"column":4},"end":{"line":449,"column":5}},"131":{"start":{"line":447,"column":32},"end":{"line":447,"column":67}},"132":{"start":{"line":448,"column":6},"end":{"line":448,"column":91}},"133":{"start":{"line":451,"column":4},"end":{"line":453,"column":5}},"134":{"start":{"line":451,"column":32},"end":{"line":451,"column":56}},"135":{"start":{"line":452,"column":6},"end":{"line":452,"column":87}},"136":{"start":{"line":455,"column":4},"end":{"line":455,"column":27}},"137":{"start":{"line":459,"column":0},"end":{"line":459,"column":41}}},"fnMap":{"0":{"name":"(anonymous_0)","decl":{"start":{"line":21,"column":2},"end":{"line":21,"column":3}},"loc":{"start":{"line":21,"column":52},"end":{"line":124,"column":3}},"line":21},"1":{"name":"(anonymous_1)","decl":{"start":{"line":131,"column":2},"end":{"line":131,"column":3}},"loc":{"start":{"line":131,"column":46},"end":{"line":186,"column":3}},"line":131},"2":{"name":"(anonymous_2)","decl":{"start":{"line":150,"column":23},"end":{"line":150,"column":24}},"loc":{"start":{"line":150,"column":32},"end":{"line":156,"column":5}},"line":150},"3":{"name":"(anonymous_3)","decl":{"start":{"line":163,"column":28},"end":{"line":163,"column":29}},"loc":{"start":{"line":163,"column":37},"end":{"line":173,"column":7}},"line":163},"4":{"name":"(anonymous_4)","decl":{"start":{"line":181,"column":39},"end":{"line":181,"column":40}},"loc":{"start":{"line":181,"column":44},"end":{"line":181,"column":54}},"line":181},"5":{"name":"(anonymous_5)","decl":{"start":{"line":193,"column":2},"end":{"line":193,"column":3}},"loc":{"start":{"line":193,"column":46},"end":{"line":251,"column":3}},"line":193},"6":{"name":"(anonymous_6)","decl":{"start":{"line":258,"column":2},"end":{"line":258,"column":3}},"loc":{"start":{"line":258,"column":36},"end":{"line":299,"column":3}},"line":258},"7":{"name":"(anonymous_7)","decl":{"start":{"line":285,"column":27},"end":{"line":285,"column":28}},"loc":{"start":{"line":285,"column":36},"end":{"line":292,"column":5}},"line":285},"8":{"name":"(anonymous_8)","decl":{"start":{"line":306,"column":2},"end":{"line":306,"column":3}},"loc":{"start":{"line":306,"column":41},"end":{"line":360,"column":3}},"line":306},"9":{"name":"(anonymous_9)","decl":{"start":{"line":317,"column":26},"end":{"line":317,"column":27}},"loc":{"start":{"line":317,"column":42},"end":{"line":330,"column":7}},"line":317},"10":{"name":"(anonymous_10)","decl":{"start":{"line":364,"column":2},"end":{"line":364,"column":3}},"loc":{"start":{"line":364,"column":43},"end":{"line":372,"column":3}},"line":364},"11":{"name":"(anonymous_11)","decl":{"start":{"line":374,"column":2},"end":{"line":374,"column":3}},"loc":{"start":{"line":374,"column":37},"end":{"line":385,"column":3}},"line":374},"12":{"name":"(anonymous_12)","decl":{"start":{"line":387,"column":2},"end":{"line":387,"column":3}},"loc":{"start":{"line":387,"column":72},"end":{"line":438,"column":3}},"line":387},"13":{"name":"(anonymous_13)","decl":{"start":{"line":426,"column":25},"end":{"line":426,"column":26}},"loc":{"start":{"line":426,"column":43},"end":{"line":432,"column":5}},"line":426},"14":{"name":"(anonymous_14)","decl":{"start":{"line":427,"column":39},"end":{"line":427,"column":40}},"loc":{"start":{"line":427,"column":46},"end":{"line":431,"column":7}},"line":427},"15":{"name":"(anonymous_15)","decl":{"start":{"line":440,"column":2},"end":{"line":440,"column":3}},"loc":{"start":{"line":440,"column":44},"end":{"line":456,"column":3}},"line":440},"16":{"name":"(anonymous_16)","decl":{"start":{"line":443,"column":27},"end":{"line":443,"column":28}},"loc":{"start":{"line":443,"column":32},"end":{"line":443,"column":68}},"line":443},"17":{"name":"(anonymous_17)","decl":{"start":{"line":447,"column":27},"end":{"line":447,"column":28}},"loc":{"start":{"line":447,"column":32},"end":{"line":447,"column":67}},"line":447},"18":{"name":"(anonymous_18)","decl":{"start":{"line":451,"column":27},"end":{"line":451,"column":28}},"loc":{"start":{"line":451,"column":32},"end":{"line":451,"column":56}},"line":451}},"branchMap":{"0":{"loc":{"start":{"line":32,"column":4},"end":{"line":37,"column":5}},"type":"if","locations":[{"start":{"line":32,"column":4},"end":{"line":37,"column":5}},{"start":{},"end":{}}],"line":32},"1":{"loc":{"start":{"line":43,"column":4},"end":{"line":48,"column":5}},"type":"if","locations":[{"start":{"line":43,"column":4},"end":{"line":48,"column":5}},{"start":{},"end":{}}],"line":43},"2":{"loc":{"start":{"line":56,"column":4},"end":{"line":61,"column":5}},"type":"if","locations":[{"start":{"line":56,"column":4},"end":{"line":61,"column":5}},{"start":{},"end":{}}],"line":56},"3":{"loc":{"start":{"line":56,"column":8},"end":{"line":56,"column":78}},"type":"binary-expr","locations":[{"start":{"line":56,"column":8},"end":{"line":56,"column":42}},{"start":{"line":56,"column":46},"end":{"line":56,"column":78}}],"line":56},"4":{"loc":{"start":{"line":65,"column":4},"end":{"line":70,"column":5}},"type":"if","locations":[{"start":{"line":65,"column":4},"end":{"line":70,"column":5}},{"start":{},"end":{}}],"line":65},"5":{"loc":{"start":{"line":74,"column":4},"end":{"line":79,"column":5}},"type":"if","locations":[{"start":{"line":74,"column":4},"end":{"line":79,"column":5}},{"start":{},"end":{}}],"line":74},"6":{"loc":{"start":{"line":86,"column":4},"end":{"line":91,"column":5}},"type":"if","locations":[{"start":{"line":86,"column":4},"end":{"line":91,"column":5}},{"start":{},"end":{}}],"line":86},"7":{"loc":{"start":{"line":93,"column":4},"end":{"line":98,"column":5}},"type":"if","locations":[{"start":{"line":93,"column":4},"end":{"line":98,"column":5}},{"start":{},"end":{}}],"line":93},"8":{"loc":{"start":{"line":102,"column":4},"end":{"line":107,"column":5}},"type":"if","locations":[{"start":{"line":102,"column":4},"end":{"line":107,"column":5}},{"start":{},"end":{}}],"line":102},"9":{"loc":{"start":{"line":102,"column":8},"end":{"line":102,"column":42}},"type":"binary-expr","locations":[{"start":{"line":102,"column":8},"end":{"line":102,"column":23}},{"start":{"line":102,"column":27},"end":{"line":102,"column":42}}],"line":102},"10":{"loc":{"start":{"line":111,"column":4},"end":{"line":116,"column":5}},"type":"if","locations":[{"start":{"line":111,"column":4},"end":{"line":116,"column":5}},{"start":{},"end":{}}],"line":111},"11":{"loc":{"start":{"line":111,"column":8},"end":{"line":111,"column":41}},"type":"binary-expr","locations":[{"start":{"line":111,"column":8},"end":{"line":111,"column":23}},{"start":{"line":111,"column":27},"end":{"line":111,"column":41}}],"line":111},"12":{"loc":{"start":{"line":141,"column":4},"end":{"line":143,"column":5}},"type":"if","locations":[{"start":{"line":141,"column":4},"end":{"line":143,"column":5}},{"start":{},"end":{}}],"line":141},"13":{"loc":{"start":{"line":141,"column":8},"end":{"line":141,"column":26}},"type":"binary-expr","locations":[{"start":{"line":141,"column":8},"end":{"line":141,"column":17}},{"start":{"line":141,"column":21},"end":{"line":141,"column":26}}],"line":141},"14":{"loc":{"start":{"line":151,"column":6},"end":{"line":155,"column":7}},"type":"if","locations":[{"start":{"line":151,"column":6},"end":{"line":155,"column":7}},{"start":{"line":153,"column":13},"end":{"line":155,"column":7}}],"line":151},"15":{"loc":{"start":{"line":160,"column":4},"end":{"line":176,"column":5}},"type":"if","locations":[{"start":{"line":160,"column":4},"end":{"line":176,"column":5}},{"start":{"line":174,"column":11},"end":{"line":176,"column":5}}],"line":160},"16":{"loc":{"start":{"line":164,"column":8},"end":{"line":172,"column":9}},"type":"if","locations":[{"start":{"line":164,"column":8},"end":{"line":172,"column":9}},{"start":{"line":166,"column":15},"end":{"line":172,"column":9}}],"line":164},"17":{"loc":{"start":{"line":198,"column":4},"end":{"line":213,"column":5}},"type":"if","locations":[{"start":{"line":198,"column":4},"end":{"line":213,"column":5}},{"start":{"line":205,"column":11},"end":{"line":213,"column":5}}],"line":198},"18":{"loc":{"start":{"line":199,"column":6},"end":{"line":204,"column":7}},"type":"if","locations":[{"start":{"line":199,"column":6},"end":{"line":204,"column":7}},{"start":{},"end":{}}],"line":199},"19":{"loc":{"start":{"line":199,"column":10},"end":{"line":199,"column":44}},"type":"binary-expr","locations":[{"start":{"line":199,"column":10},"end":{"line":199,"column":25}},{"start":{"line":199,"column":29},"end":{"line":199,"column":44}}],"line":199},"20":{"loc":{"start":{"line":205,"column":11},"end":{"line":213,"column":5}},"type":"if","locations":[{"start":{"line":205,"column":11},"end":{"line":213,"column":5}},{"start":{},"end":{}}],"line":205},"21":{"loc":{"start":{"line":207,"column":6},"end":{"line":212,"column":7}},"type":"if","locations":[{"start":{"line":207,"column":6},"end":{"line":212,"column":7}},{"start":{},"end":{}}],"line":207},"22":{"loc":{"start":{"line":219,"column":4},"end":{"line":229,"column":5}},"type":"if","locations":[{"start":{"line":219,"column":4},"end":{"line":229,"column":5}},{"start":{"line
[...]
umn":30}},"57":{"start":{"line":108,"column":1},"end":{"line":108,"column":14}},"58":{"start":{"line":111,"column":33},"end":{"line":153,"column":1}},"59":{"start":{"line":112,"column":15},"end":{"line":112,"column":17}},"60":{"start":{"line":114,"column":1},"end":{"line":150,"column":4}},"61":{"start":{"line":115,"column":22},"end":{"line":126,"column":3}},"62":{"start":{"line":128,"column":30},"end":{"line":131,"column":3}},"63":{"start":{"line":133,"column":27},"end":{"line":139,"column":3}},"64":{"start":{"line":133,"column":35},"end":{"line":139,"column":3}},"65":{"start":{"line":134,"column":3},"end":{"line":138,"column":4}},"66":{"start":{"line":135,"column":4},"end":{"line":135,"column":29}},"67":{"start":{"line":137,"column":4},"end":{"line":137,"column":16}},"68":{"start":{"line":141,"column":2},"end":{"line":141,"column":91}},"69":{"start":{"line":141,"column":78},"end":{"line":141,"column":89}},"70":{"start":{"line":142,"column":2},"end":{"line":142,"column":93}},"71":{"start":{"line":142,"column":72},"end":{"line":142,"column":91}},"72":{"start":{"line":143,"column":2},"end":{"line":145,"column":6}},"73":{"start":{"line":143,"column":80},"end":{"line":145,"column":3}},"74":{"start":{"line":147,"column":2},"end":{"line":147,"column":93}},"75":{"start":{"line":148,"column":2},"end":{"line":148,"column":34}},"76":{"start":{"line":149,"column":2},"end":{"line":149,"column":50}},"77":{"start":{"line":152,"column":1},"end":{"line":152,"column":14}},"78":{"start":{"line":155,"column":30},"end":{"line":191,"column":1}},"79":{"start":{"line":156,"column":15},"end":{"line":156,"column":17}},"80":{"start":{"line":158,"column":1},"end":{"line":188,"column":4}},"81":{"start":{"line":159,"column":25},"end":{"line":159,"column":60}},"82":{"start":{"line":159,"column":53},"end":{"line":159,"column":59}},"83":{"start":{"line":160,"column":22},"end":{"line":160,"column":63}},"84":{"start":{"line":160,"column":36},"end":{"line":160,"column":62}},"85":{"start":{"line":160,"column":56},"end":{"line":160,"column":62}},"86":{"start":{"line":162,"column":21},"end":{"line":177,"column":3}},"87":{"start":{"line":179,"column":2},"end":{"line":179,"column":93}},"88":{"start":{"line":179,"column":81},"end":{"line":179,"column":91}},"89":{"start":{"line":180,"column":2},"end":{"line":183,"column":6}},"90":{"start":{"line":180,"column":72},"end":{"line":183,"column":3}},"91":{"start":{"line":185,"column":2},"end":{"line":185,"column":77}},"92":{"start":{"line":186,"column":2},"end":{"line":186,"column":34}},"93":{"start":{"line":187,"column":2},"end":{"line":187,"column":40}},"94":{"start":{"line":190,"column":1},"end":{"line":190,"column":14}},"95":{"start":{"line":193,"column":22},"end":{"line":197,"column":1}},"96":{"start":{"line":194,"column":14},"end":{"line":194,"column":23}},"97":{"start":{"line":195,"column":1},"end":{"line":195,"column":31}},"98":{"start":{"line":196,"column":1},"end":{"line":196,"column":13}},"99":{"start":{"line":199,"column":0},"end":{"line":207,"column":2}}},"fnMap":{"0":{"name":"(anonymous_0)","decl":{"start":{"line":1,"column":24},"end":{"line":1,"column":25}},"loc":{"start":{"line":1,"column":36},"end":{"line":29,"column":1}},"line":1},"1":{"name":"(anonymous_1)","decl":{"start":{"line":21,"column":22},"end":{"line":21,"column":23}},"loc":{"start":{"line":21,"column":34},"end":{"line":23,"column":2}},"line":21},"2":{"name":"(anonymous_2)","decl":{"start":{"line":22,"column":26},"end":{"line":22,"column":27}},"loc":{"start":{"line":22,"column":32},"end":{"line":22,"column":37}},"line":22},"3":{"name":"(anonymous_3)","decl":{"start":{"line":25,"column":24},"end":{"line":25,"column":25}},"loc":{"start":{"line":25,"column":36},"end":{"line":25,"column":50}},"line":25},"4":{"name":"(anonymous_4)","decl":{"start":{"line":26,"column":14},"end":{"line":26,"column":15}},"loc":{"start":{"line":26,"column":35},"end":{"line":26,"column":88}},"line":26},"5":{"name":"(anonymous_5)","decl":{"start":{"line":31,"column":34},"end":{"line":31,"column":35}},"loc":{"start":{"line":31,"column":40},"end":{"line":58,"column":1}},"line":31},"6":{"name":"(anonymous_6)","decl":{"start":{"line":34,"column":21},"end":{"line":34,"column":22}},"loc":{"start":{"line":34,"column":27},"end":{"line":55,"column":2}},"line":34},"7":{"name":"(anonymous_7)","decl":{"start":{"line":36,"column":29},"end":{"line":36,"column":30}},"loc":{"start":{"line":36,"column":50},"end":{"line":36,"column":65}},"line":36},"8":{"name":"(anonymous_8)","decl":{"start":{"line":38,"column":66},"end":{"line":38,"column":67}},"loc":{"start":{"line":38,"column":72},"end":{"line":49,"column":3}},"line":38},"9":{"name":"(anonymous_9)","decl":{"start":{"line":40,"column":4},"end":{"line":40,"column":5}},"loc":{"start":{"line":40,"column":27},"end":{"line":43,"column":5}},"line":40},"10":{"name":"(anonymous_10)","decl":{"start":{"line":45,"column":4},"end":{"line":45,"column":5}},"loc":{"start":{"line":45,"column":27},"end":{"line":47,"column":5}},"line":45},"11":{"name":"(anonymous_11)","decl":{"start":{"line":60,"column":30},"end":{"line":60,"column":31}},"loc":{"start":{"line":60,"column":36},"end":{"line":86,"column":1}},"line":60},"12":{"name":"(anonymous_12)","decl":{"start":{"line":63,"column":21},"end":{"line":63,"column":22}},"loc":{"start":{"line":63,"column":27},"end":{"line":83,"column":2}},"line":63},"13":{"name":"(anonymous_13)","decl":{"start":{"line":72,"column":61},"end":{"line":72,"column":62}},"loc":{"start":{"line":72,"column":68},"end":{"line":74,"column":3}},"line":72},"14":{"name":"(anonymous_14)","decl":{"start":{"line":76,"column":74},"end":{"line":76,"column":75}},"loc":{"start":{"line":76,"column":80},"end":{"line":76,"column":96}},"line":76},"15":{"name":"(anonymous_15)","decl":{"start":{"line":77,"column":67},"end":{"line":77,"column":68}},"loc":{"start":{"line":77,"column":73},"end":{"line":77,"column":82}},"line":77},"16":{"name":"(anonymous_16)","decl":{"start":{"line":88,"column":28},"end":{"line":88,"column":29}},"loc":{"start":{"line":88,"column":34},"end":{"line":109,"column":1}},"line":88},"17":{"name":"(anonymous_17)","decl":{"start":{"line":91,"column":21},"end":{"line":91,"column":22}},"loc":{"start":{"line":91,"column":27},"end":{"line":106,"column":2}},"line":91},"18":{"name":"(anonymous_18)","decl":{"start":{"line":97,"column":61},"end":{"line":97,"column":62}},"loc":{"start":{"line":97,"column":68},"end":{"line":99,"column":3}},"line":97},"19":{"name":"(anonymous_19)","decl":{"start":{"line":101,"column":67},"end":{"line":101,"column":68}},"loc":{"start":{"line":101,"column":73},"end":{"line":101,"column":82}},"line":101},"20":{"name":"(anonymous_20)","decl":{"start":{"line":111,"column":33},"end":{"line":111,"column":34}},"loc":{"start":{"line":111,"column":39},"end":{"line":153,"column":1}},"line":111},"21":{"name":"(anonymous_21)","decl":{"start":{"line":114,"column":21},"end":{"line":114,"column":22}},"loc":{"start":{"line":114,"column":27},"end":{"line":150,"column":2}},"line":114},"22":{"name":"(anonymous_22)","decl":{"start":{"line":133,"column":27},"end":{"line":133,"column":28}},"loc":{"start":{"line":133,"column":35},"end":{"line":139,"column":3}},"line":133},"23":{"name":"(anonymous_23)","decl":{"start":{"line":133,"column":35},"end":{"line":133,"column":36}},"loc":{"start":{"line":133,"column":61},"end":{"line":139,"column":3}},"line":133},"24":{"name":"(anonymous_24)","decl":{"start":{"line":141,"column":72},"end":{"line":141,"column":73}},"loc":{"start":{"line":141,"column":78},"end":{"line":141,"column":89}},"line":141},"25":{"name":"(anonymous_25)","decl":{"start":{"line":142,"column":66},"end":{"line":142,"column":67}},"loc":{"start":{"line":142,"column":72},"end":{"line":142,"column":91}},"line":142},"26":{"name":"(anonymous_26)","decl":{"start":{"line":143,"column":73},"end":{"line":143,"column":74}},"loc":{"start":{"line":143,"column":80},"end":{"line":145,"column":3}},"line":143},"27":{"name":"(anonymous_27)","decl":{"start":{"line":155,"column":30},"end":{"line":155,"column":31}},"loc":{"start":{"line":155,"column":36},"end":{"line":191,"column":1}},"line":155},"28":{"name":"(anonymous_28)","decl":{"start":{"line":158,"column":21},"end":{"line":158,"column":22}},"loc":{"start":{"line":158,"column":27},"end":{"line":188,"column":2}},"line":158},"29":{"name":"(anonymous_29)","decl":{"start":{"line":159,"column":33},"end":{"line":159,"column":34}},"loc":{"start":{"line":159,"column":53},"end":{"line":159,"column":59}},"line":159},"30":{"name":"(anonymous_30)","decl":{"start":{"line":160,"column":30},"end":{"line":160,"column":31}},"loc":{"start":{"line":160,"column":36},"end":{"line":160,"column":62}},"line":160},"31":{"name":"(anonymous_31)","decl":{"start":{"line":160,"column":36},"end":{"line":160,"column":37}},"loc":{"start":{"line":160,"column":56},"end":{"line":160,"column":62}},"line":160},"32":{"name":"(anonymous_32)","decl":{"start":{"line":179,"column":75},"end":{"line":179,"column":76}},"loc":{"start":{"line":179,"column":81},"end":{"line":179,"column":91}},"line":179},"33":{"name":"(anonymous_33)","decl":{"start":{"line":180,"column":65},"end":{"line":180,"column":66}},"loc":{"start":{"line":180,"column":72},"end":{"line":183,"column":3}},"line":180},"34":{"name":"(anonymous_34)","decl":{"start":{"line":193,"column":22},"end":{"line":193,"column":23}},"loc":{"start":{"line":193,"column":56},"end":{"line":197,"column":1}},"line":193}},"branchMap":{"0":{"loc":{"start":{"line":3,"column":24},"end":{"line":3,"column":91}},"type":"cond-expr","locations":[{"start":{"line":3,"column":47},"end":{"line":3,"column":82}},{"start":{"line":3,"column":85},"end":{"line":3,"column":91}}],"line":3},"1":{"loc":{"start":{"line":193,"column":43},"end":{"line":193,"column":51}},"type":"default-arg","locations":[{"start":{"line":193,"column":49},"end":{"line":193,"column":51}}],"line":193}},"s":{"0":3,"1":12,"2":12,"3":12,"4":12,"5":156,"6":35,"7":12,"8":5,"9":12,"10":7,"11":12,"12":3,"13":5,"14":5,"15":5,"16":5,"17":1,"18":5,"19":5,"20":5,"21":5,"22":1,"23":5,"24":5,"25":5,"26":5,"27":5,"28":3,"29":6,"30":6,"31":6,"32":6,"33":6,"34":6,"35":6,"36":6,"37":6,"38":6,"39":6,"40":6,"41":6,"42":6,"43":6,"44":6,"45":3,"46":5,"47":5,"48":5,"49":5,"50":5,"51":5,"52":5,"53":5,"54":5,"55":5,"56":5,"57":5,"58":3,"59":6,"60":6,"61":6,"62":6,"63":6,"64":60,"65":11,"66":11,"67":1,"68":6,"69":6,"70":6,"71":6,"72":6,"73":6,"74":6,"75":6,"76":6,"77":6,"78":3,"79":2,"80":2,"81":2,"82":0,"83":2,"84":20,"85":0,"86":2,"87":2,"88":2,"89":2,"90":2,"91":2,"92":2,"93":2,"94":2,"95":3,"96":11,"97":11,"98":11,"99":3},"f":{"0":12,"1":156,"2":35,"3":5,"4":7,"5":5,"6":5,"7":1,"8":5,"9":5,"10":1,"11":6,"12":6,"13":6,"14":6,"15":6,"16":5,"17":5,"18":5,"19":5,"20":6,"21":6,"22":60,"23":11,"24":6,"25":6,"26":6,"27":2,"28":2,"29":0,"30":20,"31":0,"32":2,"33":2,"34":11},"b":{"0":[0,12],"1":[0]},"_coverageSchema":"1a1c01bbd47fc00a2c39e90264f33305004495a9","hash":"4f606d14989f71c897580acc7a8b111181df22ed"}
,"C:\\Users\\Admin\\Downloads\\Pruebas-Software\\Repositorio\\Agendamiento-de-Citas-M-dicas---Grupo-D\\03-Code\\MedicalAppointment\\tests\\patients\\helpers.js": {"path":"C:\\Users\\Admin\\Downloads\\Pruebas-Software\\Repositorio\\Agendamiento-de-Citas-M-dicas---Grupo-D\\03-Code\\MedicalAppointment\\tests\\patients\\helpers.js","statementMap":{"0":{"start":{"line":1,"column":24},"end":{"line":31,"column":1}},"1":{"start":{"line":2,"column":15},"end":{"line":2,"column":17}},"2":{"start":{"line":3,"column":24},"end":{"line":3,"column":91}},"3":{"start":{"line":5,"column":22},"end":{"line":21,"column":2}},"4":{"start":{"line":23,"column":1},"end":{"line":25,"column":4}},"5":{"start":{"line":24,"column":2},"end":{"line":24,"column":39}},"6":{"start":{"line":24,"column":32},"end":{"line":24,"column":37}},"7":{"start":{"line":27,"column":1},"end":{"line":27,"column":52}},"8":{"start":{"line":27,"column":36},"end":{"line":27,"column":50}},"9":{"start":{"line":28,"column":1},"end":{"line":28,"column":89}},"10":{"start":{"line":28,"column":35},"end":{"line":28,"column":88}},"11":{"start":{"line":30,"column":1},"end":{"line":30,"column":14}},"12":{"start":{"line":33,"column":30},"end":{"line":51,"column":1}},"13":{"start":{"line":34,"column":15},"end":{"line":34,"column":17}},"14":{"start":{"line":36,"column":1},"end":{"line":48,"column":4}},"15":{"start":{"line":37,"column":19},"end":{"line":37,"column":28}},"16":{"start":{"line":39,"column":2},"end":{"line":44,"column":5}},"17":{"start":{"line":40,"column":3},"end":{"line":43,"column":5}},"18":{"start":{"line":41,"column":4},"end":{"line":41,"column":31}},"19":{"start":{"line":42,"column":4},"end":{"line":42,"column":33}},"20":{"start":{"line":46,"column":2},"end":{"line":46,"column":81}},"21":{"start":{"line":47,"column":2},"end":{"line":47,"column":28}},"22":{"start":{"line":50,"column":1},"end":{"line":50,"column":14}},"23":{"start":{"line":53,"column":26},"end":{"line":84,"column":1}},"24":{"start":{"line":54,"column":15},"end":{"line":54,"column":17}},"25":{"start":{"line":56,"column":1},"end":{"line":81,"column":4}},"26":{"start":{"line":57,"column":25},"end":{"line":57,"column":60}},"27":{"start":{"line":57,"column":53},"end":{"line":57,"column":59}},"28":{"start":{"line":58,"column":22},"end":{"line":58,"column":63}},"29":{"start":{"line":58,"column":36},"end":{"line":58,"column":62}},"30":{"start":{"line":58,"column":56},"end":{"line":58,"column":62}},"31":{"start":{"line":60,"column":21},"end":{"line":70,"column":3}},"32":{"start":{"line":72,"column":2},"end":{"line":72,"column":89}},"33":{"start":{"line":72,"column":77},"end":{"line":72,"column":87}},"34":{"start":{"line":73,"column":2},"end":{"line":76,"column":6}},"35":{"start":{"line":73,"column":72},"end":{"line":76,"column":3}},"36":{"start":{"line":78,"column":2},"end":{"line":78,"column":73}},"37":{"start":{"line":79,"column":2},"end":{"line":79,"column":34}},"38":{"start":{"line":80,"column":2},"end":{"line":80,"column":40}},"39":{"start":{"line":83,"column":1},"end":{"line":83,"column":14}},"40":{"start":{"line":86,"column":30},"end":{"line":99,"column":1}},"41":{"start":{"line":88,"column":18},"end":{"line":88,"column":27}},"42":{"start":{"line":90,"column":1},"end":{"line":96,"column":4}},"43":{"start":{"line":91,"column":2},"end":{"line":93,"column":6}},"44":{"start":{"line":91,"column":68},"end":{"line":93,"column":3}},"45":{"start":{"line":95,"column":2},"end":{"line":95,"column":77}},"46":{"start":{"line":98,"column":1},"end":{"line":98,"column":38}},"47":{"start":{"line":101,"column":38},"end":{"line":114,"column":1}},"48":{"start":{"line":103,"column":18},"end":{"line":103,"column":27}},"49":{"start":{"line":105,"column":1},"end":{"line":111,"column":4}},"50":{"start":{"line":106,"column":2},"end":{"line":108,"column":6}},"51":{"start":{"line":106,"column":68},"end":{"line":108,"column":3}},"52":{"start":{"line":110,"column":2},"end":{"line":110,"column":85}},"53":{"start":{"line":113,"column":1},"end":{"line":113,"column":38}},"54":{"start":{"line":116,"column":0},"end":{"line":122,"column":2}}},"fnMap":{"0":{"name":"(anonymous_0)","decl":{"start":{"line":1,"column":24},"end":{"line":1,"column":25}},"loc":{"start":{"line":1,"column":36},"end":{"line":31,"column":1}},"line":1},"1":{"name":"(anonymous_1)","decl":{"start":{"line":23,"column":22},"end":{"line":23,"column":23}},"loc":{"start":{"line":23,"column":34},"end":{"line":25,"column":2}},"line":23},"2":{"name":"(anonymous_2)","decl":{"start":{"line":24,"column":26},"end":{"line":24,"column":27}},"loc":{"start":{"line":24,"column":32},"end":{"line":24,"column":37}},"line":24},"3":{"name":"(anonymous_3)","decl":{"start":{"line":27,"column":24},"end":{"line":27,"column":25}},"loc":{"start":{"line":27,"column":36},"end":{"line":27,"column":50}},"line":27},"4":{"name":"(anonymous_4)","decl":{"start":{"line":28,"column":14},"end":{"line":28,"column":15}},"loc":{"start":{"line":28,"column":35},"end":{"line":28,"column":88}},"line":28},"5":{"name":"(anonymous_5)","decl":{"start":{"line":33,"column":30},"end":{"line":33,"column":31}},"loc":{"start":{"line":33,"column":36},"end":{"line":51,"column":1}},"line":33},"6":{"name":"(anonymous_6)","decl":{"start":{"line":36,"column":21},"end":{"line":36,"column":22}},"loc":{"start":{"line":36,"column":27},"end":{"line":48,"column":2}},"line":36},"7":{"name":"(anonymous_7)","decl":{"start":{"line":39,"column":66},"end":{"line":39,"column":67}},"loc":{"start":{"line":39,"column":72},"end":{"line":44,"column":3}},"line":39},"8":{"name":"MockBaseRepository","decl":{"start":{"line":40,"column":19},"end":{"line":40,"column":37}},"loc":{"start":{"line":40,"column":49},"end":{"line":43,"column":4}},"line":40},"9":{"name":"(anonymous_9)","decl":{"start":{"line":53,"column":26},"end":{"line":53,"column":27}},"loc":{"start":{"line":53,"column":32},"end":{"line":84,"column":1}},"line":53},"10":{"name":"(anonymous_10)","decl":{"start":{"line":56,"column":21},"end":{"line":56,"column":22}},"loc":{"start":{"line":56,"column":27},"end":{"line":81,"column":2}},"line":56},"11":{"name":"(anonymous_11)","decl":{"start":{"line":57,"column":33},"end":{"line":57,"column":34}},"loc":{"start":{"line":57,"column":53},"end":{"line":57,"column":59}},"line":57},"12":{"name":"(anonymous_12)","decl":{"start":{"line":58,"column":30},"end":{"line":58,"column":31}},"loc":{"start":{"line":58,"column":36},"end":{"line":58,"column":62}},"line":58},"13":{"name":"(anonymous_13)","decl":{"start":{"line":58,"column":36},"end":{"line":58,"column":37}},"loc":{"start":{"line":58,"column":56},"end":{"line":58,"column":62}},"line":58},"14":{"name":"(anonymous_14)","decl":{"start":{"line":72,"column":71},"end":{"line":72,"column":72}},"loc":{"start":{"line":72,"column":77},"end":{"line":72,"column":87}},"line":72},"15":{"name":"(anonymous_15)","decl":{"start":{"line":73,"column":65},"end":{"line":73,"column":66}},"loc":{"start":{"line":73,"column":72},"end":{"line":76,"column":3}},"line":73},"16":{"name":"(anonymous_16)","decl":{"start":{"line":86,"column":30},"end":{"line":86,"column":31}},"loc":{"start":{"line":86,"column":36},"end":{"line":99,"column":1}},"line":86},"17":{"name":"(anonymous_17)","decl":{"start":{"line":90,"column":21},"end":{"line":90,"column":22}},"loc":{"start":{"line":90,"column":27},"end":{"line":96,"column":2}},"line":90},"18":{"name":"(anonymous_18)","decl":{"start":{"line":91,"column":61},"end":{"line":91,"column":62}},"loc":{"start":{"line":91,"column":68},"end":{"line":93,"column":3}},"line":91},"19":{"name":"(anonymous_19)","decl":{"start":{"line":101,"column":38},"end":{"line":101,"column":39}},"loc":{"start":{"line":101,"column":44},"end":{"line":114,"column":1}},"line":101},"20":{"name":"(anonymous_20)","decl":{"start":{"line":105,"column":21},"end":{"line":105,"column":22}},"loc":{"start":{"line":105,"column":27},"end":{"line":111,"column":2}},"line":105},"21":{"name":"(anonymous_21)","decl":{"start":{"line":106,"column":61},"end":{"line":106,"column":62}},"loc":{"start":{"line":106,"column":68},"end":{"line":108,"column":3}},"line":106}},"branchMap":{"0":{"loc":{"start":{"line":3,"column":24},"end":{"line":3,"column":91}},"type":"cond-expr","locations":[{"start":{"line":3,"column":47},"end":{"line":3,"column":82}},{"start":{"line":3,"column":85},"end":{"line":3,"column":91}}],"line":3}},"s":{"0":2,"1":11,"2":11,"3":11,"4":11,"5":165,"6":31,"7":11,"8":8,"9":11,"10":3,"11":11,"12":2,"13":5,"14":5,"15":5,"16":5,"17":5,"18":5,"19":5,"20":5,"21":5,"22":5,"23":2,"24":2,"25":2,"26":2,"27":0,"28":2,"29":18,"30":0,"31":2,"32":2,"33":2,"34":2,"35":2,"36":2,"37":2,"38":2,"39":2,"40":2,"41":2,"42":2,"43":2,"44":2,"45":2,"46":2,"47":2,"48":2,"49":2,"50":2,"51":2,"52":2,"53":2,"54":2},"f":{"0":11,"1":165,"2":31,"3":8,"4":3,"5":5,"6":5,"7":5,"8":5,"9":2,"10":2,"11":0,"12":18,"13":0,"14":2,"15":2,"16":2,"17":2,"18":2,"19":2,"20":2,"21":2},"b":{"0":[0,11]},"_coverageSchema":"1a1c01bbd47fc00a2c39e90264f33305004495a9","hash":"080a7c00f823e6798a39bbb2c2e1dec12862b5c1"}
}
