{"C:\\Users\\Admin\\Downloads\\Pruebas-Software\\repov02\\Agendamiento_Citas_Medicas_GrupoD\\03-Code\\MedicalAppointment\\backend\\business-api\\controllers\\availability.controller.js": {"path":"C:\\Users\\Admin\\Downloads\\Pruebas-Software\\repov02\\Agendamiento_Citas_Medicas_GrupoD\\03-Code\\MedicalAppointment\\backend\\business-api\\controllers\\availability.controller.js","statementMap":{"0":{"start":{"line":8,"column":28},"end":{"line":8,"column":71}},"1":{"start":{"line":9,"column":24},"end":{"line":9,"column":75}},"2":{"start":{"line":10,"column":25},"end":{"line":10,"column":83}},"3":{"start":{"line":11,"column":28},"end":{"line":11,"column":58}},"4":{"start":{"line":18,"column":13},"end":{"line":33,"column":4}},"5":{"start":{"line":19,"column":31},"end":{"line":19,"column":41}},"6":{"start":{"line":21,"column":4},"end":{"line":23,"column":5}},"7":{"start":{"line":22,"column":6},"end":{"line":22,"column":66}},"8":{"start":{"line":25,"column":18},"end":{"line":25,"column":77}},"9":{"start":{"line":27,"column":4},"end":{"line":32,"column":7}},"10":{"start":{"line":39,"column":26},"end":{"line":58,"column":4}},"11":{"start":{"line":40,"column":25},"end":{"line":40,"column":35}},"12":{"start":{"line":41,"column":33},"end":{"line":41,"column":42}},"13":{"start":{"line":43,"column":18},"end":{"line":43,"column":69}},"14":{"start":{"line":44,"column":21},"end":{"line":44,"column":48}},"15":{"start":{"line":46,"column":25},"end":{"line":50,"column":5}},"16":{"start":{"line":52,"column":4},"end":{"line":57,"column":7}},"17":{"start":{"line":64,"column":21},"end":{"line":84,"column":4}},"18":{"start":{"line":65,"column":25},"end":{"line":65,"column":35}},"19":{"start":{"line":66,"column":26},"end":{"line":66,"column":35}},"20":{"start":{"line":68,"column":17},"end":{"line":68,"column":49}},"21":{"start":{"line":70,"column":21},"end":{"line":70,"column":83}},"22":{"start":{"line":72,"column":4},"end":{"line":78,"column":5}},"23":{"start":{"line":73,"column":6},"end":{"line":77,"column":9}},"24":{"start":{"line":80,"column":4},"end":{"line":83,"column":7}},"25":{"start":{"line":90,"column":14},"end":{"line":105,"column":4}},"26":{"start":{"line":91,"column":37},"end":{"line":91,"column":45}},"27":{"start":{"line":93,"column":4},"end":{"line":95,"column":5}},"28":{"start":{"line":94,"column":6},"end":{"line":94,"column":72}},"29":{"start":{"line":97,"column":24},"end":{"line":97,"column":87}},"30":{"start":{"line":99,"column":4},"end":{"line":104,"column":7}},"31":{"start":{"line":108,"column":0},"end":{"line":108,"column":46}}},"fnMap":{"0":{"name":"(anonymous_0)","decl":{"start":{"line":18,"column":26},"end":{"line":18,"column":27}},"loc":{"start":{"line":18,"column":46},"end":{"line":33,"column":3}},"line":18},"1":{"name":"(anonymous_1)","decl":{"start":{"line":39,"column":39},"end":{"line":39,"column":40}},"loc":{"start":{"line":39,"column":59},"end":{"line":58,"column":3}},"line":39},"2":{"name":"(anonymous_2)","decl":{"start":{"line":64,"column":34},"end":{"line":64,"column":35}},"loc":{"start":{"line":64,"column":54},"end":{"line":84,"column":3}},"line":64},"3":{"name":"(anonymous_3)","decl":{"start":{"line":90,"column":27},"end":{"line":90,"column":28}},"loc":{"start":{"line":90,"column":47},"end":{"line":105,"column":3}},"line":90}},"branchMap":{"0":{"loc":{"start":{"line":21,"column":4},"end":{"line":23,"column":5}},"type":"if","locations":[{"start":{"line":21,"column":4},"end":{"line":23,"column":5}},{"start":{},"end":{}}],"line":21},"1":{"loc":{"start":{"line":21,"column":8},"end":{"line":21,"column":26}},"type":"binary-expr","locations":[{"start":{"line":21,"column":8},"end":{"line":21,"column":17}},{"start":{"line":21,"column":21},"end":{"line":21,"column":26}}],"line":21},"2":{"loc":{"start":{"line":43,"column":18},"end":{"line":43,"column":69}},"type":"binary-expr","locations":[{"start":{"line":43,"column":18},"end":{"line":43,"column":27}},{"start":{"line":43,"column":31},"end":{"line":43,"column":69}}],"line":43},"3":{"loc":{"start":{"line":44,"column":21},"end":{"line":44,"column":48}},"type":"binary-expr","locations":[{"start":{"line":44,"column":21},"end":{"line":44,"column":43}},{"start":{"line":44,"column":47},"end":{"line":44,"column":48}}],"line":44},"4":{"loc":{"start":{"line":68,"column":17},"end":{"line":68,"column":49}},"type":"binary-expr","locations":[{"start":{"line":68,"column":17},"end":{"line":68,"column":43}},{"start":{"line":68,"column":47},"end":{"line":68,"column":49}}],"line":68},"5":{"loc":{"start":{"line":72,"column":4},"end":{"line":78,"column":5}},"type":"if","locations":[{"start":{"line":72,"column":4},"end":{"line":78,"column":5}},{"start":{},"end":{}}],"line":72},"6":{"loc":{"start":{"line":93,"column":4},"end":{"line":95,"column":5}},"type":"if","locations":[{"start":{"line":93,"column":4},"end":{"line":95,"column":5}},{"start":{},"end":{}}],"line":93},"7":{"loc":{"start":{"line":93,"column":8},"end":{"line":93,"column":35}},"type":"binary-expr","locations":[{"start":{"line":93,"column":8},"end":{"line":93,"column":17}},{"start":{"line":93,"column":21},"end":{"line":93,"column":26}},{"start":{"line":93,"column":30},"end":{"line":93,"column":35}}],"line":93}},"s":{"0":7,"1":7,"2":7,"3":7,"4":7,"5":2,"6":2,"7":1,"8":1,"9":1,"10":7,"11":1,"12":1,"13":1,"14":1,"15":1,"16":1,"17":7,"18":2,"19":2,"20":2,"21":2,"22":2,"23":1,"24":1,"25":7,"26":2,"27":2,"28":1,"29":1,"30":1,"31":7},"f":{"0":2,"1":1,"2":2,"3":2},"b":{"0":[1,1],"1":[2,1],"2":[1,0],"3":[1,0],"4":[2,0],"5":[1,1],"6":[1,1],"7":[2,2,2]},"_coverageSchema":"1a1c01bbd47fc00a2c39e90264f33305004495a9","hash":"0accea275d1f71ff1dfff308ae8b7cd3653668f9"}
,"C:\\Users\\Admin\\Downloads\\Pruebas-Software\\repov02\\Agendamiento_Citas_Medicas_GrupoD\\03-Code\\MedicalAppointment\\backend\\business-api\\controllers\\scheduling.controller.js": {"path":"C:\\Users\\Admin\\Downloads\\Pruebas-Software\\repov02\\Agendamiento_Citas_Medicas_GrupoD\\03-Code\\MedicalAppointment\\backend\\business-api\\controllers\\scheduling.controller.js","statementMap":{"0":{"start":{"line":8,"column":26},"end":{"line":8,"column":67}},"1":{"start":{"line":9,"column":24},"end":{"line":9,"column":75}},"2":{"start":{"line":10,"column":25},"end":{"line":10,"column":83}},"3":{"start":{"line":11,"column":28},"end":{"line":11,"column":58}},"4":{"start":{"line":18,"column":20},"end":{"line":30,"column":4}},"5":{"start":{"line":19,"column":51},"end":{"line":19,"column":59}},"6":{"start":{"line":20,"column":28},"end":{"line":20,"column":39}},"7":{"start":{"line":22,"column":19},"end":{"line":27,"column":6}},"8":{"start":{"line":29,"column":4},"end":{"line":29,"column":78}},"9":{"start":{"line":36,"column":26},"end":{"line":52,"column":4}},"10":{"start":{"line":37,"column":30},"end":{"line":37,"column":40}},"11":{"start":{"line":38,"column":32},"end":{"line":38,"column":40}},"12":{"start":{"line":39,"column":19},"end":{"line":39,"column":30}},"13":{"start":{"line":41,"column":4},"end":{"line":43,"column":5}},"14":{"start":{"line":42,"column":6},"end":{"line":42,"column":87}},"15":{"start":{"line":45,"column":19},"end":{"line":49,"column":5}},"16":{"start":{"line":51,"column":4},"end":{"line":51,"column":87}},"17":{"start":{"line":58,"column":22},"end":{"line":70,"column":4}},"18":{"start":{"line":59,"column":30},"end":{"line":59,"column":40}},"19":{"start":{"line":60,"column":23},"end":{"line":60,"column":31}},"20":{"start":{"line":61,"column":19},"end":{"line":61,"column":30}},"21":{"start":{"line":63,"column":19},"end":{"line":67,"column":5}},"22":{"start":{"line":69,"column":4},"end":{"line":69,"column":69}},"23":{"start":{"line":76,"column":23},"end":{"line":82,"column":4}},"24":{"start":{"line":77,"column":30},"end":{"line":77,"column":40}},"25":{"start":{"line":79,"column":19},"end":{"line":79,"column":76}},"26":{"start":{"line":81,"column":4},"end":{"line":81,"column":69}},"27":{"start":{"line":88,"column":22},"end":{"line":95,"column":4}},"28":{"start":{"line":89,"column":30},"end":{"line":89,"column":40}},"29":{"start":{"line":90,"column":23},"end":{"line":90,"column":31}},"30":{"start":{"line":92,"column":19},"end":{"line":92,"column":83}},"31":{"start":{"line":94,"column":4},"end":{"line":94,"column":69}},"32":{"start":{"line":101,"column":25},"end":{"line":107,"column":4}},"33":{"start":{"line":102,"column":30},"end":{"line":102,"column":40}},"34":{"start":{"line":104,"column":19},"end":{"line":104,"column":78}},"35":{"start":{"line":106,"column":4},"end":{"line":106,"column":69}},"36":{"start":{"line":113,"column":15},"end":{"line":119,"column":4}},"37":{"start":{"line":114,"column":30},"end":{"line":114,"column":40}},"38":{"start":{"line":116,"column":19},"end":{"line":116,"column":68}},"39":{"start":{"line":118,"column":4},"end":{"line":118,"column":69}},"40":{"start":{"line":125,"column":24},"end":{"line":139,"column":4}},"41":{"start":{"line":126,"column":25},"end":{"line":126,"column":35}},"42":{"start":{"line":127,"column":35},"end":{"line":127,"column":44}},"43":{"start":{"line":129,"column":18},"end":{"line":129,"column":106}},"44":{"start":{"line":130,"column":16},"end":{"line":130,"column":65}},"45":{"start":{"line":132,"column":23},"end":{"line":132,"column":88}},"46":{"start":{"line":134,"column":4},"end":{"line":138,"column":7}},"47":{"start":{"line":145,"column":29},"end":{"line":152,"column":4}},"48":{"start":{"line":146,"column":30},"end":{"line":146,"column":40}},"49":{"start":{"line":147,"column":22},"end":{"line":147,"column":31}},"50":{"start":{"line":149,"column":19},"end":{"line":149,"column":89}},"51":{"start":{"line":151,"column":4},"end":{"line":151,"column":69}},"52":{"start":{"line":158,"column":28},"end":{"line":164,"column":4}},"53":{"start":{"line":159,"column":18},"end":{"line":159,"column":72}},"54":{"start":{"line":161,"column":4},"end":{"line":163,"column":61}},"55":{"start":{"line":167,"column":0},"end":{"line":167,"column":44}}},"fnMap":{"0":{"name":"(anonymous_0)","decl":{"start":{"line":18,"column":33},"end":{"line":18,"column":34}},"loc":{"start":{"line":18,"column":53},"end":{"line":30,"column":3}},"line":18},"1":{"name":"(anonymous_1)","decl":{"start":{"line":36,"column":39},"end":{"line":36,"column":40}},"loc":{"start":{"line":36,"column":59},"end":{"line":52,"column":3}},"line":36},"2":{"name":"(anonymous_2)","decl":{"start":{"line":58,"column":35},"end":{"line":58,"column":36}},"loc":{"start":{"line":58,"column":55},"end":{"line":70,"column":3}},"line":58},"3":{"name":"(anonymous_3)","decl":{"start":{"line":76,"column":36},"end":{"line":76,"column":37}},"loc":{"start":{"line":76,"column":56},"end":{"line":82,"column":3}},"line":76},"4":{"name":"(anonymous_4)","decl":{"start":{"line":88,"column":35},"end":{"line":88,"column":36}},"loc":{"start":{"line":88,"column":55},"end":{"line":95,"column":3}},"line":88},"5":{"name":"(anonymous_5)","decl":{"start":{"line":101,"column":38},"end":{"line":101,"column":39}},"loc":{"start":{"line":101,"column":58},"end":{"line":107,"column":3}},"line":101},"6":{"name":"(anonymous_6)","decl":{"start":{"line":113,"column":28},"end":{"line":113,"column":29}},"loc":{"start":{"line":113,"column":48},"end":{"line":119,"column":3}},"line":113},"7":{"name":"(anonymous_7)","decl":{"start":{"line":125,"column":37},"end":{"line":125,"column":38}},"loc":{"start":{"line":125,"column":57},"end":{"line":139,"column":3}},"line":125},"8":{"name":"(anonymous_8)","decl":{"start":{"line":145,"column":42},"end":{"line":145,"column":43}},"loc":{"start":{"line":145,"column":62},"end":{"line":152,"column":3}},"line":145},"9":{"name":"(anonymous_9)","decl":{"start":{"line":158,"column":41},"end":{"line":158,"column":42}},"loc":{"start":{"line":158,"column":61},"end":{"line":164,"column":3}},"line":158}},"branchMap":{"0":{"loc":{"start":{"line":41,"column":4},"end":{"line":43,"column":5}},"type":"if","locations":[{"start":{"line":41,"column":4},"end":{"line":43,"column":5}},{"start":{},"end":{}}],"line":41},"1":{"loc":{"start":{"line":129,"column":18},"end":{"line":129,"column":106}},"type":"binary-expr","locations":[{"start":{"line":129,"column":18},"end":{"line":129,"column":27}},{"start":{"line":129,"column":31},"end":{"line":129,"column":106}}],"line":129},"2":{"loc":{"start":{"line":130,"column":16},"end":{"line":130,"column":65}},"type":"binary-expr","locations":[{"start":{"line":130,"column":16},"end":{"line":130,"column":23}},{"start":{"line":130,"column":27},"end":{"line":130,"column":65}}],"line":130}},"s":{"0":6,"1":6,"2":6,"3":6,"4":6,"5":1,"6":1,"7":1,"8":1,"9":6,"10":2,"11":2,"12":2,"13":2,"14":1,"15":1,"16":1,"17":6,"18":1,"19":1,"20":1,"21":1,"22":1,"23":6,"24":1,"25":1,"26":1,"27":6,"28":1,"29":1,"30":1,"31":1,"32":6,"33":1,"34":1,"35":1,"36":6,"37":1,"38":1,"39":1,"40":6,"41":1,"42":1,"43":1,"44":1,"45":1,"46":1,"47":6,"48":1,"49":1,"50":1,"51":1,"52":6,"53":1,"54":1,"55":6},"f":{"0":1,"1":2,"2":1,"3":1,"4":1,"5":1,"6":1,"7":1,"8":1,"9":1},"b":{"0":[1,1],"1":[1,1],"2":[1,1]},"_coverageSchema":"1a1c01bbd47fc00a2c39e90264f33305004495a9","hash":"674b68390141c57afadc4da4cdfd480f6eca789c"}
,"C:\\Users\\Admin\\Downloads\\Pruebas-Software\\repov02\\Agendamiento_Citas_Medicas_GrupoD\\03-Code\\MedicalAppointment\\backend\\business-api\\routes\\availability.routes.js": {"path":"C:\\Users\\Admin\\Downloads\\Pruebas-Software\\repov02\\Agendamiento_Citas_Medicas_GrupoD\\03-Code\\MedicalAppointment\\backend\\business-api\\routes\\availability.routes.js","statementMap":{"0":{"start":{"line":8,"column":16},"end":{"line":8,"column":34}},"1":{"start":{"line":9,"column":15},"end":{"line":9,"column":31}},"2":{"start":{"line":10,"column":31},"end":{"line":10,"column":80}},"3":{"start":{"line":11,"column":25},"end":{"line":11,"column":75}},"4":{"start":{"line":20,"column":0},"end":{"line":20,"column":76}},"5":{"start":{"line":27,"column":0},"end":{"line":27,"column":85}},"6":{"start":{"line":34,"column":0},"end":{"line":34,"column":78}},"7":{"start":{"line":41,"column":0},"end":{"line":41,"column":56}},"8":{"start":{"line":43,"column":0},"end":{"line":43,"column":24}}},"fnMap":{},"branchMap":{},"s":{"0":1,"1":0,"2":0,"3":0,"4":0,"5":0,"6":0,"7":0,"8":0},"f":{},"b":{},"_coverageSchema":"1a1c01bbd47fc00a2c39e90264f33305004495a9","hash":"c8f944ea0ed68858ab9a7aac99886d50a1841ce0"}
,"C:\\Users\\Admin\\Downloads\\Pruebas-Software\\repov02\\Agendamiento_Citas_Medicas_GrupoD\\03-Code\\MedicalAppointment\\backend\\business-api\\services\\availability.service.js": {"path":"C:\\Users\\Admin\\Downloads\\Pruebas-Software\\repov02\\Agendamiento_Citas_Medicas_GrupoD\\03-Code\\MedicalAppointment\\backend\\business-api\\services\\availability.service.js","statementMap":{"0":{"start":{"line":8,"column":21},"end":{"line":8,"column":67}},"1":{"start":{"line":9,"column":26},"end":{"line":9,"column":56}},"2":{"start":{"line":10,"column":41},"end":{"line":10,"column":84}},"3":{"start":{"line":11,"column":57},"end":{"line":11,"column":104}},"4":{"start":{"line":22,"column":26},"end":{"line":22,"column":40}},"5":{"start":{"line":23,"column":18},"end":{"line":23,"column":28}},"6":{"start":{"line":24,"column":4},"end":{"line":24,"column":31}},"7":{"start":{"line":26,"column":4},"end":{"line":28,"column":5}},"8":{"start":{"line":27,"column":6},"end":{"line":27,"column":71}},"9":{"start":{"line":31,"column":22},"end":{"line":31,"column":62}},"10":{"start":{"line":32,"column":4},"end":{"line":46,"column":5}},"11":{"start":{"line":34,"column":6},"end":{"line":36,"column":7}},"12":{"start":{"line":35,"column":8},"end":{"line":35,"column":18}},"13":{"start":{"line":38,"column":6},"end":{"line":45,"column":7}},"14":{"start":{"line":39,"column":8},"end":{"line":44,"column":10}},"15":{"start":{"line":49,"column":22},"end":{"line":49,"column":46}},"16":{"start":{"line":50,"column":21},"end":{"line":50,"column":65}},"17":{"start":{"line":52,"column":4},"end":{"line":54,"column":5}},"18":{"start":{"line":53,"column":6},"end":{"line":53,"column":16}},"19":{"start":{"line":57,"column":4},"end":{"line":64,"column":6}},"20":{"start":{"line":75,"column":18},"end":{"line":75,"column":62}},"21":{"start":{"line":76,"column":4},"end":{"line":76,"column":50}},"22":{"start":{"line":76,"column":30},"end":{"line":76,"column":48}},"23":{"start":{"line":87,"column":25},"end":{"line":87,"column":27}},"24":{"start":{"line":88,"column":18},"end":{"line":88,"column":37}},"25":{"start":{"line":90,"column":4},"end":{"line":104,"column":5}},"26":{"start":{"line":90,"column":17},"end":{"line":90,"column":18}},"27":{"start":{"line":91,"column":26},"end":{"line":91,"column":41}},"28":{"start":{"line":92,"column":6},"end":{"line":92,"column":47}},"29":{"start":{"line":93,"column":22},"end":{"line":93,"column":48}},"30":{"start":{"line":95,"column":6},"end":{"line":103,"column":7}},"31":{"start":{"line":96,"column":22},"end":{"line":96,"column":69}},"32":{"start":{"line":97,"column":8},"end":{"line":99,"column":9}},"33":{"start":{"line":98,"column":10},"end":{"line":98,"column":40}},"34":{"start":{"line":102,"column":8},"end":{"line":102,"column":17}},"35":{"start":{"line":106,"column":4},"end":{"line":106,"column":24}},"36":{"start":{"line":116,"column":18},"end":{"line":116,"column":28}},"37":{"start":{"line":118,"column":4},"end":{"line":144,"column":5}},"38":{"start":{"line":118,"column":17},"end":{"line":118,"column":18}},"39":{"start":{"line":119,"column":26},"end":{"line":119,"column":41}},"40":{"start":{"line":120,"column":6},"end":{"line":120,"column":47}},"41":{"start":{"line":121,"column":22},"end":{"line":121,"column":48}},"42":{"start":{"line":123,"column":6},"end":{"line":143,"column":7}},"43":{"start":{"line":124,"column":22},"end":{"line":124,"column":69}},"44":{"start":{"line":127,"column":8},"end":{"line":140,"column":9}},"45":{"start":{"line":128,"column":22},"end":{"line":128,"column":32}},"46":{"start":{"line":129,"column":29},"end":{"line":129,"column":67}},"47":{"start":{"line":130,"column":30},"end":{"line":133,"column":12}},"48":{"start":{"line":131,"column":32},"end":{"line":131,"column":56}},"49":{"start":{"line":132,"column":12},"end":{"line":132,"column":49}},"50":{"start":{"line":135,"column":10},"end":{"line":137,"column":11}},"51":{"start":{"line":136,"column":12},"end":{"line":136,"column":59}},"52":{"start":{"line":138,"column":15},"end":{"line":140,"column":9}},"53":{"start":{"line":139,"column":10},"end":{"line":139,"column":51}},"54":{"start":{"line":142,"column":8},"end":{"line":142,"column":17}},"55":{"start":{"line":146,"column":4},"end":{"line":146,"column":16}},"56":{"start":{"line":154,"column":28},"end":{"line":159,"column":15}},"57":{"start":{"line":161,"column":4},"end":{"line":163,"column":5}},"58":{"start":{"line":162,"column":6},"end":{"line":162,"column":18}},"59":{"start":{"line":165,"column":4},"end":{"line":165,"column":16}},"60":{"start":{"line":173,"column":28},"end":{"line":178,"column":15}},"61":{"start":{"line":180,"column":4},"end":{"line":182,"column":5}},"62":{"start":{"line":181,"column":6},"end":{"line":181,"column":18}},"63":{"start":{"line":184,"column":4},"end":{"line":184,"column":16}},"64":{"start":{"line":192,"column":25},"end":{"line":192,"column":49}},"65":{"start":{"line":193,"column":23},"end":{"line":193,"column":45}},"66":{"start":{"line":194,"column":25},"end":{"line":194,"column":59}},"67":{"start":{"line":196,"column":30},"end":{"line":196,"column":75}},"68":{"start":{"line":197,"column":28},"end":{"line":197,"column":69}},"69":{"start":{"line":200,"column":24},"end":{"line":200,"column":66}},"70":{"start":{"line":202,"column":18},"end":{"line":202,"column":20}},"71":{"start":{"line":203,"column":25},"end":{"line":203,"column":37}},"72":{"start":{"line":205,"column":4},"end":{"line":223,"column":5}},"73":{"start":{"line":206,"column":20},"end":{"line":206,"column":51}},"74":{"start":{"line":207,"column":22},"end":{"line":207,"column":41}},"75":{"start":{"line":208,"column":22},"end":{"line":208,"column":99}},"76":{"start":{"line":211,"column":24},"end":{"line":212,"column":79}},"77":{"start":{"line":214,"column":6},"end":{"line":220,"column":7}},"78":{"start":{"line":215,"column":8},"end":{"line":219,"column":11}},"79":{"start":{"line":222,"column":6},"end":{"line":222,"column":37}},"80":{"start":{"line":225,"column":4},"end":{"line":225,"column":17}},"81":{"start":{"line":235,"column":23},"end":{"line":235,"column":41}},"82":{"start":{"line":236,"column":21},"end":{"line":236,"column":39}},"83":{"start":{"line":238,"column":28},"end":{"line":247,"column":79}},"84":{"start":{"line":249,"column":4},"end":{"line":252,"column":5}},"85":{"start":{"line":250,"column":6},"end":{"line":250,"column":58}},"86":{"start":{"line":251,"column":6},"end":{"line":251,"column":16}},"87":{"start":{"line":254,"column":4},"end":{"line":260,"column":23}},"88":{"start":{"line":255,"column":6},"end":{"line":255,"column":44}},"89":{"start":{"line":255,"column":32},"end":{"line":255,"column":44}},"90":{"start":{"line":256,"column":19},"end":{"line":256,"column":48}},"91":{"start":{"line":257,"column":20},"end":{"line":257,"column":63}},"92":{"start":{"line":258,"column":22},"end":{"line":258,"column":67}},"93":{"start":{"line":259,"column":6},"end":{"line":259,"column":35}},"94":{"start":{"line":268,"column":17},"end":{"line":268,"column":34}},"95":{"start":{"line":269,"column":4},"end":{"line":269,"column":25}},"96":{"start":{"line":273,"column":0},"end":{"line":273,"column":43}}},"fnMap":{"0":{"name":"(anonymous_0)","decl":{"start":{"line":20,"column":2},"end":{"line":20,"column":3}},"loc":{"start":{"line":20,"column":42},"end":{"line":65,"column":3}},"line":20},"1":{"name":"(anonymous_1)","decl":{"start":{"line":74,"column":2},"end":{"line":74,"column":3}},"loc":{"start":{"line":74,"column":46},"end":{"line":77,"column":3}},"line":74},"2":{"name":"(anonymous_2)","decl":{"start":{"line":76,"column":22},"end":{"line":76,"column":23}},"loc":{"start":{"line":76,"column":30},"end":{"line":76,"column":48}},"line":76},"3":{"name":"(anonymous_3)","decl":{"start":{"line":86,"column":2},"end":{"line":86,"column":3}},"loc":{"start":{"line":86,"column":62},"end":{"line":107,"column":3}},"line":86},"4":{"name":"(anonymous_4)","decl":{"start":{"line":115,"column":2},"end":{"line":115,"column":3}},"loc":{"start":{"line":115,"column":55},"end":{"line":147,"column":3}},"line":115},"5":{"name":"(anonymous_5)","decl":{"start":{"line":130,"column":43},"end":{"line":130,"column":44}},"loc":{"start":{"line":130,"column":51},"end":{"line":133,"column":11}},"line":130},"6":{"name":"(anonymous_6)","decl":{"start":{"line":153,"column":2},"end":{"line":153,"column":3}},"loc":{"start":{"line":153,"column":38},"end":{"line":166,"column":3}},"line":153},"7":{"name":"(anonymous_7)","decl":{"start":{"line":172,"column":2},"end":{"line":172,"column":3}},"loc":{"start":{"line":172,"column":42},"end":{"line":185,"column":3}},"line":172},"8":{"name":"(anonymous_8)","decl":{"start":{"line":191,"column":2},"end":{"line":191,"column":3}},"loc":{"start":{"line":191,"column":95},"end":{"line":226,"column":3}},"line":191},"9":{"name":"(anonymous_9)","decl":{"start":{"line":233,"column":2},"end":{"line":233,"column":3}},"loc":{"start":{"line":233,"column":40},"end":{"line":261,"column":3}},"line":233},"10":{"name":"(anonymous_10)","decl":{"start":{"line":254,"column":28},"end":{"line":254,"column":29}},"loc":{"start":{"line":254,"column":35},"end":{"line":260,"column":5}},"line":254},"11":{"name":"(anonymous_11)","decl":{"start":{"line":267,"column":2},"end":{"line":267,"column":3}},"loc":{"start":{"line":267,"column":25},"end":{"line":270,"column":3}},"line":267}},"branchMap":{"0":{"loc":{"start":{"line":26,"column":4},"end":{"line":28,"column":5}},"type":"if","locations":[{"start":{"line":26,"column":4},"end":{"line":28,"column":5}},{"start":{},"end":{}}],"line":26},"1":{"loc":{"start":{"line":32,"column":4},"end":{"line":46,"column":5}},"type":"if","locations":[{"start":{"line":32,"column":4},"end":{"line":46,"column":5}},{"start":{},"end":{}}],"line":32},"2":{"loc":{"start":{"line":34,"column":6},"end":{"line":36,"column":7}},"type":"if","locations":[{"start":{"line":34,"column":6},"end":{"line":36,"column":7}},{"start":{},"end":{}}],"line":34},"3":{"loc":{"start":{"line":34,"column":10},"end":{"line":34,"column":91}},"type":"binary-expr","locations":[{"start":{"line":34,"column":10},"end":{"line":34,"column":49}},{"start":{"line":34,"column":53},"end":{"line":34,"column":91}}],"line":34},"4":{"loc":{"start":{"line":38,"column":6},"end":{"line":45,"column":7}},"type":"if","locations":[{"start":{"line":38,"column":6},"end":{"line":45,"column":7}},{"start":{},"end":{}}],"line":38},"5":{"loc":{"start":{"line":38,"column":10},"end":{"line":38,"column":72}},"type":"binary-expr","locations":[{"start":{"line":38,"column":10},"end":{"line":38,"column":40}},{"start":{"line":38,"column":44},"end":{"line":38,"column":72}}],"line":38},"6":{"loc":{"start":{"line":52,"column":4},"end":{"line":54,"column":5}},"type":"if","locations":[{"start":{"line":52,"column":4},"end":{"line":54,"column":5}},{"start":{},"end":{}}],"line":52},"7":{"loc":{"start":{"line":52,"column":8},"end":{"line":52,"column":45}},"type":"binary-expr","locations":[{"start":{"line":52,"column":8},"end":{"line":52,"column":17}},{"start":{"line":52,"column":21},"end":{"line":52,"column":45}}],"line":52},"8":{"loc":{"start":{"line":86,"column":51},"end":{"line":86,"column":60}},"type":"default-arg","locations":[{"start":{"line":86,"column":59},"end":{"line":86,"column":60}}],"line":86},"9":{"loc":{"start":{"line":97,"column":8},"end":{"line":99,"column":9}},"type":"if","locations":[{"start":{"line":97,"column":8},"end":{"line":99,"column":9}},{"start":{},"end":{}}],"line":97},"10":{"loc":{"start":{"line":115,"column":39},"end":{"line":115,"column":53}},"type":"default-arg","locations":[{"start":{"line":115,"column":51},"end":{"line":115,"column":53}}],"line":115},"11":{"loc":{"start":{"line":127,"column":8},"end":{"line":140,"column":9}},"type":"if","locations":[{"start":{"line":127,"column":8},"end":{"line":140,"column":9}},{"start":{"line":138,"column":15},"end":{"line":140,"column":9}}],"line":127},"12":{"loc":{"start":{"line":135,"column":10},"end":{"line":137,"column":11}},"type":"if","locations":[{"start":{"line":135,"column":10},"end":{"line":137,"column":11}},{"start":{},"end":{}}],"line":135},"13":{"loc":{"start":{"line":138,"column":15},"end":{"line":140,"column":9}},"type":"if","locations":[{"start":{"line":138,"column":15},"end":{"line":140,"column":9}},{"start":{},"end":{}}],"line":138},"14":{"loc":{"start":{"line":161,"column":4},"end":{"line":163,"column":5}},"type":"if","locations":[{"start":{"line":161,"column":4},"end":{"line":163,"column":5}},{"start":{},"end":{}}],"line":161},"15":{"loc":{"start":{"line":161,"column":8},"end":{"line":161,"column":42}},"type":"binary-expr","locations":[{"start":{"line":161,"column":8},"end":{"line":161,"column":13}},{"start":{"line":161,"column":17},"end":{"line":161,"column":42}}],"line":161},"16":{"loc":{"start":{"line":180,"column":4},"end":{"line":182,"column":5}},"type":"if","locations":[{"start":{"line":180,"column":4},"end":{"line":182,"column":5}},{"start":{},"end":{}}],"line":180},"17":{"loc":{"start":{"line":180,"column":8},"end":{"line":180,"column":42}},"type":"binary-expr","locations":[{"start":{"line":180,"column":8},"end":{"line":180,"column":13}},{"start":{"line":180,"column":17},"end":{"line":180,"column":42}}],"line":180},"18":{"loc":{"start":{"line":191,"column":59},"end":{"line":191,"column":76}},"type":"default-arg","locations":[{"start":{"line":191,"column":72},"end":{"line":191,"column":76}}],"line":191},"19":{"loc":{"start":{"line":191,"column":78},"end":{"line":191,"column":93}},"type":"default-arg","locations":[{"start":{"line":191,"column":89},"end":{"line":191,"column":93}}],"line":191},"20":{"loc":{"start":{"line":194,"column":25},"end":{"line":194,"column":59}},"type":"binary-expr","locations":[{"start":{"line":194,"column":25},"end":{"line":194,"column":53}},{"start":{"line":194,"column":57},"end":{"line":194,"column":59}}],"line":194},"21":{"loc":{"start":{"line":196,"column":30},"end":{"line":196,"column":75}},"type":"cond-expr","locations":[{"start":{"line":196,"column":43},"end":{"line":196,"column":68}},{"start":{"line":196,"column":71},"end":{"line":196,"column":75}}],"line":196},"22":{"loc":{"start":{"line":197,"column":28},"end":{"line":197,"column":69}},"type":"cond-expr","locations":[{"start":{"line":197,"column":39},"end":{"line":197,"column":62}},{"start":{"line":197,"column":65},"end":{"line":197,"column":69}}],"line":197},"23":{"loc":{"start":{"line":211,"column":24},"end":{"line":212,"column":79}},"type":"binary-expr","locations":[{"start":{"line":211,"column":24},"end":{"line":211,"column":41}},{"start":{"line":211,"column":45},"end":{"line":211,"column":60}},{"start":{"line":212,"column":8},"end":{"line":212,"column":43}},{"start":{"line":212,"column":47},"end":{"line":212,"column":79}}],"line":211},"24":{"loc":{"start":{"line":214,"column":6},"end":{"line":220,"column":7}},"type":"if","locations":[{"start":{"line":214,"column":6},"end":{"line":220,"column":7}},{"start":{},"end":{}}],"line":214},"25":{"loc":{"start":{"line":214,"column":10},"end":{"line":214,"column":54}},"type":"binary-expr","locations":[{"start":{"line":214,"column":10},"end":{"line":214,"column":20}},{"start":{"line":214,"column":24},"end":{"line":214,"column":54}}],"line":214},"26":{"loc":{"start":{"line":249,"column":4},"end":{"line":252,"column":5}},"type":"if","locations":[{"start":{"line":249,"column":4},"end":{"line":252,"column":5}},{"start":{},"end":{}}],"line":249},"27":{"loc":{"start":{"line":254,"column":12},"end":{"line":254,"column":22}},"type":"binary-expr","locations":[{"start":{"line":254,"column":12},"end":{"line":254,"column":16}},{"start":{"line":254,"column":20},"end":{"line":254,"column":22}}],"line":254},"28":{"loc":{"start":{"line":255,"column":6},"end":{"line":255,"column":44}},"type":"if","locations":[{"start":{"line":255,"column":6},"end":{"line":255,"column":44}},{"start":{},"end":{}}],"line":255}},"s":{"0":16,"1":16,"2":16,"3":16,"4":7,"5":7,"6":7,"7":7,"8":1,"9":6,"10":6,"11":3,"12":2,"13":1,"14":1,"15":3,"16":3,"17":3,"18":2,"19":1,"20":1,"21":1,"22":2,"23":2,"24":2,"25":2,"26":2,"27":14,"28":14,"29":14,"30":14,"31":14,"32":13,"33":2,"34":1,"35":2,"36":2,"37":2,"38":2,"39":5,"40":5,"41":5,"42":5,"43":5,"44":5,"45":2,"46":2,"47":2,"48":0,"49":0,"50":2,"51":0,"52":3,"53":1,"54":0,"55":1,"56":7,"57":7,"58":1,"59":6,"60":4,"61":4,"62":1,"63":3,"64":2,"65":2,"66":2,"67":2,"68":2,"69":2,"70":2,"71":2,"72":2,"73":6,"74":6,"75":6,"76":6,"77":6,"78":4,"79":6,"80":2,"81":4,"82":4,"83":4,"84":4,"85":1,"86":1,"87":3,"88":3,"89":1,"90":2,"91":2,"92":2,"93":2,"94":4,"95":4,"96":16},"f":{"0":7,"1":1,"2":2,"3":2,"4":2,"5":0,"6":7,"7":4,"8":2,"9":4,"10":3,"11":4},"b":{"0":[1,6],"1":[3,3],"2":[2,1],"3":[3,2],"4":[1,0],"5":[1,1],"6":[2,1],"7":[3,2],"8":[0],"9":[2,11],"10":[0],"11":[2,3],"12":[0,2],"13":[1,2],"14":[1,6],"15":[7,4],"16":[1,3],"17":[4,2],"18":[1],"19":[1],"20":[2,2],"21":[1,1],"22":[1,1],"23":[6,4,4,2],"24":[4,2],"25":[6,5],"26":[1,3],"27":[3,0],"28":[1,2]},"_coverageSchema":"1a1c01bbd47fc00a2c39e90264f33305004495a9","hash":"7ae8c0df8455c592da34f23caffcf02af0b25f7b"}
,"C:\\Users\\Admin\\Downloads\\Pruebas-Software\\repov02\\Agendamiento_Citas_Medicas_GrupoD\\03-Code\\MedicalAppointment\\backend\\business-api\\services\\billingCalculation.service.js": {"path":"C:\\Users\\Admin\\Downloads\\Pruebas-Software\\repov02\\Agendamiento_Citas_Medicas_GrupoD\\03-Code\\MedicalAppointment\\backend\\business-api\\services\\billingCalculation.service.js","statementMap":{"0":{"start":{"line":10,"column":21},"end":{"line":10,"column":67}},"1":{"start":{"line":11,"column":41},"end":{"line":11,"column":71}},"2":{"start":{"line":12,"column":45},"end":{"line":12,"column":92}},"3":{"start":{"line":18,"column":30},"end":{"line":18,"column":35}},"4":{"start":{"line":23,"column":32},"end":{"line":28,"column":3}},"5":{"start":{"line":41,"column":41},"end":{"line":56,"column":15}},"6":{"start":{"line":58,"column":4},"end":{"line":60,"column":5}},"7":{"start":{"line":59,"column":6},"end":{"line":59,"column":53}},"8":{"start":{"line":63,"column":34},"end":{"line":67,"column":15}},"9":{"start":{"line":70,"column":30},"end":{"line":70,"column":34}},"10":{"start":{"line":71,"column":4},"end":{"line":79,"column":5}},"11":{"start":{"line":72,"column":33},"end":{"line":77,"column":17}},"12":{"start":{"line":78,"column":6},"end":{"line":78,"column":41}},"13":{"start":{"line":81,"column":25},"end":{"line":81,"column":46}},"14":{"start":{"line":84,"column":26},"end":{"line":84,"column":28}},"15":{"start":{"line":85,"column":4},"end":{"line":89,"column":5}},"16":{"start":{"line":86,"column":20},"end":{"line":86,"column":57}},"17":{"start":{"line":87,"column":18},"end":{"line":87,"column":53}},"18":{"start":{"line":88,"column":6},"end":{"line":88,"column":64}},"19":{"start":{"line":92,"column":23},"end":{"line":92,"column":61}},"20":{"start":{"line":93,"column":31},"end":{"line":93,"column":75}},"21":{"start":{"line":96,"column":30},"end":{"line":98,"column":9}},"22":{"start":{"line":101,"column":21},"end":{"line":101,"column":52}},"23":{"start":{"line":102,"column":36},"end":{"line":102,"column":72}},"24":{"start":{"line":103,"column":24},"end":{"line":103,"column":58}},"25":{"start":{"line":105,"column":4},"end":{"line":121,"column":6}},"26":{"start":{"line":130,"column":24},"end":{"line":130,"column":66}},"27":{"start":{"line":133,"column":34},"end":{"line":140,"column":15}},"28":{"start":{"line":143,"column":26},"end":{"line":143,"column":55}},"29":{"start":{"line":146,"column":19},"end":{"line":146,"column":52}},"30":{"start":{"line":149,"column":38},"end":{"line":153,"column":15}},"31":{"start":{"line":155,"column":4},"end":{"line":157,"column":5}},"32":{"start":{"line":156,"column":6},"end":{"line":156,"column":70}},"33":{"start":{"line":161,"column":37},"end":{"line":180,"column":15}},"34":{"start":{"line":182,"column":4},"end":{"line":182,"column":27}},"35":{"start":{"line":182,"column":15},"end":{"line":182,"column":27}},"36":{"start":{"line":184,"column":4},"end":{"line":184,"column":19}},"37":{"start":{"line":194,"column":54},"end":{"line":194,"column":65}},"38":{"start":{"line":197,"column":49},"end":{"line":201,"column":15}},"39":{"start":{"line":203,"column":4},"end":{"line":205,"column":5}},"40":{"start":{"line":204,"column":6},"end":{"line":204,"column":52}},"41":{"start":{"line":207,"column":4},"end":{"line":209,"column":5}},"42":{"start":{"line":208,"column":6},"end":{"line":208,"column":60}},"43":{"start":{"line":211,"column":37},"end":{"line":221,"column":15}},"44":{"start":{"line":223,"column":4},"end":{"line":223,"column":27}},"45":{"start":{"line":223,"column":15},"end":{"line":223,"column":27}},"46":{"start":{"line":225,"column":4},"end":{"line":225,"column":19}},"47":{"start":{"line":235,"column":46},"end":{"line":235,"column":55}},"48":{"start":{"line":237,"column":49},"end":{"line":241,"column":15}},"49":{"start":{"line":243,"column":4},"end":{"line":245,"column":5}},"50":{"start":{"line":244,"column":6},"end":{"line":244,"column":52}},"51":{"start":{"line":247,"column":34},"end":{"line":247,"column":85}},"52":{"start":{"line":251,"column":22},"end":{"line":251,"column":75}},"53":{"start":{"line":253,"column":37},"end":{"line":262,"column":15}},"54":{"start":{"line":264,"column":4},"end":{"line":264,"column":27}},"55":{"start":{"line":264,"column":15},"end":{"line":264,"column":27}},"56":{"start":{"line":266,"column":4},"end":{"line":271,"column":6}},"57":{"start":{"line":280,"column":45},"end":{"line":280,"column":52}},"58":{"start":{"line":282,"column":16},"end":{"line":288,"column":8}},"59":{"start":{"line":290,"column":4},"end":{"line":292,"column":5}},"60":{"start":{"line":291,"column":6},"end":{"line":291,"column":49}},"61":{"start":{"line":293,"column":4},"end":{"line":295,"column":5}},"62":{"start":{"line":294,"column":6},"end":{"line":294,"column":47}},"63":{"start":{"line":297,"column":28},"end":{"line":297,"column":39}},"64":{"start":{"line":299,"column":4},"end":{"line":299,"column":27}},"65":{"start":{"line":299,"column":15},"end":{"line":299,"column":27}},"66":{"start":{"line":301,"column":18},"end":{"line":308,"column":5}},"67":{"start":{"line":310,"column":4},"end":{"line":331,"column":7}},"68":{"start":{"line":311,"column":25},"end":{"line":311,"column":49}},"69":{"start":{"line":312,"column":6},"end":{"line":312,"column":70}},"70":{"start":{"line":314,"column":6},"end":{"line":316,"column":7}},"71":{"start":{"line":315,"column":8},"end":{"line":315,"column":61}},"72":{"start":{"line":317,"column":6},"end":{"line":317,"column":41}},"73":{"start":{"line":318,"column":6},"end":{"line":318,"column":85}},"74":{"start":{"line":320,"column":6},"end":{"line":330,"column":7}},"75":{"start":{"line":322,"column":10},"end":{"line":322,"column":72}},"76":{"start":{"line":323,"column":10},"end":{"line":323,"column":16}},"77":{"start":{"line":325,"column":10},"end":{"line":325,"column":75}},"78":{"start":{"line":326,"column":10},"end":{"line":326,"column":16}},"79":{"start":{"line":328,"column":10},"end":{"line":328,"column":75}},"80":{"start":{"line":329,"column":10},"end":{"line":329,"column":16}},"81":{"start":{"line":333,"column":4},"end":{"line":335,"column":10}},"82":{"start":{"line":337,"column":4},"end":{"line":337,"column":17}},"83":{"start":{"line":346,"column":28},"end":{"line":362,"column":48}},"84":{"start":{"line":364,"column":4},"end":{"line":364,"column":27}},"85":{"start":{"line":364,"column":15},"end":{"line":364,"column":27}},"86":{"start":{"line":368,"column":4},"end":{"line":377,"column":8}},"87":{"start":{"line":368,"column":37},"end":{"line":377,"column":5}},"88":{"start":{"line":389,"column":4},"end":{"line":391,"column":5}},"89":{"start":{"line":390,"column":6},"end":{"line":390,"column":81}},"90":{"start":{"line":394,"column":4},"end":{"line":394,"column":56}},"91":{"start":{"line":401,"column":4},"end":{"line":403,"column":5}},"92":{"start":{"line":402,"column":6},"end":{"line":402,"column":25}},"93":{"start":{"line":404,"column":4},"end":{"line":404,"column":21}},"94":{"start":{"line":411,"column":4},"end":{"line":411,"column":30}},"95":{"start":{"line":411,"column":21},"end":{"line":411,"column":30}},"96":{"start":{"line":413,"column":21},"end":{"line":418,"column":15}},"97":{"start":{"line":420,"column":4},"end":{"line":420,"column":62}},"98":{"start":{"line":424,"column":4},"end":{"line":424,"column":37}},"99":{"start":{"line":424,"column":26},"end":{"line":424,"column":37}},"100":{"start":{"line":426,"column":22},"end":{"line":428,"column":28}},"101":{"start":{"line":428,"column":22},"end":{"line":428,"column":27}},"102":{"start":{"line":431,"column":4},"end":{"line":435,"column":5}},"103":{"start":{"line":432,"column":6},"end":{"line":434,"column":7}},"104":{"start":{"line":433,"column":8},"end":{"line":433,"column":67}},"105":{"start":{"line":438,"column":4},"end":{"line":438,"column":15}},"106":{"start":{"line":442,"column":19},"end":{"line":442,"column":24}},"107":{"start":{"line":443,"column":20},"end":{"line":443,"column":77}},"108":{"start":{"line":446,"column":18},"end":{"line":446,"column":36}},"109":{"start":{"line":447,"column":4},"end":{"line":447,"column":34}},"110":{"start":{"line":448,"column":19},"end":{"line":448,"column":65}},"111":{"start":{"line":450,"column":4},"end":{"line":450,"column":44}},"112":{"start":{"line":458,"column":26},"end":{"line":458,"column":69}},"113":{"start":{"line":459,"column":4},"end":{"line":459,"column":71}},"114":{"start":{"line":463,"column":0},"end":{"line":463,"column":49}}},"fnMap":{"0":{"name":"(anonymous_0)","decl":{"start":{"line":39,"column":2},"end":{"line":39,"column":3}},"loc":{"start":{"line":39,"column":40},"end":{"line":122,"column":3}},"line":39},"1":{"name":"(anonymous_1)","decl":{"start":{"line":129,"column":2},"end":{"line":129,"column":3}},"loc":{"start":{"line":129,"column":45},"end":{"line":185,"column":3}},"line":129},"2":{"name":"(anonymous_2)","decl":{"start":{"line":193,"column":2},"end":{"line":193,"column":3}},"loc":{"start":{"line":193,"column":47},"end":{"line":226,"column":3}},"line":193},"3":{"name":"(anonymous_3)","decl":{"start":{"line":234,"column":2},"end":{"line":234,"column":3}},"loc":{"start":{"line":234,"column":50},"end":{"line":272,"column":3}},"line":234},"4":{"name":"(anonymous_4)","decl":{"start":{"line":279,"column":2},"end":{"line":279,"column":3}},"loc":{"start":{"line":279,"column":43},"end":{"line":338,"column":3}},"line":279},"5":{"name":"(anonymous_5)","decl":{"start":{"line":310,"column":17},"end":{"line":310,"column":18}},"loc":{"start":{"line":310,"column":25},"end":{"line":331,"column":5}},"line":310},"6":{"name":"(anonymous_6)","decl":{"start":{"line":345,"column":2},"end":{"line":345,"column":3}},"loc":{"start":{"line":345,"column":35},"end":{"line":378,"column":3}},"line":345},"7":{"name":"(anonymous_7)","decl":{"start":{"line":368,"column":28},"end":{"line":368,"column":29}},"loc":{"start":{"line":368,"column":37},"end":{"line":377,"column":5}},"line":368},"8":{"name":"(anonymous_8)","decl":{"start":{"line":387,"column":2},"end":{"line":387,"column":3}},"loc":{"start":{"line":387,"column":36},"end":{"line":395,"column":3}},"line":387},"9":{"name":"(anonymous_9)","decl":{"start":{"line":400,"column":2},"end":{"line":400,"column":3}},"loc":{"start":{"line":400,"column":31},"end":{"line":405,"column":3}},"line":400},"10":{"name":"(anonymous_10)","decl":{"start":{"line":410,"column":2},"end":{"line":410,"column":3}},"loc":{"start":{"line":410,"column":42},"end":{"line":421,"column":3}},"line":410},"11":{"name":"(anonymous_11)","decl":{"start":{"line":423,"column":2},"end":{"line":423,"column":3}},"loc":{"start":{"line":423,"column":42},"end":{"line":439,"column":3}},"line":423},"12":{"name":"(anonymous_12)","decl":{"start":{"line":428,"column":12},"end":{"line":428,"column":13}},"loc":{"start":{"line":428,"column":22},"end":{"line":428,"column":27}},"line":428},"13":{"name":"(anonymous_13)","decl":{"start":{"line":441,"column":2},"end":{"line":441,"column":3}},"loc":{"start":{"line":441,"column":27},"end":{"line":451,"column":1}},"line":441},"14":{"name":"(anonymous_14)","decl":{"start":{"line":457,"column":2},"end":{"line":457,"column":3}},"loc":{"start":{"line":457,"column":32},"end":{"line":460,"column":3}},"line":457}},"branchMap":{"0":{"loc":{"start":{"line":58,"column":4},"end":{"line":60,"column":5}},"type":"if","locations":[{"start":{"line":58,"column":4},"end":{"line":60,"column":5}},{"start":{},"end":{}}],"line":58},"1":{"loc":{"start":{"line":58,"column":8},"end":{"line":58,"column":29}},"type":"binary-expr","locations":[{"start":{"line":58,"column":8},"end":{"line":58,"column":13}},{"start":{"line":58,"column":17},"end":{"line":58,"column":29}}],"line":58},"2":{"loc":{"start":{"line":71,"column":4},"end":{"line":79,"column":5}},"type":"if","locations":[{"start":{"line":71,"column":4},"end":{"line":79,"column":5}},{"start":{},"end":{}}],"line":71},"3":{"loc":{"start":{"line":85,"column":4},"end":{"line":89,"column":5}},"type":"if","locations":[{"start":{"line":85,"column":4},"end":{"line":89,"column":5}},{"start":{},"end":{}}],"line":85},"4":{"loc":{"start":{"line":85,"column":8},"end":{"line":85,"column":64}},"type":"binary-expr","locations":[{"start":{"line":85,"column":8},"end":{"line":85,"column":35}},{"start":{"line":85,"column":39},"end":{"line":85,"column":64}}],"line":85},"5":{"loc":{"start":{"line":96,"column":30},"end":{"line":98,"column":9}},"type":"cond-expr","locations":[{"start":{"line":97,"column":8},"end":{"line":97,"column":61}},{"start":{"line":98,"column":8},"end":{"line":98,"column":9}}],"line":96},"6":{"loc":{"start":{"line":120,"column":21},"end":{"line":120,"column":72}},"type":"binary-expr","locations":[{"start":{"line":120,"column":21},"end":{"line":120,"column":59}},{"start":{"line":120,"column":63},"end":{"line":120,"column":72}}],"line":120},"7":{"loc":{"start":{"line":155,"column":4},"end":{"line":157,"column":5}},"type":"if","locations":[{"start":{"line":155,"column":4},"end":{"line":157,"column":5}},{"start":{},"end":{}}],"line":155},"8":{"loc":{"start":{"line":182,"column":4},"end":{"line":182,"column":27}},"type":"if","locations":[{"start":{"line":182,"column":4},"end":{"line":182,"column":27}},{"start":{},"end":{}}],"line":182},"9":{"loc":{"start":{"line":203,"column":4},"end":{"line":205,"column":5}},"type":"if","locations":[{"start":{"line":203,"column":4},"end":{"line":205,"column":5}},{"start":{},"end":{}}],"line":203},"10":{"loc":{"start":{"line":203,"column":8},"end":{"line":203,"column":30}},"type":"binary-expr","locations":[{"start":{"line":203,"column":8},"end":{"line":203,"column":18}},{"start":{"line":203,"column":22},"end":{"line":203,"column":30}}],"line":203},"11":{"loc":{"start":{"line":207,"column":4},"end":{"line":209,"column":5}},"type":"if","locations":[{"start":{"line":207,"column":4},"end":{"line":209,"column":5}},{"start":{},"end":{}}],"line":207},"12":{"loc":{"start":{"line":223,"column":4},"end":{"line":223,"column":27}},"type":"if","locations":[{"start":{"line":223,"column":4},"end":{"line":223,"column":27}},{"start":{},"end":{}}],"line":223},"13":{"loc":{"start":{"line":243,"column":4},"end":{"line":245,"column":5}},"type":"if","locations":[{"start":{"line":243,"column":4},"end":{"line":245,"column":5}},{"start":{},"end":{}}],"line":243},"14":{"loc":{"start":{"line":243,"column":8},"end":{"line":243,"column":30}},"type":"binary-expr","locations":[{"start":{"line":243,"column":8},"end":{"line":243,"column":18}},{"start":{"line":243,"column":22},"end":{"line":243,"column":30}}],"line":243},"15":{"loc":{"start":{"line":251,"column":22},"end":{"line":251,"column":75}},"type":"cond-expr","locations":[{"start":{"line":251,"column":52},"end":{"line":251,"column":58}},{"start":{"line":251,"column":61},"end":{"line":251,"column":75}}],"line":251},"16":{"loc":{"start":{"line":264,"column":4},"end":{"line":264,"column":27}},"type":"if","locations":[{"start":{"line":264,"column":4},"end":{"line":264,"column":27}},{"start":{},"end":{}}],"line":264},"17":{"loc":{"start":{"line":279,"column":29},"end":{"line":279,"column":41}},"type":"default-arg","locations":[{"start":{"line":279,"column":39},"end":{"line":279,"column":41}}],"line":279},"18":{"loc":{"start":{"line":290,"column":4},"end":{"line":292,"column":5}},"type":"if","locations":[{"start":{"line":290,"column":4},"end":{"line":292,"column":5}},{"start":{},"end":{}}],"line":290},"19":{"loc":{"start":{"line":293,"column":4},"end":{"line":295,"column":5}},"type":"if","locations":[{"start":{"line":293,"column":4},"end":{"line":295,"column":5}},{"start":{},"end":{}}],"line":293},"20":{"loc":{"start":{"line":299,"column":4},"end":{"line":299,"column":27}},"type":"if","locations":[{"start":{"line":299,"column":4},"end":{"line":299,"column":27}},{"start":{},"end":{}}],"line":299},"21":{"loc":{"start":{"line":311,"column":25},"end":{"line":311,"column":49}},"type":"binary-expr","locations":[{"start":{"line":311,"column":25},"end":{"line":311,"column":36}},{"start":{"line":311,"column":40},"end":{"line":311,"column":49}}],"line":311},"22":{"loc":{"start":{"line":312,"column":28},"end":{"line":312,"column":69}},"type":"binary-expr","locations":[{"start":{"line":312,"column":28},"end":{"line":312,"column":64}},{"start":{"line":312,"column":68},"end":{"line":312,"column":69}}],"line":312},"23":{"loc":{"start":{"line":314,"column":6},"end":{"line":316,"column":7}},"type":"if","locations":[{"start":{"line":314,"column":6},"end":{"line":316,"column":7}},{"start":{},"end":{}}],"line":314},"24":{"loc":{"start":{"line":318,"column":43},"end":{"line":318,"column":84}},"type":"binary-expr","locations":[{"start":{"line":318,"column":43},"end":{"line":318,"column":79}},{"start":{"line":318,"column":83},"end":{"line":318,"column":84}}],"line":318},"25":{"loc":{"start":{"line":320,"column":6},"end":{"line":330,"column":7}},"type":"switch","locations":[{"start":{"line":321,"column":8},"end":{"line":323,"column":16}},{"start":{"line":324,"column":8},"end":{"line":326,"column":16}},{"start":{"line":327,"column":8},"end":{"line":329,"column":16}}],"line":320},"26":{"loc":{"start":{"line":322,"column":30},"end":{"line":322,"column":71}},"type":"binary-expr","locations":[{"start":{"line":322,"column":30},"end":{"line":322,"column":66}},{"start":{"line":322,"column":70},"end":{"line":322,"column":71}}],"line":322},"27":{"loc":{"start":{"line":325,"column":33},"end":{"line":325,"column":74}},"type":"binary-expr","locations":[{"start":{"line":325,"column":33},"end":{"line":325,"column":69}},{"start":{"line":325,"column":73},"end":{"line":325,"column":74}}],"line":325},"28":{"loc":{"start":{"line":328,"column":33},"end":{"line":328,"column":74}},"type":"binary-expr","locations":[{"start":{"line":328,"column":33},"end":{"line":328,"column":69}},{"start":{"line":328,"column":73},"end":{"line":328,"column":74}}],"line":328},"29":{"loc":{"start":{"line":333,"column":27},"end":{"line":335,"column":9}},"type":"cond-expr","locations":[{"start":{"line":334,"column":8},"end":{"line":334,"column":66}},{"start":{"line":335,"column":8},"end":{"line":335,"column":9}}],"line":333},"30":{"loc":{"start":{"line":364,"column":4},"end":{"line":364,"column":27}},"type":"if","locations":[{"start":{"line":364,"column":4},"end":{"line":364,"column":27}},{"start":{},"end":{}}],"line":364},"31":{"loc":{"start":{"line":368,"column":12},"end":{"line":368,"column":22}},"type":"binary-expr","locations":[{"start":{"line":368,"column":12},"end":{"line":368,"column":16}},{"start":{"line":368,"column":20},"end":{"line":368,"column":22}}],"line":368},"32":{"loc":{"start":{"line":370,"column":14},"end":{"line":370,"column":36}},"type":"binary-expr","locations":[{"start":{"line":370,"column":14},"end":{"line":370,"column":31}},{"start":{"line":370,"column":35},"end":{"line":370,"column":36}}],"line":370},"33":{"loc":{"start":{"line":372,"column":20},"end":{"line":372,"column":104}},"type":"cond-expr","locations":[{"start":{"line":372,"column":34},"end":{"line":372,"column":92}},{"start":{"line":372,"column":95},"end":{"line":372,"column":104}}],"line":372},"34":{"loc":{"start":{"line":374,"column":25},"end":{"line":374,"column":76}},"type":"binary-expr","locations":[{"start":{"line":374,"column":25},"end":{"line":374,"column":70}},{"start":{"line":374,"column":74},"end":{"line":374,"column":76}}],"line":374},"35":{"loc":{"start":{"line":375,"column":24},"end":{"line":375,"column":74}},"type":"binary-expr","locations":[{"start":{"line":375,"column":24},"end":{"line":375,"column":68}},{"start":{"line":375,"column":72},"end":{"line":375,"column":74}}],"line":375},"36":{"loc":{"start":{"line":376,"column":22},"end":{"line":376,"column":73}},"type":"binary-expr","locations":[{"start":{"line":376,"column":22},"end":{"line":376,"column":67}},{"start":{"line":376,"column":71},"end":{"line":376,"column":73}}],"line":376},"37":{"loc":{"start":{"line":389,"column":4},"end":{"line":391,"column":5}},"type":"if","locations":[{"start":{"line":389,"column":4},"end":{"line":391,"column":5}},{"start":{},"end":{}}],"line":389},"38":{"loc":{"start":{"line":401,"column":4},"end":{"line":403,"column":5}},"type":"if","locations":[{"start":{"line":401,"column":4},"end":{"line":403,"column":5}},{"start":{},"end":{}}],"line":401},"39":{"loc":{"start":{"line":411,"column":4},"end":{"line":411,"column":30}},"type":"if","locations":[{"start":{"line":411,"column":4},"end":{"line":411,"column":30}},{"start":{},"end":{}}],"line":411},"40":{"loc":{"start":{"line":420,"column":29},"end":{"line":420,"column":60}},"type":"binary-expr","locations":[{"start":{"line":420,"column":29},"end":{"line":420,"column":54}},{"start":{"line":420,"column":58},"end":{"line":420,"column":60}}],"line":420},"41":{"loc":{"start":{"line":424,"column":4},"end":{"line":424,"column":37}},"type":"if","locations":[{"start":{"line":424,"column":4},"end":{"line":424,"column":37}},{"start":{},"end":{}}],"line":424},"42":{"loc":{"start":{"line":432,"column":6},"end":{"line":434,"column":7}},"type":"if","locations":[{"start":{"line":432,"column":6},"end":{"line":434,"column":7}},{"start":{},"end":{}}],"line":432},"43":{"loc":{"start":{"line":459,"column":11},"end":{"line":459,"column":70}},"type":"cond-expr","locations":[{"start":{"line":459,"column":48},"end":{"line":459,"column":58}},{"start":{"line":459,"column":61},"end":{"line":459,"column":70}}],"line":459}},"s":{"0":3,"1":3,"2":3,"3":3,"4":3,"5":2,"6":2,"7":0,"8":2,"9":2,"10":2,"11":1,"12":1,"13":2,"14":2,"15":2,"16":2,"17":2,"18":2,"19":2,"20":2,"21":2,"22":2,"23":2,"24":2,"25":2,"26":0,"27":0,"28":0,"29":0,"30":0,"31":0,"32":0,"33":0,"34":0,"35":0,"36":0,"37":0,"38":0,"39":0,"40":0,"41":0,"42":0,"43":0,"44":0,"45":0,"46":0,"47":0,"48":0,"49":0,"50":0,"51":0,"52":0,"53":0,"54":0,"55":0,"56":0,"57":0,"58":0,"59":0,"60":0,"61":0,"62":0,"63":0,"64":0,"65":0,"66":0,"67":0,"68":0,"69":0,"70":0,"71":0,"72":0,"73":0,"74":0,"75":0,"76":0,"77":0,"78":0,"79":0,"80":0,"81":0,"82":0,"83":1,"84":1,"85":0,"86":1,"87":1,"88":2,"89":1,"90":1,"91":2,"92":1,"93":1,"94":1,"95":0,"96":1,"97":1,"98":2,"99":0,"100":2,"101":6,"102":2,"103":6,"104":1,"105":1,"106":0,"107":0,"108":0,"109":0,"110":0,"111":0,"112":0,"113":0,"114":3},"f":{"0":2,"1":0,"2":0,"3":0,"4":0,"5":0,"6":1,"7":1,"8":2,"9":2,"10":1,"11":2,"12":6,"13":0,"14":0},"b":{"0":[0,2],"1":[2,2],"2":[1,1],"3":[2,0],"4":[2,2],"5":[1,1],"6":[2,1],"7":[0,0],"8":[0,0],"9":[0,0],"10":[0,0],"11":[0,0],"12":[0,0],"13":[0,0],"14":[0,0],"15":[0,0],"16":[0,0],"17":[0],"18":[0,0],"19":[0,0],"20":[0,0],"21":[0,0],"22":[0,0],"23":[0,0],"24":[0,0],"25":[0,0,0],"26":[0,0],"27":[0,0],"28":[0,0],"29":[0,0],"30":[0,1],"31":[1,0],"32":[1,0],"33":[1,0],"34":[1,0],"35":[1,0],"36":[1,0],"37":[1,1],"38":[1,1],"39":[0,1],"40":[1,0],"41":[0,2],"42":[1,5],"43":[0,0]},"_coverageSchema":"1a1c01bbd47fc00a2c39e90264f33305004495a9","hash":"ee87794a1e857732b35745a090c5881ee879d8ed"}
,"C:\\Users\\Admin\\Downloads\\Pruebas-Software\\repov02\\Agendamiento_Citas_Medicas_GrupoD\\03-Code\\MedicalAppointment\\backend\\business-api\\services\\scheduling.service.js": {"path":"C:\\Users\\Admin\\Downloads\\Pruebas-Software\\repov02\\Agendamiento_Citas_Medicas_GrupoD\\03-Code\\MedicalAppointment\\backend\\business-api\\services\\scheduling.service.js","statementMap":{"0":{"start":{"line":8,"column":21},"end":{"line":8,"column":67}},"1":{"start":{"line":9,"column":58},"end":{"line":9,"column":88}},"2":{"start":{"line":10,"column":28},"end":{"line":10,"column":61}},"3":{"start":{"line":11,"column":30},"end":{"line":11,"column":77}},"4":{"start":{"line":12,"column":21},"end":{"line":12,"column":73}},"5":{"start":{"line":21,"column":68},"end":{"line":21,"column":83}},"6":{"start":{"line":24,"column":4},"end":{"line":24,"column":44}},"7":{"start":{"line":27,"column":19},"end":{"line":27,"column":54}},"8":{"start":{"line":28,"column":4},"end":{"line":30,"column":5}},"9":{"start":{"line":29,"column":6},"end":{"line":29,"column":51}},"10":{"start":{"line":33,"column":22},"end":{"line":33,"column":47}},"11":{"start":{"line":34,"column":20},"end":{"line":34,"column":57}},"12":{"start":{"line":35,"column":20},"end":{"line":35,"column":60}},"13":{"start":{"line":38,"column":24},"end":{"line":38,"column":94}},"14":{"start":{"line":39,"column":4},"end":{"line":41,"column":5}},"15":{"start":{"line":40,"column":6},"end":{"line":40,"column":76}},"16":{"start":{"line":44,"column":4},"end":{"line":44,"column":71}},"17":{"start":{"line":47,"column":20},"end":{"line":47,"column":66}},"18":{"start":{"line":50,"column":21},"end":{"line":50,"column":57}},"19":{"start":{"line":53,"column":41},"end":{"line":75,"column":15}},"20":{"start":{"line":77,"column":4},"end":{"line":80,"column":5}},"21":{"start":{"line":78,"column":6},"end":{"line":78,"column":58}},"22":{"start":{"line":79,"column":6},"end":{"line":79,"column":56}},"23":{"start":{"line":83,"column":4},"end":{"line":85,"column":7}},"24":{"start":{"line":84,"column":6},"end":{"line":84,"column":70}},"25":{"start":{"line":87,"column":4},"end":{"line":87,"column":23}},"26":{"start":{"line":98,"column":32},"end":{"line":98,"column":43}},"27":{"start":{"line":101,"column":50},"end":{"line":109,"column":15}},"28":{"start":{"line":111,"column":4},"end":{"line":113,"column":5}},"29":{"start":{"line":112,"column":6},"end":{"line":112,"column":53}},"30":{"start":{"line":116,"column":28},"end":{"line":116,"column":54}},"31":{"start":{"line":117,"column":4},"end":{"line":119,"column":5}},"32":{"start":{"line":118,"column":6},"end":{"line":118,"column":82}},"33":{"start":{"line":122,"column":22},"end":{"line":122,"column":47}},"34":{"start":{"line":123,"column":20},"end":{"line":123,"column":57}},"35":{"start":{"line":124,"column":20},"end":{"line":124,"column":60}},"36":{"start":{"line":127,"column":24},"end":{"line":127,"column":103}},"37":{"start":{"line":128,"column":4},"end":{"line":130,"column":5}},"38":{"start":{"line":129,"column":6},"end":{"line":129,"column":69}},"39":{"start":{"line":133,"column":20},"end":{"line":133,"column":66}},"40":{"start":{"line":137,"column":21},"end":{"line":137,"column":57}},"41":{"start":{"line":140,"column":37},"end":{"line":159,"column":15}},"42":{"start":{"line":161,"column":4},"end":{"line":161,"column":27}},"43":{"start":{"line":161,"column":15},"end":{"line":161,"column":27}},"44":{"start":{"line":164,"column":4},"end":{"line":166,"column":7}},"45":{"start":{"line":165,"column":6},"end":{"line":165,"column":68}},"46":{"start":{"line":168,"column":4},"end":{"line":172,"column":6}},"47":{"start":{"line":183,"column":53},"end":{"line":196,"column":15}},"48":{"start":{"line":198,"column":4},"end":{"line":200,"column":5}},"49":{"start":{"line":199,"column":6},"end":{"line":199,"column":53}},"50":{"start":{"line":203,"column":27},"end":{"line":203,"column":64}},"51":{"start":{"line":204,"column":4},"end":{"line":206,"column":5}},"52":{"start":{"line":205,"column":6},"end":{"line":205,"column":66}},"53":{"start":{"line":209,"column":21},"end":{"line":209,"column":57}},"54":{"start":{"line":213,"column":39},"end":{"line":224,"column":15}},"55":{"start":{"line":226,"column":4},"end":{"line":226,"column":27}},"56":{"start":{"line":226,"column":15},"end":{"line":226,"column":27}},"57":{"start":{"line":229,"column":4},"end":{"line":231,"column":7}},"58":{"start":{"line":230,"column":6},"end":{"line":230,"column":70}},"59":{"start":{"line":233,"column":4},"end":{"line":237,"column":6}},"60":{"start":{"line":246,"column":21},"end":{"line":246,"column":57}},"61":{"start":{"line":248,"column":28},"end":{"line":260,"column":15}},"62":{"start":{"line":262,"column":4},"end":{"line":262,"column":27}},"63":{"start":{"line":262,"column":15},"end":{"line":262,"column":27}},"64":{"start":{"line":263,"column":4},"end":{"line":263,"column":16}},"65":{"start":{"line":272,"column":28},"end":{"line":283,"column":15}},"66":{"start":{"line":285,"column":4},"end":{"line":285,"column":27}},"67":{"start":{"line":285,"column":15},"end":{"line":285,"column":27}},"68":{"start":{"line":286,"column":4},"end":{"line":286,"column":16}},"69":{"start":{"line":295,"column":64},"end":{"line":295,"column":71}},"70":{"start":{"line":297,"column":16},"end":{"line":308,"column":8}},"71":{"start":{"line":310,"column":4},"end":{"line":310,"column":67}},"72":{"start":{"line":310,"column":19},"end":{"line":310,"column":67}},"73":{"start":{"line":311,"column":4},"end":{"line":311,"column":63}},"74":{"start":{"line":311,"column":17},"end":{"line":311,"column":63}},"75":{"start":{"line":312,"column":4},"end":{"line":312,"column":58}},"76":{"start":{"line":312,"column":18},"end":{"line":312,"column":58}},"77":{"start":{"line":313,"column":4},"end":{"line":313,"column":66}},"78":{"start":{"line":313,"column":19},"end":{"line":313,"column":66}},"79":{"start":{"line":314,"column":4},"end":{"line":316,"column":5}},"80":{"start":{"line":318,"column":4},"end":{"line":318,"column":64}},"81":{"start":{"line":320,"column":28},"end":{"line":320,"column":39}},"82":{"start":{"line":322,"column":4},"end":{"line":322,"column":27}},"83":{"start":{"line":322,"column":15},"end":{"line":322,"column":27}},"84":{"start":{"line":325,"column":4},"end":{"line":327,"column":5}},"85":{"start":{"line":326,"column":6},"end":{"line":326,"column":73}},"86":{"start":{"line":326,"column":32},"end":{"line":326,"column":71}},"87":{"start":{"line":329,"column":4},"end":{"line":329,"column":22}},"88":{"start":{"line":335,"column":21},"end":{"line":335,"column":72}},"89":{"start":{"line":336,"column":20},"end":{"line":336,"column":58}},"90":{"start":{"line":336,"column":45},"end":{"line":336,"column":57}},"91":{"start":{"line":338,"column":4},"end":{"line":340,"column":5}},"92":{"start":{"line":339,"column":6},"end":{"line":339,"column":86}},"93":{"start":{"line":344,"column":28},"end":{"line":348,"column":15}},"94":{"start":{"line":350,"column":4},"end":{"line":350,"column":36}},"95":{"start":{"line":350,"column":24},"end":{"line":350,"column":36}},"96":{"start":{"line":351,"column":4},"end":{"line":351,"column":60}},"97":{"start":{"line":351,"column":48},"end":{"line":351,"column":60}},"98":{"start":{"line":353,"column":4},"end":{"line":353,"column":16}},"99":{"start":{"line":357,"column":22},"end":{"line":357,"column":46}},"100":{"start":{"line":358,"column":20},"end":{"line":358,"column":57}},"101":{"start":{"line":359,"column":23},"end":{"line":359,"column":44}},"102":{"start":{"line":360,"column":21},"end":{"line":360,"column":42}},"103":{"start":{"line":362,"column":21},"end":{"line":372,"column":64}},"104":{"start":{"line":375,"column":24},"end":{"line":379,"column":6}},"105":{"start":{"line":376,"column":28},"end":{"line":376,"column":57}},"106":{"start":{"line":377,"column":23},"end":{"line":377,"column":72}},"107":{"start":{"line":378,"column":6},"end":{"line":378,"column":27}},"108":{"start":{"line":381,"column":4},"end":{"line":383,"column":5}},"109":{"start":{"line":382,"column":6},"end":{"line":382,"column":84}},"110":{"start":{"line":387,"column":28},"end":{"line":391,"column":15}},"111":{"start":{"line":393,"column":4},"end":{"line":405,"column":5}},"112":{"start":{"line":395,"column":24},"end":{"line":403,"column":7}},"113":{"start":{"line":404,"column":6},"end":{"line":404,"column":40}},"114":{"start":{"line":407,"column":4},"end":{"line":407,"column":19}},"115":{"start":{"line":416,"column":4},"end":{"line":453,"column":5}},"116":{"start":{"line":417,"column":22},"end":{"line":417,"column":41}},"117":{"start":{"line":418,"column":21},"end":{"line":418,"column":40}},"118":{"start":{"line":419,"column":19},"end":{"line":419,"column":49}},"119":{"start":{"line":421,"column":6},"end":{"line":424,"column":7}},"120":{"start":{"line":422,"column":8},"end":{"line":422,"column":78}},"121":{"start":{"line":423,"column":8},"end":{"line":423,"column":15}},"122":{"start":{"line":426,"column":24},"end":{"line":426,"column":61}},"123":{"start":{"line":427,"column":22},"end":{"line":432,"column":8}},"124":{"start":{"line":433,"column":22},"end":{"line":436,"column":8}},"125":{"start":{"line":438,"column":6},"end":{"line":447,"column":9}},"126":{"start":{"line":449,"column":6},"end":{"line":449,"column":81}},"127":{"start":{"line":451,"column":6},"end":{"line":451,"column":72}},"128":{"start":{"line":463,"column":4},"end":{"line":497,"column":5}},"129":{"start":{"line":464,"column":22},"end":{"line":464,"column":41}},"130":{"start":{"line":465,"column":21},"end":{"line":465,"column":40}},"131":{"start":{"line":467,"column":6},"end":{"line":470,"column":7}},"132":{"start":{"line":468,"column":8},"end":{"line":468,"column":79}},"133":{"start":{"line":469,"column":8},"end":{"line":469,"column":15}},"134":{"start":{"line":472,"column":24},"end":{"line":472,"column":61}},"135":{"start":{"line":473,"column":22},"end":{"line":478,"column":8}},"136":{"start":{"line":479,"column":22},"end":{"line":482,"column":8}},"137":{"start":{"line":484,"column":6},"end":{"line":492,"column":9}},"138":{"start":{"line":494,"column":6},"end":{"line":494,"column":81}},"139":{"start":{"line":496,"column":6},"end":{"line":496,"column":72}},"140":{"start":{"line":508,"column":4},"end":{"line":547,"column":5}},"141":{"start":{"line":509,"column":22},"end":{"line":509,"column":41}},"142":{"start":{"line":510,"column":21},"end":{"line":510,"column":40}},"143":{"start":{"line":511,"column":19},"end":{"line":511,"column":49}},"144":{"start":{"line":513,"column":6},"end":{"line":516,"column":7}},"145":{"start":{"line":514,"column":8},"end":{"line":514,"column":77}},"146":{"start":{"line":515,"column":8},"end":{"line":515,"column":15}},"147":{"start":{"line":518,"column":22},"end":{"line":518,"column":49}},"148":{"start":{"line":519,"column":22},"end":{"line":519,"column":49}},"149":{"start":{"line":521,"column":25},"end":{"line":526,"column":8}},"150":{"start":{"line":521,"column":35},"end":{"line":526,"column":8}},"151":{"start":{"line":527,"column":25},"end":{"line":530,"column":8}},"152":{"start":{"line":527,"column":35},"end":{"line":530,"column":8}},"153":{"start":{"line":532,"column":6},"end":{"line":542,"column":9}},"154":{"start":{"line":544,"column":6},"end":{"line":544,"column":79}},"155":{"start":{"line":546,"column":6},"end":{"line":546,"column":70}},"156":{"start":{"line":556,"column":16},"end":{"line":556,"column":40}},"157":{"start":{"line":557,"column":27},"end":{"line":557,"column":61}},"158":{"start":{"line":558,"column":30},"end":{"line":558,"column":66}},"159":{"start":{"line":559,"column":30},"end":{"line":559,"column":66}},"160":{"start":{"line":561,"column":28},"end":{"line":569,"column":19}},"161":{"start":{"line":571,"column":4},"end":{"line":574,"column":5}},"162":{"start":{"line":572,"column":6},"end":{"line":572,"column":74}},"163":{"start":{"line":573,"column":6},"end":{"line":573,"column":15}},"164":{"start":{"line":576,"column":4},"end":{"line":576,"column":29}},"165":{"start":{"line":580,"column":0},"end":{"line":580,"column":41}}},"fnMap":{"0":{"name":"(anonymous_0)","decl":{"start":{"line":20,"column":2},"end":{"line":20,"column":3}},"loc":{"start":{"line":20,"column":45},"end":{"line":88,"column":3}},"line":20},"1":{"name":"(anonymous_1)","decl":{"start":{"line":83,"column":51},"end":{"line":83,"column":52}},"loc":{"start":{"line":83,"column":58},"end":{"line":85,"column":5}},"line":83},"2":{"name":"(anonymous_2)","decl":{"start":{"line":97,"column":2},"end":{"line":97,"column":3}},"loc":{"start":{"line":97,"column":66},"end":{"line":173,"column":3}},"line":97},"3":{"name":"(anonymous_3)","decl":{"start":{"line":164,"column":88},"end":{"line":164,"column":89}},"loc":{"start":{"line":164,"column":95},"end":{"line":166,"column":5}},"line":164},"4":{"name":"(anonymous_4)","decl":{"start":{"line":182,"column":2},"end":{"line":182,"column":3}},"loc":{"start":{"line":182,"column":57},"end":{"line":238,"column":3}},"line":182},"5":{"name":"(anonymous_5)","decl":{"start":{"line":229,"column":59},"end":{"line":229,"column":60}},"loc":{"start":{"line":229,"column":66},"end":{"line":231,"column":5}},"line":229},"6":{"name":"(anonymous_6)","decl":{"start":{"line":245,"column":2},"end":{"line":245,"column":3}},"loc":{"start":{"line":245,"column":42},"end":{"line":264,"column":3}},"line":245},"7":{"name":"(anonymous_7)","decl":{"start":{"line":271,"column":2},"end":{"line":271,"column":3}},"loc":{"start":{"line":271,"column":38},"end":{"line":287,"column":3}},"line":271},"8":{"name":"(anonymous_8)","decl":{"start":{"line":294,"column":2},"end":{"line":294,"column":3}},"loc":{"start":{"line":294,"column":49},"end":{"line":330,"column":3}},"line":294},"9":{"name":"(anonymous_9)","decl":{"start":{"line":326,"column":25},"end":{"line":326,"column":26}},"loc":{"start":{"line":326,"column":32},"end":{"line":326,"column":71}},"line":326},"10":{"name":"(anonymous_10)","decl":{"start":{"line":334,"column":2},"end":{"line":334,"column":3}},"loc":{"start":{"line":334,"column":26},"end":{"line":341,"column":3}},"line":334},"11":{"name":"(anonymous_11)","decl":{"start":{"line":336,"column":36},"end":{"line":336,"column":37}},"loc":{"start":{"line":336,"column":45},"end":{"line":336,"column":57}},"line":336},"12":{"name":"(anonymous_12)","decl":{"start":{"line":343,"column":2},"end":{"line":343,"column":3}},"loc":{"start":{"line":343,"column":32},"end":{"line":354,"column":3}},"line":343},"13":{"name":"(anonymous_13)","decl":{"start":{"line":356,"column":2},"end":{"line":356,"column":3}},"loc":{"start":{"line":356,"column":57},"end":{"line":384,"column":3}},"line":356},"14":{"name":"(anonymous_14)","decl":{"start":{"line":375,"column":42},"end":{"line":375,"column":43}},"loc":{"start":{"line":375,"column":49},"end":{"line":379,"column":5}},"line":375},"15":{"name":"(anonymous_15)","decl":{"start":{"line":386,"column":2},"end":{"line":386,"column":3}},"loc":{"start":{"line":386,"column":33},"end":{"line":408,"column":3}},"line":386},"16":{"name":"(anonymous_16)","decl":{"start":{"line":415,"column":2},"end":{"line":415,"column":3}},"loc":{"start":{"line":415,"column":44},"end":{"line":454,"column":3}},"line":415},"17":{"name":"(anonymous_17)","decl":{"start":{"line":462,"column":2},"end":{"line":462,"column":3}},"loc":{"start":{"line":462,"column":52},"end":{"line":498,"column":3}},"line":462},"18":{"name":"(anonymous_18)","decl":{"start":{"line":507,"column":2},"end":{"line":507,"column":3}},"loc":{"start":{"line":507,"column":80},"end":{"line":548,"column":3}},"line":507},"19":{"name":"(anonymous_19)","decl":{"start":{"line":521,"column":25},"end":{"line":521,"column":26}},"loc":{"start":{"line":521,"column":35},"end":{"line":526,"column":8}},"line":521},"20":{"name":"(anonymous_20)","decl":{"start":{"line":527,"column":25},"end":{"line":527,"column":26}},"loc":{"start":{"line":527,"column":35},"end":{"line":530,"column":8}},"line":527},"21":{"name":"(anonymous_21)","decl":{"start":{"line":555,"column":2},"end":{"line":555,"column":3}},"loc":{"start":{"line":555,"column":39},"end":{"line":577,"column":3}},"line":555}},"branchMap":{"0":{"loc":{"start":{"line":28,"column":4},"end":{"line":30,"column":5}},"type":"if","locations":[{"start":{"line":28,"column":4},"end":{"line":30,"column":5}},{"start":{},"end":{}}],"line":28},"1":{"loc":{"start":{"line":39,"column":4},"end":{"line":41,"column":5}},"type":"if","locations":[{"start":{"line":39,"column":4},"end":{"line":41,"column":5}},{"start":{},"end":{}}],"line":39},"2":{"loc":{"start":{"line":77,"column":4},"end":{"line":80,"column":5}},"type":"if","locations":[{"start":{"line":77,"column":4},"end":{"line":80,"column":5}},{"start":{},"end":{}}],"line":77},"3":{"loc":{"start":{"line":111,"column":4},"end":{"line":113,"column":5}},"type":"if","locations":[{"start":{"line":111,"column":4},"end":{"line":113,"column":5}},{"start":{},"end":{}}],"line":111},"4":{"loc":{"start":{"line":111,"column":8},"end":{"line":111,"column":31}},"type":"binary-expr","locations":[{"start":{"line":111,"column":8},"end":{"line":111,"column":18}},{"start":{"line":111,"column":22},"end":{"line":111,"column":31}}],"line":111},"5":{"loc":{"start":{"line":117,"column":4},"end":{"line":119,"column":5}},"type":"if","locations":[{"start":{"line":117,"column":4},"end":{"line":119,"column":5}},{"start":{},"end":{}}],"line":117},"6":{"loc":{"start":{"line":128,"column":4},"end":{"line":130,"column":5}},"type":"if","locations":[{"start":{"line":128,"column":4},"end":{"line":130,"column":5}},{"start":{},"end":{}}],"line":128},"7":{"loc":{"start":{"line":161,"column":4},"end":{"line":161,"column":27}},"type":"if","locations":[{"start":{"line":161,"column":4},"end":{"line":161,"column":27}},{"start":{},"end":{}}],"line":161},"8":{"loc":{"start":{"line":198,"column":4},"end":{"line":200,"column":5}},"type":"if","locations":[{"start":{"line":198,"column":4},"end":{"line":200,"column":5}},{"start":{},"end":{}}],"line":198},"9":{"loc":{"start":{"line":198,"column":8},"end":{"line":198,"column":34}},"type":"binary-expr","locations":[{"start":{"line":198,"column":8},"end":{"line":198,"column":18}},{"start":{"line":198,"column":22},"end":{"line":198,"column":34}}],"line":198},"10":{"loc":{"start":{"line":204,"column":4},"end":{"line":206,"column":5}},"type":"if","locations":[{"start":{"line":204,"column":4},"end":{"line":206,"column":5}},{"start":{},"end":{}}],"line":204},"11":{"loc":{"start":{"line":226,"column":4},"end":{"line":226,"column":27}},"type":"if","locations":[{"start":{"line":226,"column":4},"end":{"line":226,"column":27}},{"start":{},"end":{}}],"line":226},"12":{"loc":{"start":{"line":262,"column":4},"end":{"line":262,"column":27}},"type":"if","locations":[{"start":{"line":262,"column":4},"end":{"line":262,"column":27}},{"start":{},"end":{}}],"line":262},"13":{"loc":{"start":{"line":285,"column":4},"end":{"line":285,"column":27}},"type":"if","locations":[{"start":{"line":285,"column":4},"end":{"line":285,"column":27}},{"start":{},"end":{}}],"line":285},"14":{"loc":{"start":{"line":294,"column":35},"end":{"line":294,"column":47}},"type":"default-arg","locations":[{"start":{"line":294,"column":45},"end":{"line":294,"column":47}}],"line":294},"15":{"loc":{"start":{"line":310,"column":4},"end":{"line":310,"column":67}},"type":"if","locations":[{"start":{"line":310,"column":4},"end":{"line":310,"column":67}},{"start":{},"end":{}}],"line":310},"16":{"loc":{"start":{"line":311,"column":4},"end":{"line":311,"column":63}},"type":"if","locations":[{"start":{"line":311,"column":4},"end":{"line":311,"column":63}},{"start":{},"end":{}}],"line":311},"17":{"loc":{"start":{"line":312,"column":4},"end":{"line":312,"column":58}},"type":"if","locations":[{"start":{"line":312,"column":4},"end":{"line":312,"column":58}},{"start":{},"end":{}}],"line":312},"18":{"loc":{"start":{"line":313,"column":4},"end":{"line":313,"column":66}},"type":"if","locations":[{"start":{"line":313,"column":4},"end":{"line":313,"column":66}},{"start":{},"end":{}}],"line":313},"19":{"loc":{"start":{"line":314,"column":4},"end":{"line":316,"column":5}},"type":"if","locations":[{"start":{"line":314,"column":4},"end":{"line":316,"column":5}},{"start":{},"end":{}}],"line":314},"20":{"loc":{"start":{"line":322,"column":4},"end":{"line":322,"column":27}},"type":"if","locations":[{"start":{"line":322,"column":4},"end":{"line":322,"column":27}},{"start":{},"end":{}}],"line":322},"21":{"loc":{"start":{"line":325,"column":4},"end":{"line":327,"column":5}},"type":"if","locations":[{"start":{"line":325,"column":4},"end":{"line":327,"column":5}},{"start":{},"end":{}}],"line":325},"22":{"loc":{"start":{"line":325,"column":8},"end":{"line":325,"column":22}},"type":"binary-expr","locations":[{"start":{"line":325,"column":8},"end":{"line":325,"column":14}},{"start":{"line":325,"column":18},"end":{"line":325,"column":22}}],"line":325},"23":{"loc":{"start":{"line":329,"column":11},"end":{"line":329,"column":21}},"type":"binary-expr","locations":[{"start":{"line":329,"column":11},"end":{"line":329,"column":15}},{"start":{"line":329,"column":19},"end":{"line":329,"column":21}}],"line":329},"24":{"loc":{"start":{"line":338,"column":4},"end":{"line":340,"column":5}},"type":"if","locations":[{"start":{"line":338,"column":4},"end":{"line":340,"column":5}},{"start":{},"end":{}}],"line":338},"25":{"loc":{"start":{"line":350,"column":4},"end":{"line":350,"column":36}},"type":"if","locations":[{"start":{"line":350,"column":4},"end":{"line":350,"column":36}},{"start":{},"end":{}}],"line":350},"26":{"loc":{"start":{"line":350,"column":8},"end":{"line":350,"column":22}},"type":"binary-expr","locations":[{"start":{"line":350,"column":8},"end":{"line":350,"column":13}},{"start":{"line":350,"column":17},"end":{"line":350,"column":22}}],"line":350},"27":{"loc":{"start":{"line":351,"column":4},"end":{"line":351,"column":60}},"type":"if","locations":[{"start":{"line":351,"column":4},"end":{"line":351,"column":60}},{"start":{},"end":{}}],"line":351},"28":{"loc":{"start":{"line":351,"column":8},"end":{"line":351,"column":46}},"type":"binary-expr","locations":[{"start":{"line":351,"column":8},"end":{"line":351,"column":20}},{"start":{"line":351,"column":24},"end":{"line":351,"column":46}}],"line":351},"29":{"loc":{"start":{"line":375,"column":25},"end":{"line":375,"column":35}},"type":"binary-expr","locations":[{"start":{"line":375,"column":25},"end":{"line":375,"column":29}},{"start":{"line":375,"column":33},"end":{"line":375,"column":35}}],"line":375},"30":{"loc":{"start":{"line":381,"column":4},"end":{"line":383,"column":5}},"type":"if","locations":[{"start":{"line":381,"column":4},"end":{"line":383,"column":5}},{"start":{},"end":{}}],"line":381},"31":{"loc":{"start":{"line":393,"column":4},"end":{"line":405,"column":5}},"type":"if","locations":[{"start":{"line":393,"column":4},"end":{"line":405,"column":5}},{"start":{},"end":{}}],"line":393},"32":{"loc":{"start":{"line":393,"column":8},"end":{"line":393,"column":22}},"type":"binary-expr","locations":[{"start":{"line":393,"column":8},"end":{"line":393,"column":13}},{"start":{"line":393,"column":17},"end":{"line":393,"column":22}}],"line":393},"33":{"loc":{"start":{"line":404,"column":13},"end":{"line":404,"column":39}},"type":"binary-expr","locations":[{"start":{"line":404,"column":13},"end":{"line":404,"column":34}},{"start":{"line":404,"column":38},"end":{"line":404,"column":39}}],"line":404},"34":{"loc":{"start":{"line":421,"column":6},"end":{"line":424,"column":7}},"type":"if","locations":[{"start":{"line":421,"column":6},"end":{"line":424,"column":7}},{"start":{},"end":{}}],"line":421},"35":{"loc":{"start":{"line":441,"column":20},"end":{"line":441,"column":109}},"type":"binary-expr","locations":[{"start":{"line":441,"column":20},"end":{"line":441,"column":97}},{"start":{"line":441,"column":101},"end":{"line":441,"column":109}}],"line":441},"36":{"loc":{"start":{"line":441,"column":23},"end":{"line":441,"column":54}},"type":"binary-expr","locations":[{"start":{"line":441,"column":23},"end":{"line":441,"column":48}},{"start":{"line":441,"column":52},"end":{"line":441,"column":54}}],"line":441},"37":{"loc":{"start":{"line":441,"column":58},"end":{"line":441,"column":88}},"type":"binary-expr","locations":[{"start":{"line":441,"column":58},"end":{"line":441,"column":82}},{"start":{"line":441,"column":86},"end":{"line":441,"column":88}}],"line":441},"38":{"loc":{"start":{"line":442,"column":19},"end":{"line":442,"column":66}},"type":"binary-expr","locations":[{"start":{"line":442,"column":19},"end":{"line":442,"column":44}},{"start":{"line":442,"column":48},"end":{"line":442,"column":66}}],"line":442},"39":{"loc":{"start":{"line":445,"column":14},"end":{"line":445,"column":81}},"type":"cond-expr","locations":[{"start":{"line":445,"column":21},"end":{"line":445,"column":74}},{"start":{"line":445,"column":77},"end":{"line":445,"column":81}}],"line":445},"40":{"loc":{"start":{"line":445,"column":24},"end":{"line":445,"column":39}},"type":"binary-expr","locations":[{"start":{"line":445,"column":24},"end":{"line":445,"column":33}},{"start":{"line":445,"column":37},"end":{"line":445,"column":39}}],"line":445},"41":{"loc":{"start":{"line":445,"column":43},"end":{"line":445,"column":65}},"type":"binary-expr","locations":[{"start":{"line":445,"column":43},"end":{"line":445,"column":59}},{"start":{"line":445,"column":63},"end":{"line":445,"column":65}}],"line":445},"42":{"loc":{"start":{"line":467,"column":6},"end":{"line":470,"column":7}},"type":"if","locations":[{"start":{"line":467,"column":6},"end":{"line":470,"column":7}},{"start":{},"end":{}}],"line":467},"43":{"loc":{"start":{"line":487,"column":20},"end":{"line":487,"column":109}},"type":"binary-expr","locations":[{"start":{"line":487,"column":20},"end":{"line":487,"column":97}},{"start":{"line":487,"column":101},"end":{"line":487,"column":109}}],"line":487},"44":{"loc":{"start":{"line":487,"column":23},"end"
[...]
:232,"column":76},"end":{"line":232,"column":77}},"loc":{"start":{"line":232,"column":82},"end":{"line":232,"column":101}},"line":232},"43":{"name":"(anonymous_43)","decl":{"start":{"line":233,"column":68},"end":{"line":233,"column":69}},"loc":{"start":{"line":233,"column":74},"end":{"line":233,"column":93}},"line":233},"44":{"name":"(anonymous_44)","decl":{"start":{"line":234,"column":75},"end":{"line":234,"column":76}},"loc":{"start":{"line":234,"column":82},"end":{"line":236,"column":5}},"line":234},"45":{"name":"(anonymous_45)","decl":{"start":{"line":246,"column":31},"end":{"line":246,"column":32}},"loc":{"start":{"line":246,"column":37},"end":{"line":266,"column":1}},"line":246},"46":{"name":"(anonymous_46)","decl":{"start":{"line":249,"column":22},"end":{"line":249,"column":23}},"loc":{"start":{"line":249,"column":28},"end":{"line":263,"column":3}},"line":249},"47":{"name":"(anonymous_47)","decl":{"start":{"line":257,"column":82},"end":{"line":257,"column":83}},"loc":{"start":{"line":257,"column":88},"end":{"line":257,"column":98}},"line":257},"48":{"name":"(anonymous_48)","decl":{"start":{"line":258,"column":67},"end":{"line":258,"column":68}},"loc":{"start":{"line":258,"column":74},"end":{"line":260,"column":5}},"line":258},"49":{"name":"(anonymous_49)","decl":{"start":{"line":259,"column":28},"end":{"line":259,"column":29}},"loc":{"start":{"line":259,"column":48},"end":{"line":259,"column":54}},"line":259},"50":{"name":"(anonymous_50)","decl":{"start":{"line":268,"column":25},"end":{"line":268,"column":26}},"loc":{"start":{"line":268,"column":46},"end":{"line":278,"column":1}},"line":268},"51":{"name":"(anonymous_51)","decl":{"start":{"line":280,"column":31},"end":{"line":280,"column":32}},"loc":{"start":{"line":280,"column":52},"end":{"line":286,"column":1}},"line":280},"52":{"name":"(anonymous_52)","decl":{"start":{"line":288,"column":31},"end":{"line":288,"column":32}},"loc":{"start":{"line":288,"column":52},"end":{"line":293,"column":1}},"line":288},"53":{"name":"(anonymous_53)","decl":{"start":{"line":295,"column":27},"end":{"line":295,"column":28}},"loc":{"start":{"line":295,"column":48},"end":{"line":304,"column":1}},"line":295},"54":{"name":"(anonymous_54)","decl":{"start":{"line":306,"column":24},"end":{"line":306,"column":25}},"loc":{"start":{"line":306,"column":45},"end":{"line":312,"column":1}},"line":306},"55":{"name":"(anonymous_55)","decl":{"start":{"line":314,"column":27},"end":{"line":314,"column":28}},"loc":{"start":{"line":314,"column":48},"end":{"line":322,"column":1}},"line":314},"56":{"name":"(anonymous_56)","decl":{"start":{"line":324,"column":34},"end":{"line":324,"column":35}},"loc":{"start":{"line":324,"column":54},"end":{"line":340,"column":1}},"line":324},"57":{"name":"(anonymous_57)","decl":{"start":{"line":342,"column":31},"end":{"line":342,"column":32}},"loc":{"start":{"line":342,"column":52},"end":{"line":347,"column":1}},"line":342},"58":{"name":"(anonymous_58)","decl":{"start":{"line":349,"column":23},"end":{"line":349,"column":24}},"loc":{"start":{"line":349,"column":44},"end":{"line":356,"column":1}},"line":349},"59":{"name":"(anonymous_59)","decl":{"start":{"line":358,"column":32},"end":{"line":358,"column":33}},"loc":{"start":{"line":358,"column":53},"end":{"line":364,"column":1}},"line":358},"60":{"name":"(anonymous_60)","decl":{"start":{"line":366,"column":32},"end":{"line":366,"column":33}},"loc":{"start":{"line":366,"column":53},"end":{"line":370,"column":1}},"line":366},"61":{"name":"(anonymous_61)","decl":{"start":{"line":372,"column":33},"end":{"line":372,"column":34}},"loc":{"start":{"line":372,"column":54},"end":{"line":376,"column":1}},"line":372},"62":{"name":"(anonymous_62)","decl":{"start":{"line":378,"column":28},"end":{"line":378,"column":29}},"loc":{"start":{"line":378,"column":49},"end":{"line":383,"column":1}},"line":378},"63":{"name":"(anonymous_63)","decl":{"start":{"line":385,"column":28},"end":{"line":385,"column":29}},"loc":{"start":{"line":385,"column":34},"end":{"line":388,"column":2}},"line":385},"64":{"name":"(anonymous_64)","decl":{"start":{"line":390,"column":18},"end":{"line":390,"column":19}},"loc":{"start":{"line":390,"column":94},"end":{"line":395,"column":1}},"line":390},"65":{"name":"(anonymous_65)","decl":{"start":{"line":397,"column":24},"end":{"line":397,"column":25}},"loc":{"start":{"line":397,"column":51},"end":{"line":400,"column":1}},"line":397}},"branchMap":{"0":{"loc":{"start":{"line":2,"column":11},"end":{"line":2,"column":56}},"type":"binary-expr","locations":[{"start":{"line":2,"column":11},"end":{"line":2,"column":17}},{"start":{"line":2,"column":21},"end":{"line":2,"column":56}}],"line":2},"1":{"loc":{"start":{"line":34,"column":38},"end":{"line":34,"column":46}},"type":"default-arg","locations":[{"start":{"line":34,"column":44},"end":{"line":34,"column":46}}],"line":34},"2":{"loc":{"start":{"line":34,"column":48},"end":{"line":34,"column":56}},"type":"default-arg","locations":[{"start":{"line":34,"column":54},"end":{"line":34,"column":56}}],"line":34},"3":{"loc":{"start":{"line":268,"column":26},"end":{"line":268,"column":40}},"type":"default-arg","locations":[{"start":{"line":268,"column":38},"end":{"line":268,"column":40}}],"line":268},"4":{"loc":{"start":{"line":280,"column":32},"end":{"line":280,"column":46}},"type":"default-arg","locations":[{"start":{"line":280,"column":44},"end":{"line":280,"column":46}}],"line":280},"5":{"loc":{"start":{"line":288,"column":32},"end":{"line":288,"column":46}},"type":"default-arg","locations":[{"start":{"line":288,"column":44},"end":{"line":288,"column":46}}],"line":288},"6":{"loc":{"start":{"line":295,"column":28},"end":{"line":295,"column":42}},"type":"default-arg","locations":[{"start":{"line":295,"column":40},"end":{"line":295,"column":42}}],"line":295},"7":{"loc":{"start":{"line":306,"column":25},"end":{"line":306,"column":39}},"type":"default-arg","locations":[{"start":{"line":306,"column":37},"end":{"line":306,"column":39}}],"line":306},"8":{"loc":{"start":{"line":314,"column":28},"end":{"line":314,"column":42}},"type":"default-arg","locations":[{"start":{"line":314,"column":40},"end":{"line":314,"column":42}}],"line":314},"9":{"loc":{"start":{"line":324,"column":35},"end":{"line":324,"column":49}},"type":"default-arg","locations":[{"start":{"line":324,"column":47},"end":{"line":324,"column":49}}],"line":324},"10":{"loc":{"start":{"line":326,"column":4},"end":{"line":326,"column":69}},"type":"default-arg","locations":[{"start":{"line":326,"column":12},"end":{"line":326,"column":69}}],"line":326},"11":{"loc":{"start":{"line":327,"column":4},"end":{"line":327,"column":35}},"type":"default-arg","locations":[{"start":{"line":327,"column":18},"end":{"line":327,"column":35}}],"line":327},"12":{"loc":{"start":{"line":342,"column":32},"end":{"line":342,"column":46}},"type":"default-arg","locations":[{"start":{"line":342,"column":44},"end":{"line":342,"column":46}}],"line":342},"13":{"loc":{"start":{"line":349,"column":24},"end":{"line":349,"column":38}},"type":"default-arg","locations":[{"start":{"line":349,"column":36},"end":{"line":349,"column":38}}],"line":349},"14":{"loc":{"start":{"line":358,"column":33},"end":{"line":358,"column":47}},"type":"default-arg","locations":[{"start":{"line":358,"column":45},"end":{"line":358,"column":47}}],"line":358},"15":{"loc":{"start":{"line":366,"column":33},"end":{"line":366,"column":47}},"type":"default-arg","locations":[{"start":{"line":366,"column":45},"end":{"line":366,"column":47}}],"line":366},"16":{"loc":{"start":{"line":372,"column":34},"end":{"line":372,"column":48}},"type":"default-arg","locations":[{"start":{"line":372,"column":46},"end":{"line":372,"column":48}}],"line":372},"17":{"loc":{"start":{"line":378,"column":29},"end":{"line":378,"column":43}},"type":"default-arg","locations":[{"start":{"line":378,"column":41},"end":{"line":378,"column":43}}],"line":378},"18":{"loc":{"start":{"line":390,"column":19},"end":{"line":390,"column":88}},"type":"default-arg","locations":[{"start":{"line":390,"column":86},"end":{"line":390,"column":88}}],"line":390},"19":{"loc":{"start":{"line":390,"column":21},"end":{"line":390,"column":32}},"type":"default-arg","locations":[{"start":{"line":390,"column":30},"end":{"line":390,"column":32}}],"line":390},"20":{"loc":{"start":{"line":390,"column":34},"end":{"line":390,"column":44}},"type":"default-arg","locations":[{"start":{"line":390,"column":42},"end":{"line":390,"column":44}}],"line":390},"21":{"loc":{"start":{"line":390,"column":46},"end":{"line":390,"column":55}},"type":"default-arg","locations":[{"start":{"line":390,"column":53},"end":{"line":390,"column":55}}],"line":390},"22":{"loc":{"start":{"line":390,"column":57},"end":{"line":390,"column":81}},"type":"default-arg","locations":[{"start":{"line":390,"column":64},"end":{"line":390,"column":81}}],"line":390}},"s":{"0":2,"1":35,"2":35,"3":35,"4":35,"5":525,"6":101,"7":35,"8":21,"9":35,"10":0,"11":35,"12":14,"13":35,"14":2,"15":40,"16":40,"17":40,"18":2,"19":40,"20":490,"21":40,"22":40,"23":18,"24":2,"25":4,"26":4,"27":4,"28":4,"29":2,"30":4,"31":4,"32":4,"33":4,"34":2,"35":4,"36":4,"37":4,"38":4,"39":4,"40":2,"41":1,"42":1,"43":1,"44":0,"45":1,"46":0,"47":0,"48":1,"49":1,"50":0,"51":1,"52":0,"53":1,"54":1,"55":0,"56":0,"57":0,"58":2,"59":33,"60":33,"61":33,"62":33,"63":33,"64":33,"65":33,"66":33,"67":33,"68":33,"69":33,"70":33,"71":33,"72":33,"73":33,"74":33,"75":33,"76":33,"77":33,"78":33,"79":33,"80":33,"81":33,"82":33,"83":33,"84":33,"85":33,"86":3,"87":33,"88":33,"89":2,"90":33,"91":33,"92":33,"93":33,"94":33,"95":33,"96":33,"97":33,"98":33,"99":33,"100":2,"101":16,"102":16,"103":16,"104":16,"105":16,"106":16,"107":16,"108":16,"109":2,"110":7,"111":7,"112":7,"113":7,"114":7,"115":7,"116":7,"117":7,"118":7,"119":7,"120":7,"121":7,"122":7,"123":7,"124":2,"125":1,"126":1,"127":1,"128":1,"129":0,"130":1,"131":0,"132":0,"133":1,"134":0,"135":2,"136":6,"137":2,"138":3,"139":2,"140":1,"141":2,"142":19,"143":2,"144":9,"145":2,"146":31,"147":2,"148":10,"149":10,"150":2,"151":12,"152":2,"153":2,"154":2,"155":3,"156":2,"157":3,"158":2,"159":2,"160":2,"161":2,"162":2,"163":4,"164":2,"165":40,"166":2,"167":18,"168":18,"169":2},"f":{"0":35,"1":525,"2":101,"3":21,"4":0,"5":14,"6":40,"7":40,"8":490,"9":40,"10":4,"11":4,"12":2,"13":4,"14":4,"15":2,"16":1,"17":1,"18":0,"19":0,"20":0,"21":0,"22":0,"23":33,"24":33,"25":33,"26":33,"27":33,"28":33,"29":33,"30":33,"31":33,"32":33,"33":33,"34":3,"35":33,"36":2,"37":16,"38":16,"39":16,"40":7,"41":7,"42":7,"43":7,"44":7,"45":1,"46":1,"47":0,"48":0,"49":0,"50":6,"51":3,"52":1,"53":19,"54":9,"55":31,"56":10,"57":12,"58":2,"59":3,"60":3,"61":2,"62":2,"63":4,"64":40,"65":18},"b":{"0":[35,0],"1":[0],"2":[40],"3":[3],"4":[2],"5":[1],"6":[6],"7":[4],"8":[11],"9":[1],"10":[1],"11":[1],"12":[0],"13":[0],"14":[1],"15":[0],"16":[1],"17":[1],"18":[0],"19":[22],"20":[35],"21":[23],"22":[33]},"_coverageSchema":"1a1c01bbd47fc00a2c39e90264f33305004495a9","hash":"aa1cb4d0b69dabf5ebd4fab94af66802530b0ebb"}
,"C:\\Users\\Admin\\Downloads\\Pruebas-Software\\repov02\\Agendamiento_Citas_Medicas_GrupoD\\03-Code\\MedicalAppointment\\tests\\patients\\helpers.js": {"path":"C:\\Users\\Admin\\Downloads\\Pruebas-Software\\repov02\\Agendamiento_Citas_Medicas_GrupoD\\03-Code\\MedicalAppointment\\tests\\patients\\helpers.js","statementMap":{"0":{"start":{"line":1,"column":24},"end":{"line":31,"column":1}},"1":{"start":{"line":2,"column":1},"end":{"line":2,"column":56}},"2":{"start":{"line":3,"column":15},"end":{"line":3,"column":17}},"3":{"start":{"line":5,"column":22},"end":{"line":21,"column":2}},"4":{"start":{"line":23,"column":1},"end":{"line":25,"column":4}},"5":{"start":{"line":24,"column":2},"end":{"line":24,"column":39}},"6":{"start":{"line":24,"column":32},"end":{"line":24,"column":37}},"7":{"start":{"line":27,"column":1},"end":{"line":27,"column":44}},"8":{"start":{"line":27,"column":36},"end":{"line":27,"column":42}},"9":{"start":{"line":28,"column":1},"end":{"line":28,"column":81}},"10":{"start":{"line":28,"column":35},"end":{"line":28,"column":80}},"11":{"start":{"line":30,"column":1},"end":{"line":30,"column":14}},"12":{"start":{"line":33,"column":30},"end":{"line":53,"column":1}},"13":{"start":{"line":34,"column":15},"end":{"line":34,"column":17}},"14":{"start":{"line":36,"column":1},"end":{"line":50,"column":4}},"15":{"start":{"line":37,"column":19},"end":{"line":37,"column":28}},"16":{"start":{"line":39,"column":2},"end":{"line":46,"column":5}},"17":{"start":{"line":40,"column":3},"end":{"line":45,"column":5}},"18":{"start":{"line":42,"column":5},"end":{"line":42,"column":32}},"19":{"start":{"line":43,"column":5},"end":{"line":43,"column":34}},"20":{"start":{"line":48,"column":2},"end":{"line":48,"column":81}},"21":{"start":{"line":49,"column":2},"end":{"line":49,"column":28}},"22":{"start":{"line":52,"column":1},"end":{"line":52,"column":14}},"23":{"start":{"line":55,"column":26},"end":{"line":86,"column":1}},"24":{"start":{"line":56,"column":15},"end":{"line":56,"column":17}},"25":{"start":{"line":58,"column":1},"end":{"line":83,"column":4}},"26":{"start":{"line":59,"column":25},"end":{"line":59,"column":60}},"27":{"start":{"line":59,"column":53},"end":{"line":59,"column":59}},"28":{"start":{"line":60,"column":22},"end":{"line":60,"column":63}},"29":{"start":{"line":60,"column":36},"end":{"line":60,"column":62}},"30":{"start":{"line":60,"column":56},"end":{"line":60,"column":62}},"31":{"start":{"line":62,"column":21},"end":{"line":72,"column":3}},"32":{"start":{"line":74,"column":2},"end":{"line":74,"column":89}},"33":{"start":{"line":74,"column":77},"end":{"line":74,"column":87}},"34":{"start":{"line":75,"column":2},"end":{"line":78,"column":6}},"35":{"start":{"line":75,"column":72},"end":{"line":78,"column":3}},"36":{"start":{"line":80,"column":2},"end":{"line":80,"column":73}},"37":{"start":{"line":81,"column":2},"end":{"line":81,"column":34}},"38":{"start":{"line":82,"column":2},"end":{"line":82,"column":40}},"39":{"start":{"line":85,"column":1},"end":{"line":85,"column":14}},"40":{"start":{"line":88,"column":30},"end":{"line":101,"column":1}},"41":{"start":{"line":90,"column":18},"end":{"line":90,"column":27}},"42":{"start":{"line":92,"column":1},"end":{"line":98,"column":4}},"43":{"start":{"line":93,"column":2},"end":{"line":95,"column":6}},"44":{"start":{"line":93,"column":68},"end":{"line":95,"column":3}},"45":{"start":{"line":97,"column":2},"end":{"line":97,"column":77}},"46":{"start":{"line":100,"column":1},"end":{"line":100,"column":38}},"47":{"start":{"line":103,"column":38},"end":{"line":116,"column":1}},"48":{"start":{"line":105,"column":18},"end":{"line":105,"column":27}},"49":{"start":{"line":107,"column":1},"end":{"line":113,"column":4}},"50":{"start":{"line":108,"column":2},"end":{"line":110,"column":6}},"51":{"start":{"line":108,"column":68},"end":{"line":110,"column":3}},"52":{"start":{"line":112,"column":2},"end":{"line":112,"column":85}},"53":{"start":{"line":115,"column":1},"end":{"line":115,"column":38}},"54":{"start":{"line":118,"column":0},"end":{"line":124,"column":2}}},"fnMap":{"0":{"name":"(anonymous_0)","decl":{"start":{"line":1,"column":24},"end":{"line":1,"column":25}},"loc":{"start":{"line":1,"column":36},"end":{"line":31,"column":1}},"line":1},"1":{"name":"(anonymous_1)","decl":{"start":{"line":23,"column":22},"end":{"line":23,"column":23}},"loc":{"start":{"line":23,"column":34},"end":{"line":25,"column":2}},"line":23},"2":{"name":"(anonymous_2)","decl":{"start":{"line":24,"column":26},"end":{"line":24,"column":27}},"loc":{"start":{"line":24,"column":32},"end":{"line":24,"column":37}},"line":24},"3":{"name":"(anonymous_3)","decl":{"start":{"line":27,"column":24},"end":{"line":27,"column":25}},"loc":{"start":{"line":27,"column":36},"end":{"line":27,"column":42}},"line":27},"4":{"name":"(anonymous_4)","decl":{"start":{"line":28,"column":14},"end":{"line":28,"column":15}},"loc":{"start":{"line":28,"column":35},"end":{"line":28,"column":80}},"line":28},"5":{"name":"(anonymous_5)","decl":{"start":{"line":33,"column":30},"end":{"line":33,"column":31}},"loc":{"start":{"line":33,"column":36},"end":{"line":53,"column":1}},"line":33},"6":{"name":"(anonymous_6)","decl":{"start":{"line":36,"column":21},"end":{"line":36,"column":22}},"loc":{"start":{"line":36,"column":27},"end":{"line":50,"column":2}},"line":36},"7":{"name":"(anonymous_7)","decl":{"start":{"line":39,"column":66},"end":{"line":39,"column":67}},"loc":{"start":{"line":39,"column":72},"end":{"line":46,"column":3}},"line":39},"8":{"name":"(anonymous_8)","decl":{"start":{"line":41,"column":4},"end":{"line":41,"column":5}},"loc":{"start":{"line":41,"column":27},"end":{"line":44,"column":5}},"line":41},"9":{"name":"(anonymous_9)","decl":{"start":{"line":55,"column":26},"end":{"line":55,"column":27}},"loc":{"start":{"line":55,"column":32},"end":{"line":86,"column":1}},"line":55},"10":{"name":"(anonymous_10)","decl":{"start":{"line":58,"column":21},"end":{"line":58,"column":22}},"loc":{"start":{"line":58,"column":27},"end":{"line":83,"column":2}},"line":58},"11":{"name":"(anonymous_11)","decl":{"start":{"line":59,"column":33},"end":{"line":59,"column":34}},"loc":{"start":{"line":59,"column":53},"end":{"line":59,"column":59}},"line":59},"12":{"name":"(anonymous_12)","decl":{"start":{"line":60,"column":30},"end":{"line":60,"column":31}},"loc":{"start":{"line":60,"column":36},"end":{"line":60,"column":62}},"line":60},"13":{"name":"(anonymous_13)","decl":{"start":{"line":60,"column":36},"end":{"line":60,"column":37}},"loc":{"start":{"line":60,"column":56},"end":{"line":60,"column":62}},"line":60},"14":{"name":"(anonymous_14)","decl":{"start":{"line":74,"column":71},"end":{"line":74,"column":72}},"loc":{"start":{"line":74,"column":77},"end":{"line":74,"column":87}},"line":74},"15":{"name":"(anonymous_15)","decl":{"start":{"line":75,"column":65},"end":{"line":75,"column":66}},"loc":{"start":{"line":75,"column":72},"end":{"line":78,"column":3}},"line":75},"16":{"name":"(anonymous_16)","decl":{"start":{"line":88,"column":30},"end":{"line":88,"column":31}},"loc":{"start":{"line":88,"column":36},"end":{"line":101,"column":1}},"line":88},"17":{"name":"(anonymous_17)","decl":{"start":{"line":92,"column":21},"end":{"line":92,"column":22}},"loc":{"start":{"line":92,"column":27},"end":{"line":98,"column":2}},"line":92},"18":{"name":"(anonymous_18)","decl":{"start":{"line":93,"column":61},"end":{"line":93,"column":62}},"loc":{"start":{"line":93,"column":68},"end":{"line":95,"column":3}},"line":93},"19":{"name":"(anonymous_19)","decl":{"start":{"line":103,"column":38},"end":{"line":103,"column":39}},"loc":{"start":{"line":103,"column":44},"end":{"line":116,"column":1}},"line":103},"20":{"name":"(anonymous_20)","decl":{"start":{"line":107,"column":21},"end":{"line":107,"column":22}},"loc":{"start":{"line":107,"column":27},"end":{"line":113,"column":2}},"line":107},"21":{"name":"(anonymous_21)","decl":{"start":{"line":108,"column":61},"end":{"line":108,"column":62}},"loc":{"start":{"line":108,"column":68},"end":{"line":110,"column":3}},"line":108}},"branchMap":{"0":{"loc":{"start":{"line":2,"column":10},"end":{"line":2,"column":55}},"type":"binary-expr","locations":[{"start":{"line":2,"column":10},"end":{"line":2,"column":16}},{"start":{"line":2,"column":20},"end":{"line":2,"column":55}}],"line":2}},"s":{"0":2,"1":13,"2":13,"3":13,"4":13,"5":195,"6":36,"7":13,"8":10,"9":13,"10":3,"11":13,"12":2,"13":5,"14":5,"15":5,"16":5,"17":5,"18":5,"19":5,"20":5,"21":5,"22":5,"23":2,"24":2,"25":2,"26":2,"27":0,"28":2,"29":0,"30":0,"31":2,"32":2,"33":0,"34":2,"35":0,"36":2,"37":0,"38":0,"39":0,"40":2,"41":3,"42":3,"43":3,"44":3,"45":3,"46":3,"47":2,"48":3,"49":3,"50":3,"51":3,"52":3,"53":3,"54":2},"f":{"0":13,"1":195,"2":36,"3":10,"4":3,"5":5,"6":5,"7":5,"8":5,"9":2,"10":2,"11":0,"12":0,"13":0,"14":0,"15":0,"16":3,"17":3,"18":3,"19":3,"20":3,"21":3},"b":{"0":[13,0]},"_coverageSchema":"1a1c01bbd47fc00a2c39e90264f33305004495a9","hash":"c32963d456b7e716a8142a5d8095349465048d5f"}
}
