TN:
SF:backend\business-api\controllers\scheduling.controller.js
FN:18,(anonymous_0)
FN:36,(anonymous_1)
FN:58,(anonymous_2)
FN:76,(anonymous_3)
FN:88,(anonymous_4)
FN:101,(anonymous_5)
FN:113,(anonymous_6)
FN:125,(anonymous_7)
FN:145,(anonymous_8)
FN:158,(anonymous_9)
FNF:10
FNH:10
FNDA:1,(anonymous_0)
FNDA:2,(anonymous_1)
FNDA:1,(anonymous_2)
FNDA:1,(anonymous_3)
FNDA:1,(anonymous_4)
FNDA:1,(anonymous_5)
FNDA:1,(anonymous_6)
FNDA:1,(anonymous_7)
FNDA:1,(anonymous_8)
FNDA:1,(anonymous_9)
DA:8,6
DA:9,6
DA:10,6
DA:11,6
DA:18,6
DA:19,1
DA:20,1
DA:22,1
DA:29,1
DA:36,6
DA:37,2
DA:38,2
DA:39,2
DA:41,2
DA:42,1
DA:45,1
DA:51,1
DA:58,6
DA:59,1
DA:60,1
DA:61,1
DA:63,1
DA:69,1
DA:76,6
DA:77,1
DA:79,1
DA:81,1
DA:88,6
DA:89,1
DA:90,1
DA:92,1
DA:94,1
DA:101,6
DA:102,1
DA:104,1
DA:106,1
DA:113,6
DA:114,1
DA:116,1
DA:118,1
DA:125,6
DA:126,1
DA:127,1
DA:129,1
DA:130,1
DA:132,1
DA:134,1
DA:145,6
DA:146,1
DA:147,1
DA:149,1
DA:151,1
DA:158,6
DA:159,1
DA:161,1
DA:167,6
LF:56
LH:56
BRDA:41,0,0,1
BRDA:41,0,1,1
BRDA:129,1,0,1
BRDA:129,1,1,1
BRDA:130,2,0,1
BRDA:130,2,1,1
BRF:6
BRH:6
end_of_record
TN:
SF:backend\business-api\services\billingCalculation.service.js
FN:39,(anonymous_0)
FN:129,(anonymous_1)
FN:193,(anonymous_2)
FN:234,(anonymous_3)
FN:279,(anonymous_4)
FN:310,(anonymous_5)
FN:345,(anonymous_6)
FN:368,(anonymous_7)
FN:387,(anonymous_8)
FN:400,(anonymous_9)
FN:410,(anonymous_10)
FN:423,(anonymous_11)
FN:428,(anonymous_12)
FN:441,(anonymous_13)
FN:457,(anonymous_14)
FNF:15
FNH:8
FNDA:1,(anonymous_0)
FNDA:0,(anonymous_1)
FNDA:0,(anonymous_2)
FNDA:0,(anonymous_3)
FNDA:0,(anonymous_4)
FNDA:0,(anonymous_5)
FNDA:1,(anonymous_6)
FNDA:1,(anonymous_7)
FNDA:1,(anonymous_8)
FNDA:1,(anonymous_9)
FNDA:1,(anonymous_10)
FNDA:1,(anonymous_11)
FNDA:3,(anonymous_12)
FNDA:0,(anonymous_13)
FNDA:0,(anonymous_14)
DA:10,2
DA:11,2
DA:12,2
DA:18,2
DA:23,2
DA:41,1
DA:58,1
DA:59,0
DA:63,1
DA:70,1
DA:71,1
DA:72,1
DA:78,1
DA:81,1
DA:84,1
DA:85,1
DA:86,1
DA:87,1
DA:88,1
DA:92,1
DA:93,1
DA:96,1
DA:101,1
DA:102,1
DA:103,1
DA:105,1
DA:130,0
DA:133,0
DA:143,0
DA:146,0
DA:149,0
DA:155,0
DA:156,0
DA:161,0
DA:182,0
DA:184,0
DA:194,0
DA:197,0
DA:203,0
DA:204,0
DA:207,0
DA:208,0
DA:211,0
DA:223,0
DA:225,0
DA:235,0
DA:237,0
DA:243,0
DA:244,0
DA:247,0
DA:251,0
DA:253,0
DA:264,0
DA:266,0
DA:280,0
DA:282,0
DA:290,0
DA:291,0
DA:293,0
DA:294,0
DA:297,0
DA:299,0
DA:301,0
DA:310,0
DA:311,0
DA:312,0
DA:314,0
DA:315,0
DA:317,0
DA:318,0
DA:320,0
DA:322,0
DA:323,0
DA:325,0
DA:326,0
DA:328,0
DA:329,0
DA:333,0
DA:337,0
DA:346,1
DA:364,1
DA:368,1
DA:389,1
DA:390,1
DA:394,0
DA:401,1
DA:402,1
DA:404,0
DA:411,1
DA:413,1
DA:420,1
DA:424,1
DA:426,1
DA:428,3
DA:431,1
DA:432,2
DA:433,1
DA:438,0
DA:442,0
DA:443,0
DA:446,0
DA:447,0
DA:448,0
DA:450,0
DA:458,0
DA:459,0
DA:463,2
LF:107
LH:42
BRDA:58,0,0,0
BRDA:58,0,1,1
BRDA:58,1,0,1
BRDA:58,1,1,1
BRDA:71,2,0,1
BRDA:71,2,1,0
BRDA:85,3,0,1
BRDA:85,3,1,0
BRDA:85,4,0,1
BRDA:85,4,1,1
BRDA:96,5,0,1
BRDA:96,5,1,0
BRDA:120,6,0,1
BRDA:120,6,1,0
BRDA:155,7,0,0
BRDA:155,7,1,0
BRDA:182,8,0,0
BRDA:182,8,1,0
BRDA:203,9,0,0
BRDA:203,9,1,0
BRDA:203,10,0,0
BRDA:203,10,1,0
BRDA:207,11,0,0
BRDA:207,11,1,0
BRDA:223,12,0,0
BRDA:223,12,1,0
BRDA:243,13,0,0
BRDA:243,13,1,0
BRDA:243,14,0,0
BRDA:243,14,1,0
BRDA:251,15,0,0
BRDA:251,15,1,0
BRDA:264,16,0,0
BRDA:264,16,1,0
BRDA:279,17,0,0
BRDA:290,18,0,0
BRDA:290,18,1,0
BRDA:293,19,0,0
BRDA:293,19,1,0
BRDA:299,20,0,0
BRDA:299,20,1,0
BRDA:311,21,0,0
BRDA:311,21,1,0
BRDA:312,22,0,0
BRDA:312,22,1,0
BRDA:314,23,0,0
BRDA:314,23,1,0
BRDA:318,24,0,0
BRDA:318,24,1,0
BRDA:320,25,0,0
BRDA:320,25,1,0
BRDA:320,25,2,0
BRDA:322,26,0,0
BRDA:322,26,1,0
BRDA:325,27,0,0
BRDA:325,27,1,0
BRDA:328,28,0,0
BRDA:328,28,1,0
BRDA:333,29,0,0
BRDA:333,29,1,0
BRDA:364,30,0,0
BRDA:364,30,1,1
BRDA:368,31,0,1
BRDA:368,31,1,0
BRDA:370,32,0,1
BRDA:370,32,1,0
BRDA:372,33,0,1
BRDA:372,33,1,0
BRDA:374,34,0,1
BRDA:374,34,1,0
BRDA:375,35,0,1
BRDA:375,35,1,0
BRDA:376,36,0,1
BRDA:376,36,1,0
BRDA:389,37,0,1
BRDA:389,37,1,0
BRDA:401,38,0,1
BRDA:401,38,1,0
BRDA:411,39,0,0
BRDA:411,39,1,1
BRDA:420,40,0,1
BRDA:420,40,1,0
BRDA:424,41,0,0
BRDA:424,41,1,1
BRDA:432,42,0,1
BRDA:432,42,1,1
BRDA:459,43,0,0
BRDA:459,43,1,0
BRF:88
BRH:23
end_of_record
TN:
SF:backend\business-api\services\scheduling.service.js
FN:20,(anonymous_0)
FN:83,(anonymous_1)
FN:97,(anonymous_2)
FN:164,(anonymous_3)
FN:182,(anonymous_4)
FN:229,(anonymous_5)
FN:245,(anonymous_6)
FN:271,(anonymous_7)
FN:294,(anonymous_8)
FN:326,(anonymous_9)
FN:334,(anonymous_10)
FN:336,(anonymous_11)
FN:343,(anonymous_12)
FN:356,(anonymous_13)
FN:375,(anonymous_14)
FN:386,(anonymous_15)
FN:415,(anonymous_16)
FN:462,(anonymous_17)
FN:507,(anonymous_18)
FN:521,(anonymous_19)
FN:527,(anonymous_20)
FN:555,(anonymous_21)
FNF:22
FNH:7
FNDA:3,(anonymous_0)
FNDA:0,(anonymous_1)
FNDA:0,(anonymous_2)
FNDA:0,(anonymous_3)
FNDA:0,(anonymous_4)
FNDA:0,(anonymous_5)
FNDA:0,(anonymous_6)
FNDA:0,(anonymous_7)
FNDA:1,(anonymous_8)
FNDA:2,(anonymous_9)
FNDA:3,(anonymous_10)
FNDA:9,(anonymous_11)
FNDA:0,(anonymous_12)
FNDA:0,(anonymous_13)
FNDA:0,(anonymous_14)
FNDA:1,(anonymous_15)
FNDA:0,(anonymous_16)
FNDA:0,(anonymous_17)
FNDA:0,(anonymous_18)
FNDA:0,(anonymous_19)
FNDA:0,(anonymous_20)
FNDA:1,(anonymous_21)
DA:8,6
DA:9,6
DA:10,6
DA:11,6
DA:12,6
DA:21,3
DA:24,3
DA:27,2
DA:28,2
DA:29,0
DA:33,2
DA:34,2
DA:35,2
DA:38,2
DA:39,2
DA:40,1
DA:44,1
DA:47,1
DA:50,1
DA:53,1
DA:77,1
DA:78,0
DA:79,0
DA:83,1
DA:84,0
DA:87,1
DA:98,0
DA:101,0
DA:111,0
DA:112,0
DA:116,0
DA:117,0
DA:118,0
DA:122,0
DA:123,0
DA:124,0
DA:127,0
DA:128,0
DA:129,0
DA:133,0
DA:137,0
DA:140,0
DA:161,0
DA:164,0
DA:165,0
DA:168,0
DA:183,0
DA:198,0
DA:199,0
DA:203,0
DA:204,0
DA:205,0
DA:209,0
DA:213,0
DA:226,0
DA:229,0
DA:230,0
DA:233,0
DA:246,0
DA:248,0
DA:262,0
DA:263,0
DA:272,0
DA:285,0
DA:286,0
DA:295,1
DA:297,1
DA:310,1
DA:311,1
DA:312,1
DA:313,1
DA:314,1
DA:318,1
DA:320,1
DA:322,1
DA:325,1
DA:326,2
DA:329,0
DA:335,3
DA:336,9
DA:338,3
DA:339,1
DA:344,0
DA:350,0
DA:351,0
DA:353,0
DA:357,0
DA:358,0
DA:359,0
DA:360,0
DA:362,0
DA:375,0
DA:376,0
DA:377,0
DA:378,0
DA:381,0
DA:382,0
DA:387,1
DA:393,1
DA:395,1
DA:404,1
DA:407,0
DA:416,0
DA:417,0
DA:418,0
DA:419,0
DA:421,0
DA:422,0
DA:423,0
DA:426,0
DA:427,0
DA:433,0
DA:438,0
DA:449,0
DA:451,0
DA:463,0
DA:464,0
DA:465,0
DA:467,0
DA:468,0
DA:469,0
DA:472,0
DA:473,0
DA:479,0
DA:484,0
DA:494,0
DA:496,0
DA:508,0
DA:509,0
DA:510,0
DA:511,0
DA:513,0
DA:514,0
DA:515,0
DA:518,0
DA:519,0
DA:521,0
DA:527,0
DA:532,0
DA:544,0
DA:546,0
DA:556,1
DA:557,1
DA:558,1
DA:559,1
DA:561,1
DA:571,1
DA:572,0
DA:573,0
DA:576,1
DA:580,6
LF:151
LH:50
BRDA:28,0,0,0
BRDA:28,0,1,2
BRDA:39,1,0,1
BRDA:39,1,1,1
BRDA:77,2,0,0
BRDA:77,2,1,1
BRDA:111,3,0,0
BRDA:111,3,1,0
BRDA:111,4,0,0
BRDA:111,4,1,0
BRDA:117,5,0,0
BRDA:117,5,1,0
BRDA:128,6,0,0
BRDA:128,6,1,0
BRDA:161,7,0,0
BRDA:161,7,1,0
BRDA:198,8,0,0
BRDA:198,8,1,0
BRDA:198,9,0,0
BRDA:198,9,1,0
BRDA:204,10,0,0
BRDA:204,10,1,0
BRDA:226,11,0,0
BRDA:226,11,1,0
BRDA:262,12,0,0
BRDA:262,12,1,0
BRDA:285,13,0,0
BRDA:285,13,1,0
BRDA:294,14,0,0
BRDA:310,15,0,0
BRDA:310,15,1,1
BRDA:311,16,0,0
BRDA:311,16,1,1
BRDA:312,17,0,0
BRDA:312,17,1,1
BRDA:313,18,0,0
BRDA:313,18,1,1
BRDA:314,19,0,1
BRDA:314,19,1,0
BRDA:322,20,0,0
BRDA:322,20,1,1
BRDA:325,21,0,1
BRDA:325,21,1,0
BRDA:325,22,0,1
BRDA:325,22,1,1
BRDA:329,23,0,0
BRDA:329,23,1,0
BRDA:338,24,0,1
BRDA:338,24,1,2
BRDA:350,25,0,0
BRDA:350,25,1,0
BRDA:350,26,0,0
BRDA:350,26,1,0
BRDA:351,27,0,0
BRDA:351,27,1,0
BRDA:351,28,0,0
BRDA:351,28,1,0
BRDA:375,29,0,0
BRDA:375,29,1,0
BRDA:381,30,0,0
BRDA:381,30,1,0
BRDA:393,31,0,1
BRDA:393,31,1,0
BRDA:393,32,0,1
BRDA:393,32,1,0
BRDA:404,33,0,1
BRDA:404,33,1,0
BRDA:421,34,0,0
BRDA:421,34,1,0
BRDA:441,35,0,0
BRDA:441,35,1,0
BRDA:441,36,0,0
BRDA:441,36,1,0
BRDA:441,37,0,0
BRDA:441,37,1,0
BRDA:442,38,0,0
BRDA:442,38,1,0
BRDA:445,39,0,0
BRDA:445,39,1,0
BRDA:445,40,0,0
BRDA:445,40,1,0
BRDA:445,41,0,0
BRDA:445,41,1,0
BRDA:467,42,0,0
BRDA:467,42,1,0
BRDA:487,43,0,0
BRDA:487,43,1,0
BRDA:487,44,0,0
BRDA:487,44,1,0
BRDA:487,45,0,0
BRDA:487,45,1,0
BRDA:488,46,0,0
BRDA:488,46,1,0
BRDA:513,47,0,0
BRDA:513,47,1,0
BRDA:535,48,0,0
BRDA:535,48,1,0
BRDA:535,49,0,0
BRDA:535,49,1,0
BRDA:535,50,0,0
BRDA:535,50,1,0
BRDA:536,51,0,0
BRDA:536,51,1,0
BRDA:541,52,0,0
BRDA:541,52,1,0
BRDA:541,53,0,0
BRDA:541,53,1,0
BRDA:541,54,0,0
BRDA:541,54,1,0
BRDA:571,55,0,0
BRDA:571,55,1,1
BRDA:576,56,0,1
BRDA:576,56,1,0
BRF:113
BRH:20
end_of_record
TN:
SF:backend\business-api\services\validation.service.js
FN:21,(anonymous_0)
FN:131,(anonymous_1)
FN:150,(anonymous_2)
FN:163,(anonymous_3)
FN:181,(anonymous_4)
FN:193,(anonymous_5)
FN:258,(anonymous_6)
FN:285,(anonymous_7)
FN:306,(anonymous_8)
FN:317,(anonymous_9)
FN:364,(anonymous_10)
FN:374,(anonymous_11)
FN:387,(anonymous_12)
FN:426,(anonymous_13)
FN:427,(anonymous_14)
FN:440,(anonymous_15)
FN:443,(anonymous_16)
FN:447,(anonymous_17)
FN:451,(anonymous_18)
FNF:19
FNH:8
FNDA:1,(anonymous_0)
FNDA:1,(anonymous_1)
FNDA:4,(anonymous_2)
FNDA:0,(anonymous_3)
FNDA:2,(anonymous_4)
FNDA:0,(anonymous_5)
FNDA:0,(anonymous_6)
FNDA:0,(anonymous_7)
FNDA:0,(anonymous_8)
FNDA:0,(anonymous_9)
FNDA:0,(anonymous_10)
FNDA:0,(anonymous_11)
FNDA:0,(anonymous_12)
FNDA:0,(anonymous_13)
FNDA:0,(anonymous_14)
FNDA:1,(anonymous_15)
FNDA:2,(anonymous_16)
FNDA:2,(anonymous_17)
FNDA:2,(anonymous_18)
DA:10,2
DA:11,2
DA:12,2
DA:13,2
DA:22,1
DA:23,1
DA:25,1
DA:28,1
DA:29,1
DA:32,1
DA:33,1
DA:40,1
DA:41,1
DA:43,1
DA:44,0
DA:51,1
DA:52,1
DA:53,1
DA:54,1
DA:56,1
DA:57,1
DA:64,1
DA:65,1
DA:66,0
DA:73,1
DA:74,1
DA:75,0
DA:82,1
DA:86,1
DA:87,0
DA:93,1
DA:94,0
DA:101,1
DA:102,1
DA:103,1
DA:110,1
DA:111,1
DA:112,0
DA:118,1
DA:132,1
DA:141,1
DA:142,0
DA:145,1
DA:146,1
DA:149,1
DA:150,1
DA:151,4
DA:152,3
DA:154,1
DA:159,1
DA:160,1
DA:161,0
DA:163,0
DA:164,0
DA:165,0
DA:167,0
DA:175,1
DA:178,1
DA:180,1
DA:181,2
DA:194,0
DA:195,0
DA:198,0
DA:199,0
DA:200,0
DA:205,0
DA:206,0
DA:207,0
DA:208,0
DA:216,0
DA:217,0
DA:219,0
DA:220,0
DA:224,0
DA:225,0
DA:232,0
DA:233,0
DA:240,0
DA:241,0
DA:247,0
DA:259,0
DA:260,0
DA:263,0
DA:264,0
DA:265,0
DA:266,0
DA:274,0
DA:275,0
DA:276,0
DA:284,0
DA:285,0
DA:286,0
DA:287,0
DA:294,0
DA:307,0
DA:308,0
DA:311,0
DA:312,0
DA:317,0
DA:318,0
DA:319,0
DA:324,0
DA:325,0
DA:334,0
DA:335,0
DA:342,0
DA:343,0
DA:349,0
DA:350,0
DA:356,0
DA:365,0
DA:371,0
DA:376,0
DA:382,0
DA:388,0
DA:389,0
DA:392,0
DA:393,0
DA:396,0
DA:411,0
DA:426,0
DA:427,0
DA:428,0
DA:429,0
DA:430,0
DA:434,0
DA:441,1
DA:443,2
DA:444,0
DA:447,2
DA:448,0
DA:451,2
DA:452,0
DA:455,1
DA:459,2
LF:135
LH:54
BRDA:32,0,0,1
BRDA:32,0,1,0
BRDA:43,1,0,0
BRDA:43,1,1,1
BRDA:56,2,0,1
BRDA:56,2,1,0
BRDA:56,3,0,1
BRDA:56,3,1,0
BRDA:65,4,0,0
BRDA:65,4,1,1
BRDA:74,5,0,0
BRDA:74,5,1,1
BRDA:86,6,0,0
BRDA:86,6,1,1
BRDA:93,7,0,0
BRDA:93,7,1,1
BRDA:102,8,0,1
BRDA:102,8,1,0
BRDA:102,9,0,1
BRDA:102,9,1,1
BRDA:111,10,0,0
BRDA:111,10,1,1
BRDA:111,11,0,1
BRDA:111,11,1,1
BRDA:141,12,0,0
BRDA:141,12,1,1
BRDA:141,13,0,1
BRDA:141,13,1,1
BRDA:151,14,0,3
BRDA:151,14,1,1
BRDA:160,15,0,0
BRDA:160,15,1,1
BRDA:164,16,0,0
BRDA:164,16,1,0
BRDA:198,17,0,0
BRDA:198,17,1,0
BRDA:199,18,0,0
BRDA:199,18,1,0
BRDA:199,19,0,0
BRDA:199,19,1,0
BRDA:205,20,0,0
BRDA:205,20,1,0
BRDA:207,21,0,0
BRDA:207,21,1,0
BRDA:219,22,0,0
BRDA:219,22,1,0
BRDA:219,23,0,0
BRDA:219,23,1,0
BRDA:224,24,0,0
BRDA:224,24,1,0
BRDA:232,25,0,0
BRDA:232,25,1,0
BRDA:240,26,0,0
BRDA:240,26,1,0
BRDA:240,27,0,0
BRDA:240,27,1,0
BRDA:263,28,0,0
BRDA:263,28,1,0
BRDA:265,29,0,0
BRDA:265,29,1,0
BRDA:274,30,0,0
BRDA:274,30,1,0
BRDA:274,31,0,0
BRDA:274,31,1,0
BRDA:275,32,0,0
BRDA:275,32,1,0
BRDA:286,33,0,0
BRDA:286,33,1,0
BRDA:311,34,0,0
BRDA:311,34,1,0
BRDA:311,35,0,0
BRDA:311,35,1,0
BRDA:311,35,2,0
BRDA:318,36,0,0
BRDA:318,36,1,0
BRDA:324,37,0,0
BRDA:324,37,1,0
BRDA:334,38,0,0
BRDA:334,38,1,0
BRDA:334,39,0,0
BRDA:334,39,1,0
BRDA:334,39,2,0
BRDA:334,39,3,0
BRDA:342,40,0,0
BRDA:342,40,1,0
BRDA:349,41,0,0
BRDA:349,41,1,0
BRDA:371,42,0,0
BRDA:371,42,1,0
BRDA:383,43,0,0
BRDA:383,43,1,0
BRDA:383,43,2,0
BRDA:427,44,0,0
BRDA:427,44,1,0
BRDA:443,45,0,0
BRDA:443,45,1,1
BRDA:447,46,0,0
BRDA:447,46,1,1
BRDA:451,47,0,0
BRDA:451,47,1,1
BRF:100
BRH:23
end_of_record
TN:
SF:backend\crud-api\repositories\appointment.repository.js
FN:12,(anonymous_0)
FN:19,(anonymous_1)
FN:56,(anonymous_2)
FN:142,(anonymous_3)
FN:211,(anonymous_4)
FN:288,(anonymous_5)
FN:315,(anonymous_6)
FN:334,(anonymous_7)
FN:355,(anonymous_8)
FN:374,(anonymous_9)
FN:390,(anonymous_10)
FN:417,(anonymous_11)
FN:450,(anonymous_12)
FN:502,(anonymous_13)
FN:520,(anonymous_14)
FN:554,(anonymous_15)
FNF:16
FNH:8
FNDA:5,(anonymous_0)
FNDA:0,(anonymous_1)
FNDA:2,(anonymous_2)
FNDA:0,(anonymous_3)
FNDA:0,(anonymous_4)
FNDA:0,(anonymous_5)
FNDA:1,(anonymous_6)
FNDA:0,(anonymous_7)
FNDA:1,(anonymous_8)
FNDA:4,(anonymous_9)
FNDA:0,(anonymous_10)
FNDA:0,(anonymous_11)
FNDA:1,(anonymous_12)
FNDA:1,(anonymous_13)
FNDA:1,(anonymous_14)
FNDA:0,(anonymous_15)
DA:8,5
DA:9,5
DA:13,5
DA:20,0
DA:57,2
DA:110,2
DA:111,1
DA:114,2
DA:116,2
DA:117,0
DA:121,2
DA:122,1
DA:128,1
DA:129,1
DA:133,2
DA:143,0
DA:145,0
DA:183,0
DA:184,0
DA:187,0
DA:188,0
DA:191,0
DA:193,0
DA:194,0
DA:196,0
DA:198,0
DA:199,0
DA:202,0
DA:212,0
DA:214,0
DA:248,0
DA:249,0
DA:252,0
DA:253,0
DA:254,0
DA:255,0
DA:258,0
DA:259,0
DA:262,0
DA:263,0
DA:266,0
DA:268,0
DA:269,0
DA:271,0
DA:273,0
DA:274,0
DA:277,0
DA:289,0
DA:296,0
DA:297,0
DA:300,0
DA:302,0
DA:303,0
DA:306,0
DA:316,1
DA:319,1
DA:320,1
DA:321,1
DA:322,0
DA:323,0
DA:326,1
DA:335,0
DA:343,0
DA:344,0
DA:347,0
DA:356,1
DA:362,1
DA:363,0
DA:366,1
DA:374,1
DA:375,4
DA:376,4
DA:377,4
DA:381,1
DA:392,0
DA:411,0
DA:412,0
DA:416,0
DA:417,0
DA:418,0
DA:419,0
DA:420,0
DA:422,0
DA:423,0
DA:430,0
DA:431,0
DA:432,0
DA:435,0
DA:436,0
DA:442,0
DA:451,1
DA:453,1
DA:502,1
DA:503,1
DA:504,1
DA:508,1
DA:510,1
DA:511,1
DA:513,1
DA:515,1
DA:516,0
DA:520,1
DA:555,0
DA:559,5
LF:104
LH:38
BRDA:56,0,0,1
BRDA:110,1,0,1
BRDA:110,1,1,1
BRDA:116,2,0,0
BRDA:116,2,1,2
BRDA:116,3,0,2
BRDA:116,3,1,0
BRDA:121,4,0,1
BRDA:121,4,1,1
BRDA:121,5,0,2
BRDA:121,5,1,2
BRDA:128,6,0,1
BRDA:128,6,1,0
BRDA:142,7,0,0
BRDA:183,8,0,0
BRDA:183,8,1,0
BRDA:187,9,0,0
BRDA:187,9,1,0
BRDA:193,10,0,0
BRDA:193,10,1,0
BRDA:194,11,0,0
BRDA:194,11,1,0
BRDA:194,12,0,0
BRDA:194,12,1,0
BRDA:198,13,0,0
BRDA:198,13,1,0
BRDA:202,14,0,0
BRDA:202,14,1,0
BRDA:211,15,0,0
BRDA:248,16,0,0
BRDA:248,16,1,0
BRDA:252,17,0,0
BRDA:252,17,1,0
BRDA:258,18,0,0
BRDA:258,18,1,0
BRDA:262,19,0,0
BRDA:262,19,1,0
BRDA:268,20,0,0
BRDA:268,20,1,0
BRDA:269,21,0,0
BRDA:269,21,1,0
BRDA:269,22,0,0
BRDA:269,22,1,0
BRDA:273,23,0,0
BRDA:273,23,1,0
BRDA:277,24,0,0
BRDA:277,24,1,0
BRDA:288,25,0,0
BRDA:296,26,0,0
BRDA:296,26,1,0
BRDA:302,27,0,0
BRDA:302,27,1,0
BRDA:306,28,0,0
BRDA:306,28,1,0
BRDA:320,29,0,1
BRDA:320,29,1,0
BRDA:322,30,0,0
BRDA:322,30,1,0
BRDA:343,31,0,0
BRDA:343,31,1,0
BRDA:362,32,0,0
BRDA:362,32,1,1
BRDA:374,33,0,1
BRDA:374,33,1,0
BRDA:376,34,0,4
BRDA:376,34,1,0
BRDA:376,35,0,4
BRDA:376,35,1,4
BRDA:411,36,0,0
BRDA:411,36,1,0
BRDA:417,37,0,0
BRDA:417,37,1,0
BRDA:418,38,0,0
BRDA:418,38,1,0
BRDA:418,39,0,0
BRDA:418,39,1,0
BRDA:420,40,0,0
BRDA:420,40,1,0
BRDA:422,41,0,0
BRDA:422,41,1,0
BRDA:430,42,0,0
BRDA:430,42,1,0
BRDA:431,43,0,0
BRDA:431,43,1,0
BRDA:431,44,0,0
BRDA:431,44,1,0
BRDA:431,44,2,0
BRDA:435,45,0,0
BRDA:435,45,1,0
BRDA:450,46,0,0
BRDA:451,47,0,0
BRDA:503,48,0,1
BRDA:503,48,1,0
BRDA:503,49,0,1
BRDA:503,49,1,1
BRDA:510,50,0,1
BRDA:510,50,1,0
BRDA:511,51,0,0
BRDA:511,51,1,1
BRDA:511,52,0,0
BRDA:511,52,1,0
BRDA:515,53,0,0
BRDA:515,53,1,1
BRDA:520,54,0,1
BRDA:520,54,1,0
BRDA:523,55,0,1
BRDA:523,55,1,0
BRDA:524,56,0,1
BRDA:524,56,1,0
BRDA:524,57,0,1
BRDA:524,57,1,0
BRDA:524,58,0,1
BRDA:524,58,1,0
BRDA:526,59,0,1
BRDA:526,59,1,0
BRDA:528,60,0,1
BRDA:528,60,1,0
BRDA:529,61,0,1
BRDA:529,61,1,0
BRDA:529,62,0,1
BRDA:529,62,1,0
BRDA:529,63,0,1
BRDA:529,63,1,0
BRDA:532,64,0,1
BRDA:532,64,1,0
BRDA:533,65,0,1
BRDA:533,65,1,0
BRDA:535,66,0,1
BRDA:535,66,1,0
BRDA:536,67,0,1
BRDA:536,67,1,0
BRDA:538,68,0,1
BRDA:538,68,1,0
BRDA:539,69,0,1
BRDA:539,69,1,0
BRDA:542,70,0,1
BRDA:542,70,1,0
BRDA:544,71,0,1
BRDA:544,71,1,0
BRDA:549,72,0,1
BRDA:549,72,1,0
BRDA:550,73,0,1
BRDA:550,73,1,0
BRF:143
BRH:42
end_of_record
TN:
SF:backend\crud-api\repositories\patient.repository.js
FN:11,(anonymous_0)
FN:20,(anonymous_1)
FN:39,(anonymous_2)
FN:104,(anonymous_3)
FN:117,(anonymous_4)
FN:140,(anonymous_5)
FN:187,(anonymous_6)
FN:199,(anonymous_7)
FN:211,(anonymous_8)
FNF:9
FNH:8
FNDA:5,(anonymous_0)
FNDA:1,(anonymous_1)
FNDA:1,(anonymous_2)
FNDA:0,(anonymous_3)
FNDA:1,(anonymous_4)
FNDA:1,(anonymous_5)
FNDA:1,(anonymous_6)
FNDA:1,(anonymous_7)
FNDA:2,(anonymous_8)
DA:8,5
DA:12,5
DA:21,1
DA:27,1
DA:28,0
DA:31,1
DA:40,1
DA:84,1
DA:85,0
DA:88,1
DA:90,1
DA:91,1
DA:92,1
DA:95,0
DA:105,0
DA:118,1
DA:128,1
DA:129,0
DA:132,1
DA:141,1
DA:143,1
DA:174,1
DA:175,1
DA:178,1
DA:179,1
DA:181,1
DA:183,1
DA:184,0
DA:187,1
DA:188,1
DA:189,1
DA:190,1
DA:191,1
DA:201,1
DA:206,1
DA:207,0
DA:210,1
DA:211,2
DA:212,1
DA:214,1
DA:218,5
LF:41
LH:34
BRDA:27,0,0,0
BRDA:27,0,1,1
BRDA:27,1,0,1
BRDA:27,1,1,1
BRDA:84,2,0,0
BRDA:84,2,1,1
BRDA:84,3,0,1
BRDA:84,3,1,0
BRDA:88,4,0,1
BRDA:88,4,1,0
BRDA:104,5,0,0
BRDA:128,6,0,0
BRDA:128,6,1,1
BRDA:140,7,0,0
BRDA:174,8,0,1
BRDA:174,8,1,0
BRDA:178,9,0,1
BRDA:178,9,1,0
BRDA:179,10,0,0
BRDA:179,10,1,1
BRDA:179,11,0,0
BRDA:179,11,1,0
BRDA:183,12,0,0
BRDA:183,12,1,1
BRDA:187,13,0,1
BRDA:187,13,1,0
BRDA:206,14,0,0
BRDA:206,14,1,1
BRDA:210,15,0,1
BRDA:210,15,1,0
BRDA:211,16,0,1
BRDA:211,16,1,0
BRF:32
BRH:15
end_of_record
TN:
SF:backend\crud-api\routes\appointment.routes.js
FNF:0
FNH:0
DA:8,2
DA:9,2
DA:10,2
DA:11,2
DA:14,2
DA:21,2
DA:28,2
DA:35,2
DA:42,2
DA:49,2
DA:56,2
DA:63,2
DA:70,2
DA:77,2
DA:84,2
DA:91,2
DA:98,2
DA:105,2
DA:112,2
DA:114,2
LF:20
LH:20
BRF:0
BRH:0
end_of_record
TN:
SF:backend\crud-api\routes\patient.routes.js
FNF:0
FNH:0
DA:8,2
DA:9,2
DA:10,2
DA:11,2
DA:14,2
DA:21,2
DA:28,2
DA:35,2
DA:42,2
DA:49,2
DA:56,2
DA:63,2
DA:70,2
DA:77,2
DA:79,2
LF:15
LH:15
BRF:0
BRH:0
end_of_record
TN:
SF:backend\shared\constants\app.constants.js
FNF:0
FNH:0
DA:9,15
DA:17,15
DA:25,15
DA:31,15
DA:38,15
DA:44,15
DA:50,15
DA:60,15
DA:61,15
DA:62,15
DA:63,15
DA:65,15
LF:12
LH:12
BRF:0
BRH:0
end_of_record
TN:
SF:backend\shared\constants\http.constants.js
FNF:0
FNH:0
DA:8,16
DA:38,16
LF:2
LH:2
BRF:0
BRH:0
end_of_record
TN:
SF:backend\shared\errors\AppError.js
FN:17,(anonymous_0)
FN:32,(anonymous_1)
FNF:2
FNH:1
FNDA:3,(anonymous_0)
FNDA:0,(anonymous_1)
DA:8,16
DA:18,3
DA:19,3
DA:20,3
DA:21,3
DA:22,3
DA:23,3
DA:25,3
DA:33,0
DA:41,16
LF:10
LH:9
BRDA:17,0,0,0
BRDA:17,1,0,0
BRDA:17,2,0,0
BRF:3
BRH:0
end_of_record
TN:
SF:backend\shared\errors\AuthorizationError.js
FN:16,(anonymous_0)
FNF:1
FNH:0
FNDA:0,(anonymous_0)
DA:8,16
DA:9,16
DA:17,0
DA:18,0
DA:19,0
DA:23,16
LF:6
LH:3
BRDA:16,0,0,0
BRDA:16,1,0,0
BRDA:17,2,0,0
BRDA:17,2,1,0
BRF:4
BRH:0
end_of_record
TN:
SF:backend\shared\errors\BusinessError.js
FN:17,(anonymous_0)
FNF:1
FNH:1
FNDA:1,(anonymous_0)
DA:8,16
DA:9,16
DA:18,1
DA:19,1
DA:23,16
LF:5
LH:5
BRDA:17,0,0,1
BRDA:17,1,0,1
BRF:2
BRH:2
end_of_record
TN:
SF:backend\shared\errors\ConflictError.js
FN:16,(anonymous_0)
FNF:1
FNH:0
FNDA:0,(anonymous_0)
DA:8,16
DA:9,16
DA:17,0
DA:21,16
LF:4
LH:3
BRDA:16,0,0,0
BRF:1
BRH:0
end_of_record
TN:
SF:backend\shared\errors\NotFoundError.js
FN:16,(anonymous_0)
FNF:1
FNH:0
FNDA:0,(anonymous_0)
DA:8,16
DA:9,16
DA:17,0
DA:20,0
DA:21,0
DA:25,16
LF:6
LH:3
BRDA:16,0,0,0
BRDA:17,1,0,0
BRDA:17,1,1,0
BRF:3
BRH:0
end_of_record
TN:
SF:backend\shared\errors\ValidationError.js
FN:16,(anonymous_0)
FNF:1
FNH:1
FNDA:2,(anonymous_0)
DA:8,16
DA:9,16
DA:17,2
DA:18,2
DA:22,16
LF:5
LH:5
BRDA:16,0,0,2
BRF:1
BRH:1
end_of_record
TN:
SF:backend\shared\errors\index.js
FNF:0
FNH:0
DA:8,16
DA:9,16
DA:10,16
DA:11,16
DA:12,16
DA:13,16
DA:15,16
LF:7
LH:7
BRF:0
BRH:0
end_of_record
TN:
SF:backend\shared\utils\helpers.utils.js
FN:13,(anonymous_0)
FN:23,(anonymous_1)
FN:34,(anonymous_2)
FN:44,(anonymous_3)
FN:58,(anonymous_4)
FN:69,(anonymous_5)
FN:87,(anonymous_6)
FN:102,(anonymous_7)
FN:111,(anonymous_8)
FN:112,(anonymous_9)
FN:127,(anonymous_10)
FN:144,(anonymous_11)
FNF:12
FNH:0
FNDA:0,(anonymous_0)
FNDA:0,(anonymous_1)
FNDA:0,(anonymous_2)
FNDA:0,(anonymous_3)
FNDA:0,(anonymous_4)
FNDA:0,(anonymous_5)
FNDA:0,(anonymous_6)
FNDA:0,(anonymous_7)
FNDA:0,(anonymous_8)
FNDA:0,(anonymous_9)
FNDA:0,(anonymous_10)
FNDA:0,(anonymous_11)
DA:13,2
DA:14,0
DA:15,0
DA:23,2
DA:24,0
DA:25,0
DA:26,0
DA:34,2
DA:35,0
DA:36,0
DA:44,2
DA:45,0
DA:57,2
DA:58,2
DA:59,0
DA:60,0
DA:61,0
DA:69,2
DA:70,0
DA:71,0
DA:72,0
DA:73,0
DA:75,0
DA:76,0
DA:79,0
DA:87,2
DA:88,0
DA:89,0
DA:92,0
DA:94,0
DA:102,2
DA:103,0
DA:111,2
DA:112,0
DA:113,0
DA:114,0
DA:116,0
DA:127,2
DA:128,0
DA:129,0
DA:144,2
DA:145,0
DA:146,0
DA:147,0
DA:148,0
DA:151,2
LF:46
LH:13
BRDA:75,0,0,0
BRDA:75,0,1,0
BRDA:75,1,0,0
BRDA:75,1,1,0
BRDA:75,1,2,0
BRDA:88,2,0,0
BRDA:88,2,1,0
BRDA:88,3,0,0
BRDA:88,3,1,0
BRDA:113,4,0,0
BRDA:113,4,1,0
BRDA:113,5,0,0
BRDA:113,5,1,0
BRDA:145,6,0,0
BRDA:145,6,1,0
BRDA:146,7,0,0
BRDA:146,7,1,0
BRF:17
BRH:0
end_of_record
TN:
SF:tests\appointment\helpers.js
FN:1,(anonymous_0)
FN:20,(anonymous_1)
FN:21,(anonymous_2)
FN:24,(anonymous_3)
FN:25,(anonymous_4)
FN:30,(anonymous_5)
FN:33,(anonymous_6)
FN:35,(anonymous_7)
FN:37,(anonymous_8)
FN:39,(anonymous_9)
FN:44,(anonymous_10)
FN:59,(anonymous_11)
FN:62,(anonymous_12)
FN:71,(anonymous_13)
FN:75,(anonymous_14)
FN:76,(anonymous_15)
FN:87,(anonymous_16)
FN:90,(anonymous_17)
FN:96,(anonymous_18)
FN:100,(anonymous_19)
FN:110,(anonymous_20)
FN:113,(anonymous_21)
FN:132,(anonymous_22)
FN:132,(anonymous_23)
FN:140,(anonymous_24)
FN:141,(anonymous_25)
FN:142,(anonymous_26)
FN:154,(anonymous_27)
FN:157,(anonymous_28)
FN:158,(anonymous_29)
FN:159,(anonymous_30)
FN:159,(anonymous_31)
FN:178,(anonymous_32)
FN:179,(anonymous_33)
FN:192,(anonymous_34)
FNF:35
FNH:29
FNDA:9,(anonymous_0)
FNDA:117,(anonymous_1)
FNDA:24,(anonymous_2)
FNDA:5,(anonymous_3)
FNDA:4,(anonymous_4)
FNDA:5,(anonymous_5)
FNDA:5,(anonymous_6)
FNDA:1,(anonymous_7)
FNDA:5,(anonymous_8)
FNDA:5,(anonymous_9)
FNDA:1,(anonymous_10)
FNDA:6,(anonymous_11)
FNDA:6,(anonymous_12)
FNDA:6,(anonymous_13)
FNDA:6,(anonymous_14)
FNDA:6,(anonymous_15)
FNDA:0,(anonymous_16)
FNDA:0,(anonymous_17)
FNDA:0,(anonymous_18)
FNDA:0,(anonymous_19)
FNDA:6,(anonymous_20)
FNDA:6,(anonymous_21)
FNDA:60,(anonymous_22)
FNDA:11,(anonymous_23)
FNDA:6,(anonymous_24)
FNDA:6,(anonymous_25)
FNDA:6,(anonymous_26)
FNDA:2,(anonymous_27)
FNDA:2,(anonymous_28)
FNDA:0,(anonymous_29)
FNDA:20,(anonymous_30)
FNDA:0,(anonymous_31)
FNDA:2,(anonymous_32)
FNDA:2,(anonymous_33)
FNDA:11,(anonymous_34)
DA:1,2
DA:2,9
DA:4,9
DA:20,9
DA:21,117
DA:24,9
DA:25,9
DA:27,9
DA:30,2
DA:31,5
DA:33,5
DA:34,5
DA:35,5
DA:37,5
DA:38,5
DA:40,5
DA:41,5
DA:45,1
DA:50,5
DA:51,5
DA:52,5
DA:53,5
DA:56,5
DA:59,2
DA:60,6
DA:62,6
DA:63,6
DA:64,6
DA:65,6
DA:71,6
DA:75,6
DA:76,6
DA:78,6
DA:79,6
DA:80,6
DA:81,6
DA:84,6
DA:87,2
DA:88,0
DA:90,0
DA:91,0
DA:92,0
DA:96,0
DA:100,0
DA:102,0
DA:103,0
DA:104,0
DA:107,0
DA:110,2
DA:111,6
DA:113,6
DA:114,6
DA:127,6
DA:132,60
DA:133,11
DA:134,11
DA:136,1
DA:140,6
DA:141,6
DA:142,6
DA:146,6
DA:147,6
DA:148,6
DA:151,6
DA:154,2
DA:155,2
DA:157,2
DA:158,2
DA:159,20
DA:161,2
DA:178,2
DA:179,2
DA:184,2
DA:185,2
DA:186,2
DA:189,2
DA:192,2
DA:193,11
DA:194,11
DA:195,11
DA:198,2
LF:81
LH:71
BRDA:1,0,0,0
BRDA:192,1,0,0
BRF:2
BRH:0
end_of_record
TN:
SF:tests\patients\helpers.js
FN:1,(anonymous_0)
FN:22,(anonymous_1)
FN:23,(anonymous_2)
FN:26,(anonymous_3)
FN:27,(anonymous_4)
FN:32,(anonymous_5)
FN:35,(anonymous_6)
FN:38,(anonymous_7)
FN:40,(anonymous_8)
FN:54,(anonymous_9)
FN:57,(anonymous_10)
FN:58,(anonymous_11)
FN:59,(anonymous_12)
FN:59,(anonymous_13)
FN:73,(anonymous_14)
FN:74,(anonymous_15)
FN:87,(anonymous_16)
FN:91,(anonymous_17)
FN:92,(anonymous_18)
FN:102,(anonymous_19)
FN:106,(anonymous_20)
FN:107,(anonymous_21)
FNF:22
FNH:20
FNDA:11,(anonymous_0)
FNDA:165,(anonymous_1)
FNDA:31,(anonymous_2)
FNDA:8,(anonymous_3)
FNDA:3,(anonymous_4)
FNDA:5,(anonymous_5)
FNDA:5,(anonymous_6)
FNDA:5,(anonymous_7)
FNDA:5,(anonymous_8)
FNDA:2,(anonymous_9)
FNDA:2,(anonymous_10)
FNDA:0,(anonymous_11)
FNDA:18,(anonymous_12)
FNDA:0,(anonymous_13)
FNDA:2,(anonymous_14)
FNDA:2,(anonymous_15)
FNDA:2,(anonymous_16)
FNDA:2,(anonymous_17)
FNDA:2,(anonymous_18)
FNDA:2,(anonymous_19)
FNDA:2,(anonymous_20)
FNDA:2,(anonymous_21)
DA:1,2
DA:2,11
DA:4,11
DA:22,11
DA:23,165
DA:26,11
DA:27,11
DA:29,11
DA:32,2
DA:33,5
DA:35,5
DA:36,5
DA:38,5
DA:39,5
DA:41,5
DA:42,5
DA:47,5
DA:48,5
DA:51,5
DA:54,2
DA:55,2
DA:57,2
DA:58,2
DA:59,18
DA:61,2
DA:73,2
DA:74,2
DA:79,2
DA:80,2
DA:81,2
DA:84,2
DA:87,2
DA:89,2
DA:91,2
DA:92,2
DA:96,2
DA:99,2
DA:102,2
DA:104,2
DA:106,2
DA:107,2
DA:111,2
DA:114,2
DA:117,2
LF:44
LH:44
BRDA:1,0,0,0
BRF:1
BRH:0
end_of_record
