TN:
SF:business-api\services\billingCalculation.service.js
FN:39,(anonymous_0)
FN:129,(anonymous_1)
FN:193,(anonymous_2)
FN:234,(anonymous_3)
FN:279,(anonymous_4)
FN:310,(anonymous_5)
FN:345,(anonymous_6)
FN:368,(anonymous_7)
FN:387,(anonymous_8)
FN:400,(anonymous_9)
FN:410,(anonymous_10)
FN:423,(anonymous_11)
FN:428,(anonymous_12)
FN:441,(anonymous_13)
FN:457,(anonymous_14)
FNF:15
FNH:15
FNDA:4,(anonymous_0)
FNDA:1,(anonymous_1)
FNDA:2,(anonymous_2)
FNDA:1,(anonymous_3)
FNDA:2,(anonymous_4)
FNDA:3,(anonymous_5)
FNDA:2,(anonymous_6)
FNDA:1,(anonymous_7)
FNDA:4,(anonymous_8)
FNDA:4,(anonymous_9)
FNDA:2,(anonymous_10)
FNDA:4,(anonymous_11)
FNDA:12,(anonymous_12)
FNDA:1,(anonymous_13)
FNDA:1,(anonymous_14)
DA:10,11
DA:11,11
DA:12,11
DA:18,11
DA:23,11
DA:41,4
DA:58,4
DA:59,0
DA:63,4
DA:70,4
DA:71,4
DA:72,2
DA:78,2
DA:81,4
DA:84,4
DA:85,4
DA:86,4
DA:87,4
DA:88,4
DA:92,4
DA:93,4
DA:96,4
DA:101,4
DA:102,4
DA:103,4
DA:105,4
DA:130,1
DA:133,1
DA:143,1
DA:146,1
DA:149,1
DA:155,1
DA:156,0
DA:161,1
DA:182,1
DA:184,1
DA:194,2
DA:197,2
DA:203,2
DA:204,0
DA:207,2
DA:208,1
DA:211,1
DA:223,1
DA:225,1
DA:235,1
DA:237,1
DA:243,1
DA:244,0
DA:247,1
DA:251,1
DA:253,1
DA:264,1
DA:266,1
DA:280,2
DA:282,2
DA:290,2
DA:291,1
DA:293,2
DA:294,1
DA:297,2
DA:299,2
DA:301,2
DA:310,2
DA:311,3
DA:312,3
DA:314,3
DA:315,3
DA:317,3
DA:318,3
DA:320,3
DA:322,1
DA:323,1
DA:325,1
DA:326,1
DA:328,1
DA:329,1
DA:333,2
DA:337,2
DA:346,2
DA:364,2
DA:368,2
DA:389,4
DA:390,2
DA:394,2
DA:401,4
DA:402,2
DA:404,2
DA:411,2
DA:413,2
DA:420,2
DA:424,4
DA:426,4
DA:428,12
DA:431,4
DA:432,10
DA:433,3
DA:438,1
DA:442,1
DA:443,1
DA:446,1
DA:447,1
DA:448,1
DA:450,1
DA:458,1
DA:459,1
DA:463,11
LF:107
LH:103
BRDA:58,0,0,0
BRDA:58,0,1,4
BRDA:58,1,0,4
BRDA:58,1,1,4
BRDA:71,2,0,2
BRDA:71,2,1,2
BRDA:85,3,0,4
BRDA:85,3,1,0
BRDA:85,4,0,4
BRDA:85,4,1,4
BRDA:96,5,0,2
BRDA:96,5,1,2
BRDA:120,6,0,4
BRDA:120,6,1,2
BRDA:155,7,0,0
BRDA:155,7,1,1
BRDA:182,8,0,0
BRDA:182,8,1,1
BRDA:203,9,0,0
BRDA:203,9,1,2
BRDA:203,10,0,2
BRDA:203,10,1,2
BRDA:207,11,0,1
BRDA:207,11,1,1
BRDA:223,12,0,0
BRDA:223,12,1,1
BRDA:243,13,0,0
BRDA:243,13,1,1
BRDA:243,14,0,1
BRDA:243,14,1,1
BRDA:251,15,0,1
BRDA:251,15,1,0
BRDA:264,16,0,0
BRDA:264,16,1,1
BRDA:279,17,0,1
BRDA:290,18,0,1
BRDA:290,18,1,1
BRDA:293,19,0,1
BRDA:293,19,1,1
BRDA:299,20,0,0
BRDA:299,20,1,2
BRDA:311,21,0,3
BRDA:311,21,1,0
BRDA:312,22,0,3
BRDA:312,22,1,0
BRDA:314,23,0,3
BRDA:314,23,1,0
BRDA:318,24,0,3
BRDA:318,24,1,0
BRDA:320,25,0,1
BRDA:320,25,1,1
BRDA:320,25,2,1
BRDA:322,26,0,1
BRDA:322,26,1,0
BRDA:325,27,0,1
BRDA:325,27,1,0
BRDA:328,28,0,1
BRDA:328,28,1,0
BRDA:333,29,0,1
BRDA:333,29,1,1
BRDA:364,30,0,0
BRDA:364,30,1,2
BRDA:368,31,0,2
BRDA:368,31,1,0
BRDA:370,32,0,1
BRDA:370,32,1,0
BRDA:372,33,0,1
BRDA:372,33,1,0
BRDA:374,34,0,1
BRDA:374,34,1,0
BRDA:375,35,0,1
BRDA:375,35,1,0
BRDA:376,36,0,1
BRDA:376,36,1,0
BRDA:389,37,0,2
BRDA:389,37,1,2
BRDA:401,38,0,2
BRDA:401,38,1,2
BRDA:411,39,0,0
BRDA:411,39,1,2
BRDA:420,40,0,2
BRDA:420,40,1,0
BRDA:424,41,0,0
BRDA:424,41,1,4
BRDA:432,42,0,3
BRDA:432,42,1,7
BRDA:459,43,0,1
BRDA:459,43,1,0
BRF:88
BRH:60
end_of_record
TN:
SF:business-api\services\validation.service.js
FN:21,(anonymous_0)
FN:131,(anonymous_1)
FN:150,(anonymous_2)
FN:163,(anonymous_3)
FN:181,(anonymous_4)
FN:193,(anonymous_5)
FN:258,(anonymous_6)
FN:285,(anonymous_7)
FN:306,(anonymous_8)
FN:317,(anonymous_9)
FN:364,(anonymous_10)
FN:374,(anonymous_11)
FN:387,(anonymous_12)
FN:426,(anonymous_13)
FN:427,(anonymous_14)
FN:440,(anonymous_15)
FN:443,(anonymous_16)
FN:447,(anonymous_17)
FN:451,(anonymous_18)
FNF:19
FNH:14
FNDA:9,(anonymous_0)
FNDA:3,(anonymous_1)
FNDA:8,(anonymous_2)
FNDA:6,(anonymous_3)
FNDA:2,(anonymous_4)
FNDA:6,(anonymous_5)
FNDA:4,(anonymous_6)
FNDA:12,(anonymous_7)
FNDA:7,(anonymous_8)
FNDA:7,(anonymous_9)
FNDA:0,(anonymous_10)
FNDA:0,(anonymous_11)
FNDA:0,(anonymous_12)
FNDA:0,(anonymous_13)
FNDA:0,(anonymous_14)
FNDA:2,(anonymous_15)
FNDA:2,(anonymous_16)
FNDA:2,(anonymous_17)
FNDA:2,(anonymous_18)
DA:10,29
DA:11,29
DA:12,29
DA:13,29
DA:22,9
DA:23,9
DA:25,9
DA:28,9
DA:29,9
DA:32,9
DA:33,1
DA:40,9
DA:41,9
DA:43,9
DA:44,1
DA:51,9
DA:52,9
DA:53,9
DA:54,9
DA:56,9
DA:57,2
DA:64,9
DA:65,9
DA:66,1
DA:73,9
DA:74,9
DA:75,1
DA:82,9
DA:86,9
DA:87,1
DA:93,9
DA:94,1
DA:101,9
DA:102,9
DA:103,8
DA:110,9
DA:111,9
DA:112,0
DA:118,9
DA:132,3
DA:141,3
DA:142,1
DA:145,2
DA:146,2
DA:149,2
DA:150,2
DA:151,8
DA:152,7
DA:154,1
DA:159,2
DA:160,2
DA:161,1
DA:163,1
DA:164,6
DA:165,6
DA:167,0
DA:175,1
DA:178,2
DA:180,2
DA:181,2
DA:194,6
DA:195,6
DA:198,6
DA:199,5
DA:200,1
DA:205,1
DA:206,1
DA:207,1
DA:208,1
DA:216,6
DA:217,6
DA:219,6
DA:220,1
DA:224,5
DA:225,1
DA:232,6
DA:233,2
DA:240,6
DA:241,1
DA:247,6
DA:259,4
DA:260,4
DA:263,4
DA:264,3
DA:265,3
DA:266,1
DA:274,4
DA:275,2
DA:276,1
DA:284,4
DA:285,4
DA:286,12
DA:287,8
DA:294,4
DA:307,7
DA:308,7
DA:311,7
DA:312,1
DA:317,6
DA:318,7
DA:319,1
DA:324,7
DA:325,1
DA:334,7
DA:335,1
DA:342,7
DA:343,1
DA:349,7
DA:350,1
DA:356,7
DA:365,0
DA:371,0
DA:376,0
DA:382,0
DA:388,0
DA:389,0
DA:392,0
DA:393,0
DA:396,0
DA:411,0
DA:426,0
DA:427,0
DA:428,0
DA:429,0
DA:430,0
DA:434,0
DA:441,2
DA:443,2
DA:444,0
DA:447,2
DA:448,0
DA:451,2
DA:452,0
DA:455,2
DA:459,29
LF:135
LH:114
BRDA:32,0,0,1
BRDA:32,0,1,8
BRDA:43,1,0,1
BRDA:43,1,1,8
BRDA:56,2,0,2
BRDA:56,2,1,7
BRDA:56,3,0,9
BRDA:56,3,1,8
BRDA:65,4,0,1
BRDA:65,4,1,8
BRDA:74,5,0,1
BRDA:74,5,1,8
BRDA:86,6,0,1
BRDA:86,6,1,8
BRDA:93,7,0,1
BRDA:93,7,1,8
BRDA:102,8,0,8
BRDA:102,8,1,1
BRDA:102,9,0,9
BRDA:102,9,1,3
BRDA:111,10,0,0
BRDA:111,10,1,9
BRDA:111,11,0,9
BRDA:111,11,1,1
BRDA:141,12,0,1
BRDA:141,12,1,2
BRDA:141,13,0,3
BRDA:141,13,1,2
BRDA:151,14,0,7
BRDA:151,14,1,1
BRDA:160,15,0,1
BRDA:160,15,1,1
BRDA:164,16,0,6
BRDA:164,16,1,0
BRDA:198,17,0,5
BRDA:198,17,1,1
BRDA:199,18,0,1
BRDA:199,18,1,4
BRDA:199,19,0,5
BRDA:199,19,1,5
BRDA:205,20,0,1
BRDA:205,20,1,0
BRDA:207,21,0,1
BRDA:207,21,1,0
BRDA:219,22,0,1
BRDA:219,22,1,5
BRDA:219,23,0,6
BRDA:219,23,1,5
BRDA:224,24,0,1
BRDA:224,24,1,4
BRDA:232,25,0,2
BRDA:232,25,1,4
BRDA:240,26,0,1
BRDA:240,26,1,5
BRDA:240,27,0,6
BRDA:240,27,1,5
BRDA:263,28,0,3
BRDA:263,28,1,1
BRDA:265,29,0,1
BRDA:265,29,1,2
BRDA:274,30,0,2
BRDA:274,30,1,2
BRDA:274,31,0,4
BRDA:274,31,1,2
BRDA:275,32,0,1
BRDA:275,32,1,1
BRDA:286,33,0,8
BRDA:286,33,1,4
BRDA:311,34,0,1
BRDA:311,34,1,6
BRDA:311,35,0,7
BRDA:311,35,1,7
BRDA:311,35,2,7
BRDA:318,36,0,1
BRDA:318,36,1,6
BRDA:324,37,0,1
BRDA:324,37,1,6
BRDA:334,38,0,1
BRDA:334,38,1,6
BRDA:334,39,0,7
BRDA:334,39,1,7
BRDA:334,39,2,7
BRDA:334,39,3,7
BRDA:342,40,0,1
BRDA:342,40,1,6
BRDA:349,41,0,1
BRDA:349,41,1,6
BRDA:371,42,0,0
BRDA:371,42,1,0
BRDA:383,43,0,0
BRDA:383,43,1,0
BRDA:383,43,2,0
BRDA:427,44,0,0
BRDA:427,44,1,0
BRDA:443,45,0,0
BRDA:443,45,1,2
BRDA:447,46,0,0
BRDA:447,46,1,2
BRDA:451,47,0,0
BRDA:451,47,1,2
BRF:100
BRH:86
end_of_record
TN:
SF:crud-api\repositories\patient.repository.js
FN:11,(anonymous_0)
FN:20,(anonymous_1)
FN:39,(anonymous_2)
FN:104,(anonymous_3)
FN:117,(anonymous_4)
FN:140,(anonymous_5)
FN:187,(anonymous_6)
FN:199,(anonymous_7)
FN:211,(anonymous_8)
FNF:9
FNH:8
FNDA:12,(anonymous_0)
FNDA:2,(anonymous_1)
FNDA:3,(anonymous_2)
FNDA:0,(anonymous_3)
FNDA:2,(anonymous_4)
FNDA:3,(anonymous_5)
FNDA:3,(anonymous_6)
FNDA:2,(anonymous_7)
FNDA:2,(anonymous_8)
DA:8,12
DA:12,12
DA:21,2
DA:27,2
DA:28,1
DA:31,1
DA:40,3
DA:84,3
DA:85,1
DA:88,2
DA:90,1
DA:91,1
DA:92,1
DA:95,1
DA:105,0
DA:118,2
DA:128,2
DA:129,1
DA:132,1
DA:141,3
DA:143,3
DA:174,3
DA:175,2
DA:178,3
DA:179,3
DA:181,3
DA:183,3
DA:184,1
DA:187,2
DA:188,3
DA:189,3
DA:190,3
DA:191,3
DA:201,2
DA:206,2
DA:207,1
DA:210,1
DA:211,2
DA:212,1
DA:214,1
DA:218,12
LF:41
LH:40
BRDA:27,0,0,1
BRDA:27,0,1,1
BRDA:27,1,0,2
BRDA:27,1,1,2
BRDA:84,2,0,1
BRDA:84,2,1,2
BRDA:84,3,0,3
BRDA:84,3,1,2
BRDA:88,4,0,1
BRDA:88,4,1,1
BRDA:104,5,0,0
BRDA:128,6,0,1
BRDA:128,6,1,1
BRDA:140,7,0,0
BRDA:174,8,0,2
BRDA:174,8,1,1
BRDA:178,9,0,3
BRDA:178,9,1,0
BRDA:179,10,0,1
BRDA:179,10,1,2
BRDA:179,11,0,1
BRDA:179,11,1,0
BRDA:183,12,0,1
BRDA:183,12,1,2
BRDA:187,13,0,2
BRDA:187,13,1,0
BRDA:206,14,0,1
BRDA:206,14,1,1
BRDA:210,15,0,1
BRDA:210,15,1,0
BRDA:211,16,0,1
BRDA:211,16,1,0
BRF:32
BRH:25
end_of_record
