TN:
SF:business-api\services\billingCalculation.service.js
FN:39,(anonymous_0)
FN:129,(anonymous_1)
FN:193,(anonymous_2)
FN:234,(anonymous_3)
FN:279,(anonymous_4)
FN:310,(anonymous_5)
FN:345,(anonymous_6)
FN:368,(anonymous_7)
FN:387,(anonymous_8)
FN:400,(anonymous_9)
FN:410,(anonymous_10)
FN:423,(anonymous_11)
FN:428,(anonymous_12)
FN:441,(anonymous_13)
FN:457,(anonymous_14)
FNF:15
FNH:8
FNDA:1,(anonymous_0)
FNDA:0,(anonymous_1)
FNDA:0,(anonymous_2)
FNDA:0,(anonymous_3)
FNDA:0,(anonymous_4)
FNDA:0,(anonymous_5)
FNDA:1,(anonymous_6)
FNDA:1,(anonymous_7)
FNDA:1,(anonymous_8)
FNDA:1,(anonymous_9)
FNDA:1,(anonymous_10)
FNDA:1,(anonymous_11)
FNDA:3,(anonymous_12)
FNDA:0,(anonymous_13)
FNDA:0,(anonymous_14)
DA:10,2
DA:11,2
DA:12,2
DA:18,2
DA:23,2
DA:41,1
DA:58,1
DA:59,0
DA:63,1
DA:70,1
DA:71,1
DA:72,1
DA:78,1
DA:81,1
DA:84,1
DA:85,1
DA:86,1
DA:87,1
DA:88,1
DA:92,1
DA:93,1
DA:96,1
DA:101,1
DA:102,1
DA:103,1
DA:105,1
DA:130,0
DA:133,0
DA:143,0
DA:146,0
DA:149,0
DA:155,0
DA:156,0
DA:161,0
DA:182,0
DA:184,0
DA:194,0
DA:197,0
DA:203,0
DA:204,0
DA:207,0
DA:208,0
DA:211,0
DA:223,0
DA:225,0
DA:235,0
DA:237,0
DA:243,0
DA:244,0
DA:247,0
DA:251,0
DA:253,0
DA:264,0
DA:266,0
DA:280,0
DA:282,0
DA:290,0
DA:291,0
DA:293,0
DA:294,0
DA:297,0
DA:299,0
DA:301,0
DA:310,0
DA:311,0
DA:312,0
DA:314,0
DA:315,0
DA:317,0
DA:318,0
DA:320,0
DA:322,0
DA:323,0
DA:325,0
DA:326,0
DA:328,0
DA:329,0
DA:333,0
DA:337,0
DA:346,1
DA:364,1
DA:368,1
DA:389,1
DA:390,1
DA:394,0
DA:401,1
DA:402,1
DA:404,0
DA:411,1
DA:413,1
DA:420,1
DA:424,1
DA:426,1
DA:428,3
DA:431,1
DA:432,2
DA:433,1
DA:438,0
DA:442,0
DA:443,0
DA:446,0
DA:447,0
DA:448,0
DA:450,0
DA:458,0
DA:459,0
DA:463,2
LF:107
LH:42
BRDA:58,0,0,0
BRDA:58,0,1,1
BRDA:58,1,0,1
BRDA:58,1,1,1
BRDA:71,2,0,1
BRDA:71,2,1,0
BRDA:85,3,0,1
BRDA:85,3,1,0
BRDA:85,4,0,1
BRDA:85,4,1,1
BRDA:96,5,0,1
BRDA:96,5,1,0
BRDA:120,6,0,1
BRDA:120,6,1,0
BRDA:155,7,0,0
BRDA:155,7,1,0
BRDA:182,8,0,0
BRDA:182,8,1,0
BRDA:203,9,0,0
BRDA:203,9,1,0
BRDA:203,10,0,0
BRDA:203,10,1,0
BRDA:207,11,0,0
BRDA:207,11,1,0
BRDA:223,12,0,0
BRDA:223,12,1,0
BRDA:243,13,0,0
BRDA:243,13,1,0
BRDA:243,14,0,0
BRDA:243,14,1,0
BRDA:251,15,0,0
BRDA:251,15,1,0
BRDA:264,16,0,0
BRDA:264,16,1,0
BRDA:279,17,0,0
BRDA:290,18,0,0
BRDA:290,18,1,0
BRDA:293,19,0,0
BRDA:293,19,1,0
BRDA:299,20,0,0
BRDA:299,20,1,0
BRDA:311,21,0,0
BRDA:311,21,1,0
BRDA:312,22,0,0
BRDA:312,22,1,0
BRDA:314,23,0,0
BRDA:314,23,1,0
BRDA:318,24,0,0
BRDA:318,24,1,0
BRDA:320,25,0,0
BRDA:320,25,1,0
BRDA:320,25,2,0
BRDA:322,26,0,0
BRDA:322,26,1,0
BRDA:325,27,0,0
BRDA:325,27,1,0
BRDA:328,28,0,0
BRDA:328,28,1,0
BRDA:333,29,0,0
BRDA:333,29,1,0
BRDA:364,30,0,0
BRDA:364,30,1,1
BRDA:368,31,0,1
BRDA:368,31,1,0
BRDA:370,32,0,1
BRDA:370,32,1,0
BRDA:372,33,0,1
BRDA:372,33,1,0
BRDA:374,34,0,1
BRDA:374,34,1,0
BRDA:375,35,0,1
BRDA:375,35,1,0
BRDA:376,36,0,1
BRDA:376,36,1,0
BRDA:389,37,0,1
BRDA:389,37,1,0
BRDA:401,38,0,1
BRDA:401,38,1,0
BRDA:411,39,0,0
BRDA:411,39,1,1
BRDA:420,40,0,1
BRDA:420,40,1,0
BRDA:424,41,0,0
BRDA:424,41,1,1
BRDA:432,42,0,1
BRDA:432,42,1,1
BRDA:459,43,0,0
BRDA:459,43,1,0
BRF:88
BRH:23
end_of_record
TN:
SF:business-api\services\validation.service.js
FN:21,(anonymous_0)
FN:131,(anonymous_1)
FN:150,(anonymous_2)
FN:163,(anonymous_3)
FN:181,(anonymous_4)
FN:193,(anonymous_5)
FN:258,(anonymous_6)
FN:285,(anonymous_7)
FN:306,(anonymous_8)
FN:317,(anonymous_9)
FN:364,(anonymous_10)
FN:374,(anonymous_11)
FN:387,(anonymous_12)
FN:426,(anonymous_13)
FN:427,(anonymous_14)
FN:440,(anonymous_15)
FN:443,(anonymous_16)
FN:447,(anonymous_17)
FN:451,(anonymous_18)
FNF:19
FNH:8
FNDA:1,(anonymous_0)
FNDA:1,(anonymous_1)
FNDA:4,(anonymous_2)
FNDA:0,(anonymous_3)
FNDA:2,(anonymous_4)
FNDA:0,(anonymous_5)
FNDA:0,(anonymous_6)
FNDA:0,(anonymous_7)
FNDA:0,(anonymous_8)
FNDA:0,(anonymous_9)
FNDA:0,(anonymous_10)
FNDA:0,(anonymous_11)
FNDA:0,(anonymous_12)
FNDA:0,(anonymous_13)
FNDA:0,(anonymous_14)
FNDA:1,(anonymous_15)
FNDA:2,(anonymous_16)
FNDA:2,(anonymous_17)
FNDA:2,(anonymous_18)
DA:10,2
DA:11,2
DA:12,2
DA:13,2
DA:22,1
DA:23,1
DA:25,1
DA:28,1
DA:29,1
DA:32,1
DA:33,1
DA:40,1
DA:41,1
DA:43,1
DA:44,0
DA:51,1
DA:52,1
DA:53,1
DA:54,1
DA:56,1
DA:57,1
DA:64,1
DA:65,1
DA:66,0
DA:73,1
DA:74,1
DA:75,0
DA:82,1
DA:86,1
DA:87,0
DA:93,1
DA:94,0
DA:101,1
DA:102,1
DA:103,1
DA:110,1
DA:111,1
DA:112,0
DA:118,1
DA:132,1
DA:141,1
DA:142,0
DA:145,1
DA:146,1
DA:149,1
DA:150,1
DA:151,4
DA:152,3
DA:154,1
DA:159,1
DA:160,1
DA:161,0
DA:163,0
DA:164,0
DA:165,0
DA:167,0
DA:175,1
DA:178,1
DA:180,1
DA:181,2
DA:194,0
DA:195,0
DA:198,0
DA:199,0
DA:200,0
DA:205,0
DA:206,0
DA:207,0
DA:208,0
DA:216,0
DA:217,0
DA:219,0
DA:220,0
DA:224,0
DA:225,0
DA:232,0
DA:233,0
DA:240,0
DA:241,0
DA:247,0
DA:259,0
DA:260,0
DA:263,0
DA:264,0
DA:265,0
DA:266,0
DA:274,0
DA:275,0
DA:276,0
DA:284,0
DA:285,0
DA:286,0
DA:287,0
DA:294,0
DA:307,0
DA:308,0
DA:311,0
DA:312,0
DA:317,0
DA:318,0
DA:319,0
DA:324,0
DA:325,0
DA:334,0
DA:335,0
DA:342,0
DA:343,0
DA:349,0
DA:350,0
DA:356,0
DA:365,0
DA:371,0
DA:376,0
DA:382,0
DA:388,0
DA:389,0
DA:392,0
DA:393,0
DA:396,0
DA:411,0
DA:426,0
DA:427,0
DA:428,0
DA:429,0
DA:430,0
DA:434,0
DA:441,1
DA:443,2
DA:444,0
DA:447,2
DA:448,0
DA:451,2
DA:452,0
DA:455,1
DA:459,2
LF:135
LH:54
BRDA:32,0,0,1
BRDA:32,0,1,0
BRDA:43,1,0,0
BRDA:43,1,1,1
BRDA:56,2,0,1
BRDA:56,2,1,0
BRDA:56,3,0,1
BRDA:56,3,1,0
BRDA:65,4,0,0
BRDA:65,4,1,1
BRDA:74,5,0,0
BRDA:74,5,1,1
BRDA:86,6,0,0
BRDA:86,6,1,1
BRDA:93,7,0,0
BRDA:93,7,1,1
BRDA:102,8,0,1
BRDA:102,8,1,0
BRDA:102,9,0,1
BRDA:102,9,1,1
BRDA:111,10,0,0
BRDA:111,10,1,1
BRDA:111,11,0,1
BRDA:111,11,1,1
BRDA:141,12,0,0
BRDA:141,12,1,1
BRDA:141,13,0,1
BRDA:141,13,1,1
BRDA:151,14,0,3
BRDA:151,14,1,1
BRDA:160,15,0,0
BRDA:160,15,1,1
BRDA:164,16,0,0
BRDA:164,16,1,0
BRDA:198,17,0,0
BRDA:198,17,1,0
BRDA:199,18,0,0
BRDA:199,18,1,0
BRDA:199,19,0,0
BRDA:199,19,1,0
BRDA:205,20,0,0
BRDA:205,20,1,0
BRDA:207,21,0,0
BRDA:207,21,1,0
BRDA:219,22,0,0
BRDA:219,22,1,0
BRDA:219,23,0,0
BRDA:219,23,1,0
BRDA:224,24,0,0
BRDA:224,24,1,0
BRDA:232,25,0,0
BRDA:232,25,1,0
BRDA:240,26,0,0
BRDA:240,26,1,0
BRDA:240,27,0,0
BRDA:240,27,1,0
BRDA:263,28,0,0
BRDA:263,28,1,0
BRDA:265,29,0,0
BRDA:265,29,1,0
BRDA:274,30,0,0
BRDA:274,30,1,0
BRDA:274,31,0,0
BRDA:274,31,1,0
BRDA:275,32,0,0
BRDA:275,32,1,0
BRDA:286,33,0,0
BRDA:286,33,1,0
BRDA:311,34,0,0
BRDA:311,34,1,0
BRDA:311,35,0,0
BRDA:311,35,1,0
BRDA:311,35,2,0
BRDA:318,36,0,0
BRDA:318,36,1,0
BRDA:324,37,0,0
BRDA:324,37,1,0
BRDA:334,38,0,0
BRDA:334,38,1,0
BRDA:334,39,0,0
BRDA:334,39,1,0
BRDA:334,39,2,0
BRDA:334,39,3,0
BRDA:342,40,0,0
BRDA:342,40,1,0
BRDA:349,41,0,0
BRDA:349,41,1,0
BRDA:371,42,0,0
BRDA:371,42,1,0
BRDA:383,43,0,0
BRDA:383,43,1,0
BRDA:383,43,2,0
BRDA:427,44,0,0
BRDA:427,44,1,0
BRDA:443,45,0,0
BRDA:443,45,1,1
BRDA:447,46,0,0
BRDA:447,46,1,1
BRDA:451,47,0,0
BRDA:451,47,1,1
BRF:100
BRH:23
end_of_record
TN:
SF:crud-api\repositories\patient.repository.js
FN:11,(anonymous_0)
FN:20,(anonymous_1)
FN:39,(anonymous_2)
FN:104,(anonymous_3)
FN:117,(anonymous_4)
FN:140,(anonymous_5)
FN:187,(anonymous_6)
FN:199,(anonymous_7)
FN:211,(anonymous_8)
FNF:9
FNH:8
FNDA:5,(anonymous_0)
FNDA:1,(anonymous_1)
FNDA:1,(anonymous_2)
FNDA:0,(anonymous_3)
FNDA:1,(anonymous_4)
FNDA:1,(anonymous_5)
FNDA:1,(anonymous_6)
FNDA:1,(anonymous_7)
FNDA:2,(anonymous_8)
DA:8,5
DA:12,5
DA:21,1
DA:27,1
DA:28,0
DA:31,1
DA:40,1
DA:84,1
DA:85,0
DA:88,1
DA:90,1
DA:91,1
DA:92,1
DA:95,0
DA:105,0
DA:118,1
DA:128,1
DA:129,0
DA:132,1
DA:141,1
DA:143,1
DA:174,1
DA:175,1
DA:178,1
DA:179,1
DA:181,1
DA:183,1
DA:184,0
DA:187,1
DA:188,1
DA:189,1
DA:190,1
DA:191,1
DA:201,1
DA:206,1
DA:207,0
DA:210,1
DA:211,2
DA:212,1
DA:214,1
DA:218,5
LF:41
LH:34
BRDA:27,0,0,0
BRDA:27,0,1,1
BRDA:27,1,0,1
BRDA:27,1,1,1
BRDA:84,2,0,0
BRDA:84,2,1,1
BRDA:84,3,0,1
BRDA:84,3,1,0
BRDA:88,4,0,1
BRDA:88,4,1,0
BRDA:104,5,0,0
BRDA:128,6,0,0
BRDA:128,6,1,1
BRDA:140,7,0,0
BRDA:174,8,0,1
BRDA:174,8,1,0
BRDA:178,9,0,1
BRDA:178,9,1,0
BRDA:179,10,0,0
BRDA:179,10,1,1
BRDA:179,11,0,0
BRDA:179,11,1,0
BRDA:183,12,0,0
BRDA:183,12,1,1
BRDA:187,13,0,1
BRDA:187,13,1,0
BRDA:206,14,0,0
BRDA:206,14,1,1
BRDA:210,15,0,1
BRDA:210,15,1,0
BRDA:211,16,0,1
BRDA:211,16,1,0
BRF:32
BRH:15
end_of_record
TN:
SF:crud-api\routes\patient.routes.js
FNF:0
FNH:0
DA:8,2
DA:9,2
DA:10,2
DA:11,2
DA:14,2
DA:21,2
DA:28,2
DA:35,2
DA:42,2
DA:49,2
DA:56,2
DA:63,2
DA:70,2
DA:77,2
DA:79,2
LF:15
LH:15
BRF:0
BRH:0
end_of_record
